 100.00   2.754450e+00   1.237178e-03
 99.99   1.912189e-01   8.132641e-03
 99.99   1.962210e+03   5.552893e+00
 100.00   7.574113e-01   -1.783469e-05
 100.00   8.723875e-01   -3.959332e-04
 99.96   1.604275e+00   -5.512438e-04
 99.96   5.882744e-01   -1.077502e-02
 100.00   2.087532e+03   9.032573e+00
 100.00   3.013127e+00   -2.267848e-02
 100.00   3.084334e+00   1.682622e-02
 100.00   4.322317e-01   6.677720e-03
 100.00   1.918168e+00   -6.706153e-04
 100.00   2.669265e+00   -1.584772e-03
 102.00   2.812256e+00   1.185932e-03
 101.97   3.006413e+00   2.422047e-03
 101.97   2.219215e+03   7.506811e+00
 102.00   1.340785e+00   -1.329190e-04
 102.00   8.400959e-01   3.827872e-04
 102.00   2.922726e+00   3.259321e-03
 102.00   2.944224e+00   1.319053e-03
 102.00   5.393639e+03   6.051279e+01
 102.00   2.077297e+00   -2.056021e-02
 102.00   2.870074e+00   1.537836e-02
 102.00   2.187966e+00   5.876568e-03
 102.00   1.903674e+00   -6.633222e-04
 102.00   2.556414e+00   -1.379856e-03
 104.00   2.861936e+00   1.137248e-03
 104.04   2.439773e+00   1.480016e-03
 103.95   1.920711e+04   5.607201e+02
 104.00   7.966353e-01   -2.408143e-04
 104.00   3.056984e+00   3.187283e-03
 104.04   3.457650e+00   3.845095e-03
 104.04   2.759774e+00   -1.474124e-02
 104.00   1.030547e+03   2.809981e+00
 104.00   2.265282e+00   -1.872753e-02
 104.00   2.020654e+00   1.406454e-02
 104.00   2.682636e+00   5.166101e-03
 104.00   1.874989e+00   -6.461217e-04
 104.00   2.437996e+00   -1.202603e-03
 106.00   2.904203e+00   1.090946e-03
 106.02   2.611321e+00   3.116068e-03
 105.93   2.834922e+03   1.242535e+01
 106.00   1.190415e+00   -9.607131e-05
 106.00   2.683404e+00   2.240304e-04
 106.08   2.013987e+00   3.648374e-03
 106.08   2.817420e+00   -2.577025e-03
 106.00   1.404120e+03   5.122521e+00
 106.00   2.980238e+00   -1.710416e-02
 106.00   1.421719e+00   1.296859e-02
 106.00   2.907513e+00   4.554084e-03
 106.00   1.835528e+00   -6.221383e-04
 106.00   2.315061e+00   -1.049224e-03
 108.00   2.939730e+00   1.046858e-03
 108.00   3.002544e+00   7.876964e-03
 107.91   2.360156e+03   8.051713e+00
 108.00   7.864196e-01   -1.770399e-05
 108.00   6.594865e-01   -3.963847e-04
 107.95   1.545308e+00   1.889353e-03
 107.95   2.053640e+00   -4.407441e-03
 108.00   3.683079e+03   3.448924e+01
 108.00   2.951500e+00   -1.565614e-02
 108.00   2.631194e+00   1.196191e-02
 108.00   3.015505e+00   4.023789e-03
 108.00   1.787693e+00   -5.936826e-04
 108.00   2.188377e+00   -9.164817e-04
 110.00   2.969146e+00   1.004830e-03
 109.98   1.158269e+00   1.655308e-03
 109.89   9.735175e+02   1.714118e+00
 110.00   1.057939e+00   -6.828901e-05
 110.00   2.783477e-01   -5.706111e-04
 109.99   3.467081e+00   9.918741e-03
 109.99   3.013417e+00   1.346764e-02
 110.00   8.297459e+03   1.869394e+02
 110.00   2.334327e+00   -1.432226e-02
 110.00   2.975623e+00   1.099274e-02
 110.00   3.056813e+00   3.563016e-03
 110.00   1.733279e+00   -5.624730e-04
 110.00   2.058658e+00   -8.016578e-04
 112.00   2.993028e+00   9.647200e-04
 111.96   2.702532e+00   1.699097e-03
 111.87   1.742405e+03   4.408675e+00
 112.00   5.442712e-01   4.198053e-05
 112.00   3.002979e+00   3.871884e-04
 112.03   1.472755e+00   9.396378e-03
 112.03   2.860045e+00   1.054308e-03
 112.00   3.124284e+03   2.939507e+01
 112.00   6.836169e-01   -1.365616e-02
 112.00   3.071642e+00   1.011463e-02
 112.00   3.055861e+00   3.161614e-03
 112.00   1.673696e+00   -5.298020e-04
 112.00   1.926734e+00   -7.024722e-04
 114.00   3.011909e+00   9.263976e-04
 114.03   3.037865e+00   1.859991e-03
 113.85   4.888056e+03   3.130469e+01
 114.00   9.412953e-01   -4.785404e-05
 114.00   2.395961e+00   5.853361e-04
 114.07   1.379384e+00   3.374236e-02
 114.07   2.843433e+00   -1.511368e-03
 114.00   1.408406e+03   6.995935e+00
 114.00   2.440322e+00   -1.199520e-02
 114.00   3.015362e+00   9.318320e-03
 114.00   3.026810e+00   2.811076e-03
 114.00   1.610111e+00   -4.966647e-04
 114.00   1.793654e+00   -6.168283e-04
 116.00   3.026272e+00   8.897427e-04
 116.01   1.548508e+00   1.009724e-03
 116.16   6.557433e+03   5.592668e+01
 116.00   3.929586e-01   -6.203124e-05
 116.00   3.386417e-01   -3.189608e-04
 115.94   1.532014e+00   2.890104e-03
 115.94   2.975115e+00   1.151466e-03
 116.00   2.392709e+03   2.151021e+01
 116.00   2.889783e+00   -1.102938e-02
 116.00   2.834191e+00   8.595151e-03
 116.00   2.978603e+00   2.504238e-03
 116.00   1.543528e+00   -4.638493e-04
 116.00   1.660705e+00   -5.424799e-04
 118.00   3.036556e+00   8.546450e-04
 117.99   1.947611e+00   2.917755e-03
 118.14   8.247557e+03   8.816754e+01
 118.00   8.386250e-01   -3.314176e-05
 118.00   1.295556e-01   -9.990679e-05
 117.98   1.995687e+00   3.840922e-03
 117.98   1.263549e+00   6.948517e-04
 118.00   4.313110e+03   7.827738e+01
 118.00   3.032758e+00   -1.015856e-02
 118.00   2.513425e+00   7.937084e-03
 118.00   2.917137e+00   2.235048e-03
 118.00   1.474838e+00   -4.319920e-04
 118.00   1.529364e+00   -4.770397e-04
 120.00   3.043160e+00   8.210034e-04
 119.97   2.967358e+00   2.737247e-03
 120.12   8.670420e+03   9.736311e+01
 120.00   3.945176e-01   -1.171639e-04
 120.00   2.844072e+00   3.163039e-04
 120.02   2.539049e+00   3.448728e-04
 120.02   2.945291e+00   -7.952197e-03
 120.00   5.570699e+02   1.996139e+00
 120.00   3.005101e+00   -9.367735e-03
 120.00   1.939060e+00   7.329896e-03
 120.00   2.846389e+00   1.998379e-03
 120.00   1.404851e+00   -4.015976e-04
 120.00   1.401189e+00   -4.185679e-04
 122.00   3.046444e+00   7.887249e-04
 122.04   3.037190e+00   6.708762e-04
 122.10   7.275217e+03   6.867556e+01
 122.00   7.482684e-01   -2.273886e-05
 122.00   2.053756e+00   4.113634e-04
 122.06   1.045035e+00   2.778910e-04
 122.06   1.378782e+00   2.795713e-04
 122.00   6.540621e+02   2.960081e+00
 122.00   2.842791e+00   -8.647887e-03
 122.00   6.195376e-01   6.808355e-03
 122.00   2.769060e+00   1.789869e-03
 122.00   1.334303e+00   -3.730358e-04
 122.00   1.277679e+00   -3.661763e-04
 124.00   3.046734e+00   7.577244e-04
 124.02   2.576041e+00   -4.781288e-04
 124.08   6.318570e+03   5.190762e+01
 124.00   4.547512e-01   -1.122621e-04
 124.00   3.477616e-01   -7.799016e-06
 123.93   3.202965e+00   6.100121e-04
 123.93   7.856487e-01   5.145420e-04
 124.00   4.476451e+02   1.905571e+00
 124.00   2.531164e+00   -7.988014e-03
 124.00   1.241089e+00   6.331878e-03
 124.00   2.686984e+00   1.605799e-03
 124.00   1.263867e+00   -3.465293e-04
 124.00   1.160146e+00   -3.198914e-04
 126.00   3.044324e+00   7.279237e-04
 126.00   2.506302e+00   1.315619e-03
 126.06   1.326417e+03   2.758391e+00
 126.00   6.687442e-01   -1.548920e-05
 126.00   2.916093e-01   -8.035897e-07
 125.97   3.183666e+00   5.446387e-04
 125.97   2.794039e+00   -1.209200e-03
 126.00   3.646454e+03   1.206636e+02
 126.00   1.943588e+00   -7.326143e-03
 126.00   2.079774e+00   5.892570e-03
 126.00   2.601400e+00   1.442990e-03
 126.00   1.194147e+00   -3.221512e-04
 126.00   1.049615e+00   -2.799131e-04
 128.00   3.039481e+00   6.992511e-04
 127.98   3.053775e+00   1.920117e-03
 128.04   5.776728e+03   4.668126e+01
 128.00   4.975069e-01   -8.143142e-05
 128.00   2.685689e+00   1.861279e-03
 128.01   1.097087e+00   1.904057e-03
 128.01   3.013868e+00   7.808848e-04
 128.00   5.724806e+02   4.473094e+00
 128.00   5.687933e-01   -6.601359e-03
 128.00   2.466234e+00   5.477221e-03
 128.00   2.513143e+00   1.298713e-03
 128.00   1.125678e+00   -2.998397e-04
 128.00   9.467778e-01   -2.460175e-04
 130.00   3.032442e+00   6.716409e-04
 129.96   2.966890e+00   1.492055e-03
 130.02   1.217279e+02   5.004638e-01
 130.00   5.987301e-01   -1.049310e-05
 130.00   1.700570e+00   8.166439e-05
 130.05   1.130703e+00   4.804213e-03
 130.05   2.804741e+00   -4.059319e-04
 130.00   9.585508e+02   1.921601e+01
 130.00   1.227703e+00   -6.532112e-03
 130.00   2.691384e+00   5.092013e-03
 130.00   2.422775e+00   1.170622e-03
 130.00   1.058918e+00   -2.794327e-04
 130.00   8.519949e-01   -2.174796e-04
 132.00   3.023426e+00   6.450330e-04
 132.03   2.727238e+00   4.221383e-04
 132.00   5.040479e+03   3.401944e+01
 132.00   5.042152e-01   -5.229012e-05
 132.00   4.431367e-02   -1.818770e-04
 131.92   3.026362e+00   1.870984e-03
 131.92   2.520034e+00   -3.228833e-04
 132.00   2.860405e+02   2.832250e+00
 132.00   2.048951e+00   -5.867335e-03
 132.00   2.836350e+00   4.738164e-03
 132.00   2.330696e+00   1.056694e-03
 132.00   9.942508e-01   -2.607111e-04
 132.00   7.653299e-01   -1.933299e-04
 134.00   3.012627e+00   6.193724e-04
 134.01   8.660398e-01   -8.940301e-04
 133.98   3.237275e+03   1.495784e+01
 134.00   5.370488e-01   -7.078101e-06
 134.00   3.639574e-01   -2.053103e-05
 133.96   2.246914e+00   8.214860e-03
 133.96   3.058667e+00   5.696752e-03
 134.00   2.339671e+02   3.680196e+00
 134.00   2.440162e+00   -5.432901e-03
 134.00   2.932425e+00   4.413111e-03
 134.00   2.237215e+00   9.551814e-04
 134.00   9.319837e-01   -2.434416e-04
 134.00   6.866076e-01   -1.726313e-04
 136.00   3.000221e+00   5.946085e-04
 135.99   3.038292e+00   1.014417e-03
 135.96   3.521797e+03   2.401661e+01
 136.00   4.854353e-01   -3.177630e-05
 136.00   2.491652e+00   1.466803e-04
 136.00   2.427478e+00   -5.899852e-04
 136.00   1.000707e+00   -2.115145e-03
 136.00   1.022282e+02   2.450525e+00
 136.00   2.670119e+00   -5.050358e-03
 136.00   2.995184e+00   4.114233e-03
 136.00   2.142610e+00   8.645710e-04
 136.00   8.723495e-01   -2.274099e-04
 136.00   6.154777e-01   -1.546278e-04
 138.00   2.986367e+00   5.706952e-04
 137.97   2.855417e+00   6.432786e-04
 137.94   8.117419e+03   1.156087e+02
 138.00   4.826574e-01   -4.757112e-06
 138.00   1.364898e+00   1.632825e-04
 138.04   2.521417e+00   -5.753073e-03
 138.04   1.207634e+00   -2.018232e-03
 138.00   1.527076e+01   2.545287e+00
 138.00   2.818479e+00   -4.701310e-03
 138.00   3.033776e+00   3.839134e-03
 138.00   2.047172e+00   7.835549e-04
 138.00   8.155121e-01   -2.124387e-04
 138.00   5.514735e-01   -1.387700e-04
 140.00   2.971211e+00   5.475905e-04
 140.04   2.637264e+00   5.541442e-04
 139.92   7.645791e+03   8.249121e+01
 140.00   4.535468e-01   -1.860574e-05
 140.00   3.996282e-01   -1.291240e-04
 140.08   1.891522e+00   2.277908e-05
 140.08   2.242125e+00   9.982110e-04
 140.00   1.989020e+00   -4.858826e-01
 140.00   2.916912e+00   -4.380980e-03
 140.00   3.054167e+00   3.585655e-03
 140.00   1.951232e+00   7.110040e-04
 140.00   7.615727e-01   -1.983938e-04
 140.00   4.940624e-01   -1.246777e-04
 142.00   2.954882e+00   5.252557e-04
 142.02   2.195674e+00   7.725906e-04
 141.90   5.875626e+03   4.745490e+01
 142.00   4.346368e-01   -3.185597e-06
 142.00   3.725750e-01   -2.209317e-05
 141.95   2.880563e+00   5.152756e-06
 141.95   2.359353e+00   -1.873829e-03
 142.00   2.300352e+00   -3.919786e-01
 142.00   2.981364e+00   -4.086394e-03
 142.00   3.060525e+00   3.351856e-03
 142.00   1.855172e+00   6.459471e-04
 142.00   7.105775e-01   -1.851810e-04
 142.00   4.426846e-01   -1.120878e-04
 144.00   2.937498e+00   5.036557e-04
 144.00   3.030706e+00   2.359575e-03
 143.88   2.413333e+03   8.316710e+00
 144.00   4.166851e-01   -1.051795e-05
 144.00   2.205089e+00   9.334048e-04
 143.99   1.480104e+00   4.633015e-06
 143.99   2.375180e+00   -1.437877e-04
 144.00   3.014279e+00   -3.394638e-01
 144.00   3.021215e+00   -3.815120e-03
 144.00   3.055897e+00   3.135989e-03
 144.00   1.759434e+00   5.875522e-04
 144.00   6.625256e-01   -1.727371e-04
 144.00   3.967809e-01   -1.008102e-04
 146.00   2.919167e+00   4.827584e-04
 145.98   2.702272e+00   9.954883e-04
 145.86   6.094770e+03   6.695351e+01
 146.00   3.921808e-01   -2.124072e-06
 146.00   1.060039e+00   1.849302e-04
 146.03   2.996398e+00   2.619386e-03
 146.03   2.793901e+00   7.865652e-04
 146.00   1.200340e+00   -2.997105e-01
 146.00   3.042578e+00   -3.565028e-03
 146.00   3.042577e+00   2.936480e-03
 146.00   1.664504e+00   5.351077e-04
 146.00   6.173777e-01   -1.610206e-04
 146.00   3.558119e-01   -9.069815e-05
 148.00   2.899986e+00   4.625345e-04
 147.96   2.461502e+00   7.142239e-04
 147.84   6.372696e+02   1.123731e+00
 148.00   3.794342e-01   -5.726590e-06
 148.00   5.118717e-01   -2.076677e-05
 148.07   2.941841e+00   8.165814e-04
 148.07   2.376942e+00   7.601589e-04
 148.00   1.733534e+00   -2.703603e-01
 148.00   3.049707e+00   -3.334220e-03
 148.00   3.022332e+00   2.751911e-03
 148.00   1.570898e+00   4.880018e-04
 148.00   5.750637e-01   -1.500025e-04
 148.00   3.192700e-01   -8.163031e-05
 150.00   2.880042e+00   4.429572e-04
 150.03   2.194238e+00   4.591720e-04
 150.15   8.165210e+01   4.888358e-01
 150.00   3.545852e-01   -1.408112e-06
 150.00   3.471820e-01   -1.433812e-05
 149.94   1.565766e+00   2.948956e-03
 149.94   2.270177e+00   4.633153e-05
 150.00   1.725304e+00   -2.447590e-01
 150.00   3.045703e+00   -3.120992e-03
 150.00   2.996540e+00   2.581001e-03
 150.00   1.479138e+00   4.457013e-04
 150.00   5.354897e-01   -1.396603e-04
 150.00   2.866851e-01   -7.350115e-05
 152.00   2.859416e+00   4.240022e-04
 152.01   1.161149e+00   2.300708e-04
 152.13   2.140691e+03   6.653832e+00
 152.00   3.441200e-01   -2.984358e-06
 152.00   1.995786e+00   7.074353e-05
 151.98   2.303221e+00   4.035591e-03
 151.98   2.837060e+00   4.253641e-03
 152.00   4.601380e-01   -2.234556e-01
 152.00   3.032895e+00   -2.923811e-03
 152.00   2.966290e+00   2.422592e-03
 152.00   1.389728e+00   4.077304e-04
 152.00   4.985447e-01   -1.299727e-04
 152.00   2.576282e-01   -6.621609e-05
 154.00   2.838181e+00   4.056472e-04
 153.99   2.567498e+00   6.720803e-04
 154.11   6.117301e+02   1.014277e+00
 154.00   3.212363e-01   -9.257680e-07
 154.00   8.045850e-01   1.250409e-04
 154.02   3.025998e+00   -3.741771e-03
 154.02   2.983645e+00   -4.877539e-03
 154.00   2.984336e+00   -2.059579e-01
 154.00   3.013071e+00   -2.741294e-03
 154.00   2.932447e+00   2.275637e-03
 154.00   1.303131e+00   3.736534e-04
 154.00   4.641057e-01   -1.209176e-04
 154.00   2.317108e-01   -5.968926e-05
 156.00   2.816404e+00   3.878719e-04
 155.97   2.251443e+00   4.036236e-04
 156.09   1.762129e+03   4.652085e+00
 156.00   3.117448e-01   -1.467523e-06
 156.00   4.625539e-01   -1.956959e-06
 156.06   1.623791e+00   -3.196585e-04
 156.06   9.933311e-02   3.337213e-06
 156.00   2.088150e+00   -1.900618e-01
 156.00   2.987625e+00   -2.572192e-03
 156.00   2.895703e+00   2.139185e-03
 156.00   1.219747e+00   3.430629e-04
 156.00   4.320425e-01   -1.124706e-04
 156.00   2.085841e-01   -5.384243e-05
 158.00   2.794146e+00   3.706578e-04
 158.04   2.024828e+00   4.468336e-04
 158.07   7.523902e+02   7.117766e+00
 158.00   2.916009e-01   -6.012163e-07
 158.00   3.071290e-01   -7.432642e-06
 157.93   7.685806e-01   1.393190e-05
 157.93   1.239253e-01   -5.362052e-07
 158.00   1.608600e+00   -1.755846e-01
 158.00   2.957656e+00   -2.415373e-03
 158.00   2.856611e+00   2.012377e-03
 158.00   1.139903e+00   3.155742e-04
 158.00   4.022214e-01   -1.046050e-04
 158.00   1.879359e-01   -4.860444e-05
 160.00   2.771461e+00   3.539878e-04
 160.02   1.679498e+00   1.754323e-04
 160.05   7.588312e+03   7.886119e+01
 160.00   2.825831e-01   -6.576477e-07
 160.00   1.838654e+00   4.061887e-04
 159.97   1.596980e+00   6.427056e-05
 159.97   1.002765e+00   1.572062e-04
 160.00   2.710023e+00   -1.629382e-01
 160.00   2.924037e+00   -2.269812e-03
 160.00   2.815615e+00   1.894429e-03
 160.00   1.063845e+00   2.908261e-04
 160.00   3.745078e-01   -9.729181e-05
 160.00   1.694886e-01   -4.391086e-05
 162.00   2.748401e+00   3.378463e-04
 162.00   2.647373e+00   3.685434e-04
 162.03   3.181857e+03   2.003947e+01
 162.00   2.652158e-01   -3.832446e-07
 162.00   6.043842e-01   6.776808e-05
 162.01   2.932585e+00   1.550117e-03
 162.01   2.574664e+00   7.578942e-04
 162.00   2.870352e+00   -1.510425e-01
 162.00   2.887463e+00   -2.134581e-03
 162.00   2.773071e+00   1.784632e-03
 162.00   9.917361e-01   2.684845e-04
 162.00   3.487691e-01   -9.050087e-05
 162.00   1.529953e-01   -3.970351e-05
 164.00   2.725012e+00   3.222191e-04
 163.98   2.034695e+00   3.202129e-04
 164.01   7.165951e+03   6.968416e+01
 164.00   2.565413e-01   -2.424170e-07
 164.00   3.871170e-01   1.608526e-06
 164.05   2.922456e+00   1.379583e-03
 164.05   2.477560e+00   1.918636e-04
 164.00   1.027488e+00   -1.406518e-01
 164.00   2.848493e+00   -2.008834e-03
 164.00   2.729263e+00   1.682339e-03
 164.00   9.236615e-01   2.482471e-04
 164.00   3.248759e-01   -8.420113e-05
 164.00   1.382372e-01   -3.593016e-05
 166.00   2.701338e+00   3.070930e-04
 165.96   1.799802e+00   3.406431e-04
 165.99   2.371602e+03   8.147804e+00
 166.00   2.416793e-01   -2.373002e-07
 166.00   2.632132e-01   -3.280232e-06
 165.92   2.963677e+00   1.016554e-03
 165.92   1.675937e+00   1.013843e-04
 166.00   2.716919e+00   -1.311259e-01
 166.00   2.807573e+00   -1.891805e-03
 166.00   2.684421e+00   1.586959e-03
 166.00   8.596372e-01   2.298471e-04
 166.00   3.027033e-01   -7.836146e-05
 166.00   1.250205e-01   -3.254400e-05
 168.00   2.677416e+00   2.924557e-04
 168.03   1.578669e+00   2.141275e-04
 167.97   2.097239e+03   6.645282e+00
 168.00   2.333636e-01   -4.066760e-08
 168.00   1.364059e+00   3.040582e-04
 167.96   2.921532e+00   6.104947e-03
 167.96   1.995430e+00   1.017844e-04
 168.00   2.943642e+00   -1.228045e-01
 168.00   2.765063e+00   -1.782792e-03
 168.00   2.638727e+00   1.497956e-03
 168.00   7.996188e-01   2.130542e-04
 168.00   2.821321e-01   -7.295115e-05
 168.00   1.131740e-01   -2.950322e-05
 170.00   2.653284e+00   2.782958e-04
 170.01   1.018902e+00   1.836773e-04
 169.95   4.094821e+03   5.954006e+01
 170.00   2.206431e-01   -1.400631e-07
 170.00   4.530322e-01   3.322436e-05
 170.00   1.060162e+00   -1.042079e-04
 170.00   3.178438e-01   2.433599e-04
 170.00   2.635138e+00   -1.150854e-01
 170.00   2.721252e+00   -1.681158e-03
 170.00   2.592327e+00   1.414839e-03
 170.00   7.435134e-01   1.976737e-04
 170.00   2.630487e-01   -6.794036e-05
 170.00   1.025460e-01   -2.677057e-05
 172.00   2.628974e+00   2.646029e-04
 171.99   1.873365e+00   3.412539e-04
 171.93   6.410200e+02   6.896250e+00
 172.00   2.127413e-01   4.934618e-08
 172.00   3.136062e-01   2.081795e-06
 172.04   2.779015e+00   -1.812163e-03
 172.04   5.653360e-01   1.463228e-04
 172.00   2.285195e+00   -1.079085e-01
 172.00   2.676370e+00   -1.586320e-03
 172.00   2.545338e+00   1.337159e-03
 172.00   6.911896e-01   1.835427e-04
 172.00   2.453463e-01   -6.330041e-05
 172.00   9.300246e-02   -2.431286e-05
 174.00   2.604518e+00   2.513668e-04
 173.97   1.558187e+00   2.373615e-04
 173.91   1.513030e+03   4.977536e+00
 174.00   2.018047e-01   -7.577672e-08
 174.00   2.210538e-01   -1.210360e-06
 174.08   6.321320e-01   -6.567554e-04
 174.08   1.334116e-01   1.541489e-06
 174.00   2.371620e+00   -1.012610e-01
 174.00   2.630603e+00   -1.497745e-03
 174.00   2.497853e+00   1.264505e-03
 174.00   6.424882e-01   1.705264e-04
 174.00   2.289242e-01   -5.900404e-05
 174.00   8.442478e-02   -2.210061e-05
 176.00   2.579943e+00   2.385782e-04
 176.04   1.377494e+00   2.148476e-04
 175.89   1.940074e+03   6.180965e+00
 176.00   1.943675e-01   8.313341e-08
 176.00   1.167285e+00   4.165504e-05
 175.95   6.365871e-01   4.349183e-07
 175.95   2.020329e-01   -4.830911e-05
 176.00   2.731656e+00   -9.507976e-02
 176.00   2.584100e+00   -1.414943e-03
 176.00   2.449949e+00   1.196502e-03
 176.00   5.972310e-01   1.585126e-04
 176.00   2.136880e-01   -5.502552e-05
 176.00   7.670807e-02   -2.010760e-05
 178.00   2.555276e+00   2.262280e-04
 178.02   1.164246e+00   2.376269e-04
 177.87   7.416253e+03   7.865165e+01
 178.00   1.849016e-01   -3.377625e-08
 178.00   3.404269e-01   1.551617e-05
 177.99   8.643722e-02   -2.340440e-04
 177.99   1.347319e+00   -5.002010e-04
 178.00   2.958594e+00   -8.931453e-02
 178.00   2.536981e+00   -1.337466e-03
 178.00   2.401690e+00   1.132805e-03
 178.00   5.552280e-01   1.474077e-04
 178.00   1.995499e-01   -5.134070e-05
 178.00   6.975946e-02   -1.831054e-05
 180.00   2.530541e+00   2.143076e-04
 180.00   2.057880e+00   5.773851e-04
 179.85   2.803985e+00   1.257615e-03
 180.00   1.779601e-01   9.012229e-08
 180.00   2.497634e-01   1.699790e-06
 180.03   2.224929e+00   2.510357e-04
 180.03   1.439055e+00   1.103235e-04
 180.00   2.821407e+00   -8.393918e-02
 180.00   2.489345e+00   -1.264902e-03
 180.00   2.353127e+00   1.073097e-03
 180.00   5.162841e-01   1.371321e-04
 180.00   1.864279e-01   -4.792705e-05
 180.00   6.349671e-02   -1.668873e-05
 182.00   2.505760e+00   2.028088e-04
 181.98   1.332055e+00   1.872987e-04
 182.16   2.161688e+00   -4.480403e-02
 182.00   1.697058e-01   -6.829906e-09
 182.00   1.832437e-01   -3.193004e-07
 182.07   2.385333e+00   8.189487e-04
 182.07   1.154318e+00   2.148731e-04
 182.00   1.447876e+00   -7.892097e-02
 182.00   2.441270e+00   -1.196870e-03
 182.00   2.304307e+00   1.017089e-03
 182.00   4.802034e-01   1.276175e-04
 182.00   1.742459e-01   -4.476363e-05
 182.00   5.784691e-02   -1.522377e-05
 184.00   2.480955e+00   1.917233e-04
 183.96   1.164907e+00   1.943268e-04
 184.14   2.639660e+02   5.830194e-01
 184.00   1.632705e-01   8.542132e-08
 184.00   1.085484e+00   2.951974e-05
 183.94   2.680745e+00   2.281726e-04
 183.94   1.234707e+00   2.658594e-04
 184.00   2.685978e+00   -7.489230e-02
 184.00   2.392823e+00   -1.133020e-03
 184.00   2.255274e+00   9.645120e-04
 184.00   4.467931e-01   1.188037e-04
 184.00   1.629332e-01   -4.183101e-05
 184.00   5.274543e-02   -1.389934e-05
 186.00   2.456144e+00   1.810433e-04
 186.03   1.026209e+00   1.826878e-04
 186.12   7.116430e+02   1.244983e+00
 186.00   1.560189e-01   9.975132e-09
 186.00   2.571455e-01   7.086995e-06
 185.98   2.995672e+00   2.821672e-03
 185.98   2.395487e+00   4.859451e-05
 186.00   2.868754e+00   -7.048835e-02
 186.00   2.344061e+00   -1.073031e-03
 186.00   2.206067e+00   9.151223e-04
 186.00   4.158665e-01   1.106372e-04
 186.00   1.524246e-01   -3.911127e-05
 186.00   4.813484e-02   -1.270088e-05
 188.00   2.431346e+00   1.707608e-04
 188.01   7.556830e-01   6.749630e-05
 188.10   1.158406e+03   2.661465e+00
 188.00   1.500829e-01   7.647548e-08
 188.00   1.973638e-01   1.157865e-06
 188.02   3.043082e+00   -1.758499e-04
 188.02   1.652229e+00   7.548537e-05
 188.00   8.567337e-01   -6.666865e-02
 188.00   2.295035e+00   -1.016602e-03
 188.00   2.156727e+00   8.686938e-04
 188.00   3.872444e-01   1.030695e-04
 188.00   1.426594e-01   -3.658782e-05
 188.00   4.396420e-02   -1.161545e-05
 190.00   2.406577e+00   1.608681e-04
 189.99   1.167985e+00   1.556280e-04
 190.08   7.530143e+03   7.958769e+01
 190.00   1.436678e-01   1.998115e-08
 190.00   1.506687e-01   4.190678e-09
 190.06   1.330324e+00   -8.776922e-05
 190.06   1.454759e-01   9.898881e-06
 190.00   2.980743e+00   -6.307688e-02
 190.00   2.245791e+00   -9.634590e-04
 190.00   2.107295e+00   8.250188e-04
 190.00   3.607567e-01   9.605624e-05
 190.00   1.335817e-01   -3.424542e-05
 190.00   4.018816e-02   -1.063153e-05
 192.00   2.381853e+00   1.513575e-04
 191.97   9.637876e-01   1.573627e-04
 192.06   6.318456e+02   1.088269e+00
 192.00   1.382124e-01   6.673982e-08
 192.00   9.860534e-01   7.279227e-05
 191.93   3.045359e-01   -2.786763e-05
 191.93   3.226911e-02   5.900073e-09
 192.00   2.288944e-01   -5.945900e-02
 192.00   2.196374e+00   -9.133482e-04
 192.00   2.057815e+00   7.839065e-04
 192.00   3.362428e-01   8.955638e-05
 192.00   1.251400e-01   -3.207002e-05
 192.00   3.676640e-02   -9.738857e-06
 194.00   2.357189e+00   1.422213e-04
 194.04   8.571327e-01   1.321096e-04
 194.04   7.311553e+02   1.653313e+00
 194.00   1.325019e-01   2.546386e-08
 194.00   1.955872e-01   3.215989e-06
 193.97   2.844176e-01   1.212740e-08
 193.97   1.253754e-01   -1.111266e-05
 194.00   2.979918e+00   -5.654926e-02
 194.00   2.146829e+00   -8.660360e-04
 194.00   2.008331e+00   7.451813e-04
 194.00   3.135524e-01   8.353201e-05
 194.00   1.172865e-01   -3.004870e-05
 194.00   3.366297e-02   -8.928268e-06
 196.00   2.332598e+00   1.334516e-04
 196.02   7.468006e-01   9.225773e-05
 196.02   4.013659e+03   2.884174e+01
 196.00   1.275002e-01   5.766055e-08
 196.00   1.556790e-01   7.112683e-07
 196.01   1.554166e+00   3.164985e-05
 196.01   1.276434e+00   1.041134e-04
 196.00   1.523497e+00   -5.376113e-02
 196.00   2.097199e+00   -8.213082e-04
 196.00   1.958895e+00   7.086821e-04
 196.00   2.925450e-01   7.794784e-05
 196.00   1.099772e-01   -2.816959e-05
 196.00   3.084587e-02   -8.191591e-06
 198.00   2.308092e+00   1.250406e-04
 198.00   1.476497e+00   4.032957e-04
 198.00   5.362027e+02   1.283183e+00
 198.00   1.223892e-01   2.797268e-08
 198.00   1.233062e-01   8.929346e-08
 198.05   1.495571e+00   1.031749e-04
 198.05   7.436566e-01   1.731344e-04
 198.00   2.826190e+00   -5.078665e-02
 198.00   2.047532e+00   -7.789694e-04
 198.00   1.909557e+00   6.742607e-04
 198.00   2.730901e-01   7.277103e-05
 198.00   1.031716e-01   -2.642178e-05
 198.00   2.828652e-02   -7.521525e-06
 200.00   2.283684e+00   1.169804e-04
 199.98   7.936790e-01   1.177184e-04
 199.98   1.476336e+03   9.018497e+00
 200.00   1.178103e-01   4.971796e-08
 200.00   8.071370e-01   1.477508e-04
 199.92   1.828690e+00   2.367609e-05
 199.92   7.164497e-01   1.600494e-04
 200.00   2.766763e+00   -4.837911e-02
 200.00   1.997878e+00   -7.388424e-04
 200.00   1.860373e+00   6.417811e-04
 200.00   2.550666e-01   6.797103e-05
 200.00   9.683216e-02   -2.479523e-05
 200.00   2.595939e-02   -6.911539e-06
 202.00   2.259384e+00   1.092631e-04
 201.96   7.037612e-01   8.964752e-05
 201.96   6.597619e+02   5.167884e+00
 202.00   1.132145e-01   2.856116e-08
 202.00   1.499635e-01   1.464709e-06
 201.96   2.496060e+00   5.558007e-05
 201.96   9.958321e-01   2.831371e-04
 202.00   1.632895e+00   -4.568518e-02
 202.00   1.948289e+00   -7.007673e-04
 202.00   1.811401e+00   6.111185e-04
 202.00   2.383627e-01   6.351942e-05
 202.00   9.092440e-02   -2.328074e-05
 202.00   2.384169e-02   -6.355793e-06
 204.00   2.235203e+00   1.018805e-04
 204.03   6.318394e-01   6.540753e-05
 203.94   1.769700e+03   5.318852e+00
 204.00   1.090257e-01   4.296030e-08
 204.00   1.230419e-01   4.105050e-07
 204.00   4.242584e-01   -3.376743e-05
 204.00   6.455097e-02   -6.065868e-05
 204.00   2.963959e+00   -4.356068e-02
 204.00   1.898819e+00   -6.646018e-04
 204.00   1.762703e+00   5.821587e-04
 204.00   2.228751e-01   5.938981e-05
 204.00   8.541650e-02   -2.186983e-05
 204.00   2.191300e-02   -5.849056e-06
 206.00   2.211150e+00   9.482458e-05
 206.01   5.138750e-01   2.382657e-05
 205.92   3.613590e+00   5.886362e-03
 206.00   1.048764e-01   2.794376e-08
 206.00   1.006962e-01   8.943266e-08
 206.04   1.805078e+00   -3.058492e-04
 206.04   3.869816e-01   1.525771e-05
 206.00   2.694131e+00   -4.154925e-02
 206.00   1.849528e+00   -6.302197e-04
 206.00   1.714341e+00   5.547963e-04
 206.00   2.085087e-01   5.555771e-05
 206.00   8.027908e-02   -2.055474e-05
 206.00   2.015505e-02   -5.386639e-06
 208.00   2.187235e+00   8.808705e-05
 207.99   6.714203e-01   9.082291e-05
 207.90   2.086056e+00   -3.994292e-03
 208.00   1.010451e-01   3.726677e-08
 208.00   5.382004e-01   1.650490e-04
 208.08   6.081800e-01   -1.887999e-04
 208.08   4.960567e-02   7.451609e-07
 208.00   1.182956e+00   -3.928114e-02
 208.00   1.800474e+00   -5.975109e-04
 208.00   1.666378e+00   5.289350e-04
 208.00   1.951758e-01   5.200044e-05
 208.00   7.548509e-02   -1.932831e-05
 208.00   1.855148e-02   -4.964333e-06
 210.00   2.163464e+00   8.165960e-05
 209.97   5.715275e-01   5.703618e-05
 209.88   7.684592e+02   1.692979e+00
 210.00   9.728608e-02   2.660234e-08
 210.00   1.159858e-01   6.740842e-07
 209.95   8.913523e-02   3.856115e-06
 209.95   4.911183e-03   -2.459713e-08
 210.00   2.851136e+00   -3.750157e-02
 210.00   1.751722e+00   -5.663801e-04
 210.00   1.618878e+00   5.044857e-04
 210.00   1.827959e-01   4.869701e-05
 210.00   7.100954e-02   -1.818396e-05
 210.00   1.708758e-02   -4.578363e-06
 212.00   2.139847e+00   7.553381e-05
 212.04   5.183324e-01   4.149951e-05
 211.86   1.812535e+03   7.784216e+00
 212.00   9.378097e-02   3.247013e-08
 212.00   9.765376e-02   2.283795e-07
 211.99   2.819695e-02   -1.721246e-05
 211.99   3.330421e-01   -7.439036e-05
 212.00   2.965473e+00   -3.581427e-02
 212.00   1.703333e+00   -5.367456e-04
 212.00   1.571905e+00   4.813665e-04
 212.00   1.712949e-01   4.562802e-05
 212.00   6.682937e-02   -1.711564e-05
 212.00   1.575017e-02   -4.225332e-06
 214.00   2.116389e+00   6.970124e-05
 214.02   4.663432e-01   2.746268e-05
 213.84   2.679512e+03   1.117943e+01
 214.00   9.036532e-02   2.485957e-08
 214.00   8.220996e-02   6.747838e-08
 214.03   7.728732e-01   1.276744e-04
 214.03   4.310039e-01   7.279317e-05
 214.00   2.201033e+00   -3.421273e-02
 214.00   1.655372e+00   -5.085381e-04
 214.00   1.525520e+00   4.595013e-04
 214.00   1.606047e-01   4.277558e-05
 214.00   6.292334e-02   -1.611778e-05
 214.00   1.452741e-02   -3.902187e-06
 216.00   2.093099e+00   6.415336e-05
 216.00   1.012978e+00   7.755000e-05
 216.15   3.271327e+03   1.931795e+01
 216.00   8.715679e-02   2.840883e-08
 216.00   3.050503e-01   9.829295e-05
 216.07   1.020766e+00   1.930249e-04
 216.07   3.945276e-01   4.396428e-05
 216.00   1.758566e+00   -3.239656e-02
 216.00   1.607904e+00   -4.816988e-04
 216.00   1.479783e+00   4.388192e-04
 216.00   1.506630e-01   4.012315e-05
 216.00   5.927181e-02   -1.518526e-05
 216.00   1.340864e-02   -3.606181e-06
 218.00   2.069981e+00   5.888161e-05
 217.98   4.653966e-01   3.559705e-05
 218.13   1.841297e+02   7.309957e-01
 218.00   8.404512e-02   2.292876e-08
 218.00   9.052111e-02   3.149053e-07
 217.94   1.434601e+00   1.195403e-04
 217.94   4.937654e-01   6.542875e-05
 218.00   2.829729e+00   -3.097740e-02
 218.00   1.560990e+00   -4.561779e-04
 218.00   1.434752e+00   4.192541e-04
 218.00   1.414122e-01   3.765552e-05
 218.00   5.585664e-02   -1.431336e-05
 218.00   1.238426e-02   -3.334837e-06
 220.00   2.047042e+00   5.387740e-05
 219.96   4.229883e-01   2.519849e-05
 220.11   2.162267e+03   1.379862e+01
 220.00   8.110577e-02   2.494533e-08
 220.00   7.792267e-02   1.245589e-07
 219.98   3.058448e+00   3.103705e-03
 219.98   1.107260e+00   2.731537e-04
 220.00   3.011879e+00   -2.962946e-02
 220.00   1.514694e+00   -4.319327e-04
 220.00   1.390481e+00   4.007438e-04
 220.00   1.327996e-01   3.535867e-05
 220.00   5.266111e-02   -1.349772e-05
 220.00   1.144564e-02   -3.085921e-06
 222.00   2.024287e+00   4.913212e-05
 222.03   3.879342e-01   1.822291e-05
 222.09   1.856560e+00   7.286187e-02
 222.00   7.826454e-02   2.094857e-08
 222.00   6.719381e-02   4.539321e-08
 222.02   3.016787e+00   -1.127971e-03
 222.02   8.151179e-01   -2.140210e-04
 222.00   2.748525e+00   -2.835052e-02
 222.00   1.469073e+00   -4.089254e-04
 222.00   1.347018e+00   3.832295e-04
 222.00   1.247769e-01   3.321967e-05
 222.00   4.966975e-02   -1.273434e-05
 222.00   1.058498e-02   -2.857418e-06
 224.00   2.001720e+00   4.463718e-05
 224.01   3.378539e-01   8.596837e-06
 224.07   7.179810e+02   4.095458e+00
 224.00   7.556925e-02   2.196891e-08
 224.00   1.734632e-01   4.608939e-05
 224.06   7.870515e-01   -2.813345e-04
 224.06   1.363552e-01   1.628487e-06
 224.00   1.546975e+00   -2.711459e-02
 224.00   1.424183e+00   -3.871219e-04
 224.00   1.304409e+00   3.666556e-04
 224.00   1.172996e-01   3.122663e-05
 224.00   4.686825e-02   -1.201951e-05
 224.00   9.795271e-03   -2.647508e-06
 226.00   1.979346e+00   4.038400e-05
 225.99   3.873283e-01   2.410724e-05
 226.05   3.509070e+02   8.477848e-01
 226.00   7.296966e-02   1.900657e-08
 226.00   7.129603e-02   1.497848e-07
 225.93   2.930789e-01   -1.988779e-05
 225.93   2.603754e-02   9.507759e-08
 226.00   1.847110e+00   -2.573859e-02
 226.00   1.380076e+00   -3.664898e-04
 226.00   1.262694e+00   3.509691e-04
 226.00   1.103267e-01   2.936862e-05
 226.00   4.424340e-02   -1.134982e-05
 226.00   9.070148e-03   -2.454546e-06
 228.00   1.957170e+00   3.636402e-05
 227.97   3.438712e-01   1.472062e-05
 228.03   2.957048e+00   -6.048907e-02
 228.00   7.049557e-02   1.939295e-08
 228.00   6.255359e-02   6.735880e-08
 227.97   3.231179e-02   -7.631526e-08
 227.97   1.111040e-02   -2.374031e-08
 228.00   2.728408e+00   -2.465610e-02
 228.00   1.336800e+00   -3.469970e-04
 228.00   1.221909e+00   3.361195e-04
 228.00   1.038207e-01   2.763555e-05
 228.00   4.178297e-02   -1.072211e-05
 228.00   8.403891e-03   -2.277044e-06
 230.00   1.935194e+00   3.256877e-05
 230.04   3.178447e-01   1.092452e-05
 230.01   9.772516e+02   6.866009e+00
 230.00   6.811267e-02   1.715576e-08
 230.00   5.504077e-02   2.878237e-08
 230.01   3.862176e-01   3.210818e-05
 230.01   3.404044e-01   5.652842e-05
 230.00   2.994527e+00   -2.362582e-02
 230.00   1.294398e+00   -3.286108e-04
 230.00   1.182083e+00   3.220586e-04
 230.00   9.774712e-02   2.601817e-05
 230.00   3.947566e-02   -1.013348e-05
 230.00   7.791300e-03   -2.113655e-06
 232.00   1.913422e+00   2.898981e-05
 232.02   2.931449e-01   7.744665e-06
 231.99   8.590213e+02   7.343706e+00
 232.00   6.583908e-02   1.715014e-08
 232.00   1.064156e-01   2.129974e-05
 232.05   4.609663e-01   3.701758e-05
 232.05   2.093469e-01   1.017501e-05
 232.00   2.992767e+00   -2.264633e-02
 232.00   1.252907e+00   -3.112971e-04
 232.00   1.143241e+00   3.087401e-04
 232.00   9.207407e-02   2.450792e-05
 232.00   3.731099e-02   -9.581235e-06
 232.00   7.227684e-03   -1.963156e-06
 234.00   1.891857e+00   2.561882e-05
 234.00   6.357606e-01   1.160118e-04
 233.97   3.124014e+00   1.313743e-01
 234.00   6.365112e-02   1.542587e-08
 234.00   5.666495e-02   7.268317e-08
 233.92   6.914684e-01   1.105272e-04
 233.92   2.455984e-01   1.204863e-05
 234.00   2.757799e+00   -2.171471e-02
 234.00   1.212361e+00   -2.950194e-04
 234.00   1.105403e+00   2.961203e-04
 234.00   8.677236e-02   2.309697e-05
 234.00   3.527926e-02   -9.062876e-06
 234.00   6.708796e-03   -1.824444e-06
 236.00   1.870502e+00   2.244754e-05
 235.98   2.810345e-01   8.636140e-06
 235.95   1.350679e+03   3.956159e+01
 236.00   6.155936e-02   1.518799e-08
 236.00   5.053366e-02   3.639779e-08
 235.96   1.251191e+00   1.741495e-04
 235.96   4.041455e-01   3.878749e-05
 236.00   2.132855e+00   -2.082602e-02
 236.00   1.172788e+00   -2.797393e-04
 236.00   1.068582e+00   2.841570e-04
 236.00   8.181506e-02   2.177806e-05
 236.00   3.337149e-02   -8.576106e-06
 236.00   6.230776e-03   -1.696511e-06
 238.00   1.849359e+00   1.946786e-05
 237.96   2.607059e-01   6.389199e-06
 237.93   1.421012e+03   5.319015e+00
 238.00   5.954722e-02   1.383107e-08
 238.00   4.521976e-02   1.765660e-08
 238.00   1.736751e-01   1.057448e-05
 238.00   2.638599e-02   -6.177584e-07
 238.00   4.991073e-02   -1.980071e-02
 238.00   1.134210e+00   -2.654158e-04
 238.00   1.032790e+00   2.728105e-04
 238.00   7.717736e-02   2.054455e-05
 238.00   3.157935e-02   -8.118790e-06
 238.00   5.790129e-03   -1.578448e-06
 240.00   1.828430e+00   1.667178e-05
 240.03   2.430907e-01   4.862534e-06
 239.91   3.201652e+00   2.231729e-02
 240.00   5.762049e-02   1.346499e-08
 240.00   7.065004e-02   1.020786e-05
 240.04   9.295374e-01   -3.014693e-04
 240.04   2.167616e-01   -8.584063e-07
 240.00   2.041540e+00   -1.899842e-02
 240.00   1.096643e+00   -2.520059e-04
 240.00   9.980307e-01   2.620429e-04
 240.00   7.283643e-02   1.939027e-05
 240.00   2.989512e-02   -7.688955e-06
 240.00   5.383679e-03   -1.469424e-06
 242.00   1.807717e+00   1.405145e-05
 242.01   2.209666e-01   2.912762e-06
 241.89   7.846760e+02   1.209020e+01
 242.00   5.576732e-02   1.237550e-08
 242.00   4.543584e-02   3.602490e-08
 242.08   3.433901e-01   -3.198760e-05
 242.08   5.748167e-02   1.619019e-07
 242.00   2.645329e+00   -1.824173e-02
 242.00   1.060102e+00   -2.394649e-04
 242.00   9.643050e-01   2.518184e-04
 242.00   6.877118e-02   1.830959e-05
 242.00   2.831166e-02   -7.284771e-06
 242.00   5.008541e-03   -1.368687e-06
 244.00   1.787222e+00   1.159917e-05
 243.99   2.333424e-01   5.465149e-06
 243.87   1.113511e+02   5.242455e-01
 244.00   5.399049e-02   1.194793e-08
 244.00   4.108529e-02   1.975751e-08
 243.95   1.267550e-01   -1.952609e-06
 243.95   1.314299e-02   9.829519e-09
 244.00   2.911646e+00   -1.751990e-02
 244.00   1.024593e+00   -2.277467e-04
 244.00   9.316100e-01   2.421033e-04
 244.00   6.496218e-02   1.729727e-05
 244.00   2.682228e-02   -6.904537e-06
 244.00   4.662103e-03   -1.275551e-06
 246.00   1.766946e+00   9.307391e-06
 245.97   2.138004e-01   3.664839e-06
 245.85   1.387479e+00   -3.529379e-02
 246.00   5.228136e-02   1.105677e-08
 246.00   3.728256e-02   1.063383e-08
 245.99   3.272810e-02   -1.302000e-06
 245.99   5.795207e-02   -7.678428e-07
 246.00   3.019560e+00   -1.683181e-02
 246.00   9.901199e-01   -2.168046e-04
 246.00   8.999389e-01   2.328658e-04
 246.00   6.139150e-02   1.634849e-05
 246.00   2.542086e-02   -6.546684e-06
 246.00   4.341964e-03   -1.189390e-06
 248.00   1.746890e+00   7.168751e-06
 248.04   2.004318e-01   2.859332e-06
 248.16   3.327172e+00   -1.541731e-02
 248.00   5.064085e-02   1.060958e-08
 248.00   5.005190e-02   5.083137e-06
 248.03   1.810049e-01   2.019288e-06
 248.03   1.080198e-01   1.981600e-06
 248.00   3.016721e+00   -1.617570e-02
 248.00   9.566815e-01   -2.065914e-04
 248.00   8.692818e-01   2.240763e-04
 248.00   5.804256e-02   1.545882e-05
 248.00   2.410165e-02   -6.209748e-06
 248.00   4.045963e-03   -1.109636e-06
 250.00   1.727055e+00   5.176063e-06
 250.02   1.879785e-01   2.189212e-06
 250.14   2.150685e+00   1.310393e-03
 250.00   4.906249e-02   9.868659e-09
 250.00   3.674291e-02   1.824966e-08
 250.07   3.082255e-01   1.311026e-05
 250.07   1.235490e-01   2.085291e-06
 250.00   2.917019e+00   -1.554985e-02
 250.00   9.242733e-01   -1.970606e-04
 250.00   8.396259e-01   2.157069e-04
 250.00   5.490006e-02   1.462414e-05
 250.00   2.285932e-02   -5.892373e-06
 250.00   3.772123e-03   -1.035771e-06
 252.00   1.707441e+00   3.322331e-06
 252.00   2.791810e-01   4.025206e-05
 252.12   1.989239e+00   -7.689198e-03
 252.00   4.754606e-02   9.427274e-09
 252.00   3.361624e-02   1.081348e-08
 251.94   5.269610e-01   6.534155e-05
 251.94   1.778131e-01   4.813363e-06
 252.00   2.712064e+00   -1.495259e-02
 252.00   8.928871e-01   -1.881661e-04
 252.00   8.109559e-01   2.077318e-04
 252.00   5.194986e-02   1.384067e-05
 252.00   2.168894e-02   -5.593301e-06
 252.00   3.518630e-03   -9.673196e-07
 254.00   1.688049e+00   1.600751e-06
 253.98   1.763449e-01   2.127478e-06
 254.10   2.465926e+00   -3.572467e-03
 254.00   4.608662e-02   8.802624e-09
 254.00   3.085946e-02   6.345006e-09
 253.98   1.537522e+00   -1.575983e-06
 253.98   4.790214e-01   6.324747e-05
 254.00   2.350724e+00   -1.438198e-02
 254.00   8.625119e-01   -1.798632e-04
 254.00   7.832542e-01   2.001269e-04
 254.00   4.917887e-02   1.310490e-05
 254.00   2.058589e-02   -5.311357e-06
 254.00   3.283851e-03   -9.038505e-07
 256.00   1.668880e+00   4.720182e-09
 255.96   1.659554e-01   1.669072e-06
 256.08   2.286536e+00   1.701214e-01
 256.00   4.468329e-02   8.381815e-09
 256.00   3.726801e-02   2.611302e-06
 256.02   1.375794e+00   -1.687127e-05
 256.02   3.819175e-01   -2.481263e-05
 256.00   1.624702e+00   -1.383006e-02
 256.00   8.331338e-01   -1.721089e-04
 256.00   7.565013e-01   1.928697e-04
 256.00   4.657499e-02   1.241358e-05
 256.00   1.954590e-02   -5.045454e-06
 256.00   3.066277e-03   -8.449680e-07
 258.00   1.649933e+00   -1.472161e-06
 258.03   1.565326e-01   1.337329e-06
 258.06   2.581915e+00   5.950856e-02
 258.00   4.333218e-02   7.849194e-09
 258.00   2.995465e-02   9.451197e-09
 258.06   3.737719e-01   -4.164858e-05
 258.06   8.377774e-02   -7.080408e-09
 258.00   4.482532e-02   -1.319187e-02
 258.00   8.047364e-01   -1.648619e-04
 258.00   7.306765e-01   1.859396e-04
 258.00   4.412699e-02   1.176371e-05
 258.00   1.856498e-02   -4.794579e-06
 258.00   2.864539e-03   -7.903112e-07
 260.00   1.631208e+00   -2.836085e-06
 260.01   1.459604e-01   9.441414e-07
 260.04   1.023293e+00   -2.055984e-02
 260.00   4.203205e-02   7.456771e-09
 260.00   2.767653e-02   5.982307e-09
 259.93   1.666847e-01   -4.656085e-06
 259.93   2.974927e-02   2.302172e-08
 260.00   1.576601e+00   -1.269645e-02
 260.00   7.773015e-01   -1.580831e-04
 260.00   7.057574e-01   1.793172e-04
 260.00   4.182450e-02   1.115253e-05
 260.00   1.763941e-02   -4.557788e-06
 260.00   2.677385e-03   -7.395497e-07
 262.00   1.612705e+00   -4.093035e-06
 261.99   1.470802e-01   1.307649e-06
 262.02   1.649521e+00   -7.097048e-03
 262.00   4.077976e-02   6.998420e-09
 262.00   2.565009e-02   3.773619e-09
 261.97   5.713402e-02   -3.453398e-07
 261.97   7.821667e-03   9.699843e-10
 262.00   2.235715e+00   -1.222759e-02
 262.00   7.508089e-01   -1.517357e-04
 262.00   6.817208e-01   1.729849e-04
 262.00   3.965789e-02   1.057745e-05
 262.00   1.676576e-02   -4.334204e-06
 262.00   2.503662e-03   -6.923800e-07
 264.00   1.594424e+00   -5.248784e-06
 263.97   1.376177e-01   9.667931e-07
 264.00   1.728253e+00   -1.268583e-02
 264.00   3.957392e-02   6.637846e-09
 264.00   2.879850e-02   1.373827e-06
 264.01   6.330802e-02   7.462757e-09
 264.01   7.143519e-02   8.872311e-07
 264.00   2.576296e+00   -1.177838e-02
 264.00   7.252373e-01   -1.457851e-04
 264.00   6.585427e-01   1.669261e-04
 264.00   3.761823e-02   1.003609e-05
 264.00   1.594079e-02   -4.123008e-06
 264.00   2.342327e-03   -6.485259e-07
 266.00   1.576363e+00   -6.308894e-06
 266.04   1.302765e-01   7.892204e-07
 265.98   1.902304e+00   6.381728e-03
 266.00   3.841192e-02   6.240539e-09
 266.00   2.460805e-02   5.003294e-09
 266.05   1.178208e-01   5.442523e-07
 266.05   5.843609e-02   2.991831e-07
 266.00   2.783043e+00   -1.134849e-02
 266.00   7.005641e-01   -1.401992e-04
 266.00   6.361987e-01   1.611256e-04
 266.00   3.569724e-02   9.526241e-06
 266.00   1.516151e-02   -3.923437e-06
 266.00   2.192418e-03   -6.077332e-07
 268.00   1.558523e+00   -7.278716e-06
 268.02   1.235134e-01   6.409988e-07
 267.96   1.203474e+00   1.049322e-02
 268.00   3.729232e-02   5.912609e-09
 268.00   2.292406e-02   3.350995e-09
 267.92   2.128701e-01   4.986434e-06
 267.92   8.193880e-02   6.303468e-07
 268.00   2.913838e+00   -1.093717e-02
 268.00   6.767655e-01   -1.349483e-04
 268.00   6.146637e-01   1.555693e-04
 268.00   3.388724e-02   9.045850e-06
 268.00   1.442511e-02   -3.734780e-06
 268.00   2.053053e-03   -5.697686e-07
 270.00   1.540903e+00   -8.163392e-06
 270.00   1.410381e-01   8.943164e-06
 269.94   2.696720e+00   7.012243e-03
 270.00   3.621293e-02   5.566236e-09
 270.00   2.141279e-02   2.246471e-09
 269.96   4.670445e-01   5.524822e-05
 269.96   1.539532e-01   3.220346e-06
 270.00   2.992750e+00   -1.054351e-02
 270.00   6.538175e-01   -1.300048e-04
 270.00   5.939127e-01   1.502440e-04
 270.00   3.218107e-02   8.593014e-06
 270.00   1.372898e-02   -3.556375e-06
 270.00   1.923424e-03   -5.344180e-07
 272.00   1.523501e+00   -8.967857e-06
 271.98   1.147466e-01   5.678553e-07
 271.92   7.900507e-01   -3.212919e-03
 272.00   3.517231e-02   5.270092e-09
 272.00   2.287369e-02   7.359252e-07
 272.00   7.652784e-02   8.780132e-06
 272.00   8.894524e-03   -1.915209e-07
 272.00   3.032054e+00   -1.016667e-02
 272.00   6.316953e-01   -1.253437e-04
 272.00   5.739205e-01   1.451376e-04
 272.00   3.057211e-02   8.165964e-06
 272.00   1.307068e-02   -3.387602e-06
 272.00   1.802791e-03   -5.014855e-07
 274.00   1.506316e+00   -9.696839e-06
 273.96   1.090240e-01   4.676182e-07
 273.90   3.054741e+00   2.517701e-02
 274.00   3.416859e-02   4.966782e-09
 274.00   2.036151e-02   2.706560e-09
 274.04   4.084363e-01   -5.458895e-05
 274.04   1.088133e-01   -5.393376e-07
 274.00   3.038826e+00   -9.805799e-03
 274.00   6.103740e-01   -1.209417e-04
 274.00   5.546621e-01   1.402388e-04
 274.00   2.905419e-02   7.763058e-06
 274.00   1.244793e-02   -3.227882e-06
 274.00   1.690478e-03   -4.707908e-07
 276.00   1.489348e+00   -1.035487e-05
 276.03   1.036368e-01   3.898489e-07
 275.88   2.921098e+00   4.381602e-03
 276.00   3.320039e-02   4.700634e-09
 276.00   1.909811e-02   1.902591e-09
 276.08   1.630481e-01   -4.632220e-06
 276.08   3.798982e-02   1.802380e-09
 276.00   3.017338e+00   -9.460131e-03
 276.00   5.898284e-01   -1.167780e-04
 276.00   5.361127e-01   1.355371e-04
 276.00   2.762156e-02   7.382768e-06
 276.00   1.185861e-02   -3.076676e-06
 276.00   1.585857e-03   -4.421677e-07
 278.00   1.472594e+00   -1.094627e-05
 278.01   9.809205e-02   3.052607e-07
 277.86   2.081315e+00   5.017592e-03
 278.00   3.226608e-02   4.434189e-09
 278.00   1.795437e-02   1.342552e-09
 277.95   7.836550e-02   -6.668676e-07
 277.95   1.488448e-02   3.188243e-09
 278.00   2.970005e+00   -9.128924e-03
 278.00   5.700334e-01   -1.128332e-04
 278.00   5.182476e-01   1.310228e-04
 278.00   2.626889e-02   7.023674e-06
 278.00   1.130073e-02   -2.933479e-06
 278.00   1.488356e-03   -4.154638e-07
 280.00   1.456055e+00   -1.147517e-05
 279.99   9.644486e-02   3.470815e-07
 279.84   2.705873e+00   2.374918e-03
 280.00   3.136436e-02   4.195783e-09
 280.00   1.854299e-02   3.996696e-07
 279.99   3.026522e-02   -1.607261e-07
 279.99   1.296398e-02   -7.302005e-09
 280.00   2.897697e+00   -8.811478e-03
 280.00   5.509641e-01   -1.090901e-04
 280.00   5.010428e-01   1.266867e-04
 280.00   2.499120e-02   6.684452e-06
 280.00   1.077242e-02   -2.797819e-06
 280.00   1.397445e-03   -3.905385e-07
 282.00   1.439727e+00   -1.194553e-05
 281.97   9.143767e-02   2.768036e-07
 282.15   3.033598e+00   -1.650446e-03
 282.00   3.049379e-02   3.961020e-09
 282.00   1.696132e-02   1.495302e-09
 282.03   3.388924e-02   4.746943e-10
 282.03   2.557794e-02   3.471560e-08
 282.00   2.799625e+00   -8.507128e-03
 282.00   5.325957e-01   -1.055328e-04
 282.00   4.844745e-01   1.225202e-04
 282.00   2.378386e-02   6.363872e-06
 282.00   1.027196e-02   -2.669255e-06
 282.00   1.312640e-03   -3.672626e-07
 284.00   1.423610e+00   -1.236108e-05
 284.04   8.713629e-02   2.337987e-07
 284.13   2.850368e+00   -5.187947e-03
 284.00   2.965317e-02   3.748015e-09
 284.00   1.599924e-02   1.095617e-09
 284.07   8.559414e-02   2.478482e-07
 284.07   3.828944e-02   8.176927e-08
 284.00   2.672753e+00   -8.215234e-03
 284.00   5.149038e-01   -1.021470e-04
 284.00   4.685195e-01   1.185154e-04
 284.00   2.264255e-02   6.060787e-06
 284.00   9.797705e-03   -2.547375e-06
 284.00   1.233497e-03   -3.455171e-07
 286.00   1.407702e+00   -1.272542e-05
 286.02   8.319511e-02   1.977620e-07
 286.11   8.090918e-01   -1.111940e-03
 286.00   2.884121e-02   3.540700e-09
 286.00   1.512099e-02   8.072388e-10
 285.94   1.700902e-01   3.055318e-06
 285.94   6.361322e-02   2.995016e-07
 286.00   2.510419e+00   -7.935168e-03
 286.00   4.978645e-01   -9.891985e-05
 286.00   4.531551e-01   1.146648e-04
 286.00   2.156325e-02   5.774128e-06
 286.00   9.348144e-03   -2.431790e-06
 286.00   1.159601e-03   -3.251921e-07
 288.00   1.392001e+00   -1.304194e-05
 288.00   8.503631e-02   2.016014e-06
 288.09   1.583786e+00   -5.380376e-03
 288.00   2.805680e-02   3.350665e-09
 288.00   1.526582e-02   2.193802e-07
 287.98   5.851762e-01   1.086179e-04
 287.98   1.899278e-01   6.016649e-06
 288.00   2.299348e+00   -7.666254e-03
 288.00   4.814541e-01   -9.583960e-05
 288.00   4.383593e-01   1.109613e-04
 288.00   2.054220e-02   5.502898e-06
 288.00   8.921844e-03   -2.322140e-06
 288.00   1.090575e-03   -3.061863e-07
 290.00   1.376506e+00   -1.331386e-05
 289.98   7.707306e-02   1.661223e-07
 290.07   2.410525e+00   -5.914924e-03
 290.00   2.729879e-02   3.167313e-09
 290.00   1.421767e-02   8.431550e-10
 290.02   5.667827e-01   -1.227671e-04
 290.02   1.696269e-01   -3.339853e-06
 290.00   2.013331e+00   -7.407568e-03
 290.00   4.656498e-01   -9.289570e-05
 290.00   4.241106e-01   1.073983e-04
 290.00   1.957590e-02   5.246167e-06
 290.00   8.517471e-03   -2.218086e-06
 290.00   1.026070e-03   -2.884063e-07
 292.00   1.361215e+00   -1.354425e-05
 291.96   7.369441e-02   1.416724e-07
 292.05   1.731060e+00   -6.465967e-03
 292.00   2.656616e-02   2.997925e-09
 292.00   1.347428e-02   6.400738e-10
 292.06   1.607769e-01   -4.694938e-06
 292.06   4.471014e-02   -3.766566e-08
 292.00   1.601516e+00   -7.156837e-03
 292.00   4.504291e-01   -9.007861e-05
 292.00   4.103882e-01   1.039696e-04
 292.00   1.866106e-02   5.003069e-06
 292.00   8.133778e-03   -2.119309e-06
 292.00   9.657603e-04   -2.717656e-07
 294.00   1.346126e+00   -1.373601e-05
 294.03   7.042781e-02   1.214793e-07
 294.03   9.977816e-01   -9.514440e-04
 294.00   2.585786e-02   2.835457e-09
 294.00   1.279032e-02   4.890423e-10
 293.93   8.154600e-02   -7.584781e-07
 293.93   2.028905e-02   2.183749e-10
 294.00   9.830894e-01   -6.903117e-03
 294.00   4.357701e-01   -8.737968e-05
 294.00   3.971718e-01   1.006692e-04
 294.00   1.779465e-02   4.772790e-06
 294.00   7.769584e-03   -2.025511e-06
 294.00   9.093529e-04   -2.561848e-07
 296.00   1.331236e+00   -1.389189e-05
 296.01   6.725168e-02   1.013063e-07
 296.01   7.548132e-01   -1.190876e-03
 296.00   2.517297e-02   2.684583e-09
 296.00   1.271804e-02   1.214423e-07
 295.97   3.829248e-02   -1.159763e-07
 295.97   7.996025e-03   4.642122e-10
 296.00   1.351418e-01   -6.633590e-03
 296.00   4.216516e-01   -8.479110e-05
 296.00   3.844419e-01   9.749159e-05
 296.00   1.697379e-02   4.554576e-06
 296.00   7.423794e-03   -1.936414e-06
 296.00   8.565690e-04   -2.415898e-07
 298.00   1.316545e+00   -1.401449e-05
 297.99   6.535761e-02   1.024404e-07
 297.99   2.979904e+00   7.632148e-03
 298.00   2.451054e-02   2.540470e-09
 298.00   1.198748e-02   4.848461e-10
 298.01   3.249178e-03   1.737486e-08
 298.01   1.222528e-02   6.140164e-09
 298.00   7.197831e-01   -6.408235e-03
 298.00   4.080530e-01   -8.230578e-05
 298.00   3.721797e-01   9.443146e-05
 298.00   1.619582e-02   4.347717e-06
 298.00   7.095373e-03   -1.851754e-06
 298.00   8.071562e-04   -2.279127e-07
 300.00   1.302049e+00   -1.410627e-05
 299.97   6.247055e-02   8.608202e-08
 299.97   3.022028e+00   4.168387e-04
 300.00   2.386971e-02   2.406053e-09
 300.00   1.140495e-02   3.793587e-10
 300.05   2.633552e-02   1.546124e-10
 300.05   1.565343e-02   7.435508e-09
 300.00   1.347728e+00   -6.202398e-03
 300.00   3.949544e-01   -7.991731e-05
 300.00   3.603668e-01   9.148382e-05
 300.00   1.545824e-02   4.151553e-06
 300.00   6.783354e-03   -1.771286e-06
 300.00   7.608801e-04   -2.150904e-07
 310.00   1.232441e+00   -1.417947e-05
 309.96   5.108256e-02   4.627809e-08
 309.87   1.820418e+00   -6.752438e-04
 310.00   2.096145e-02   1.836644e-09
 310.00   9.268154e-03   1.843203e-10
 310.08   7.288286e-02   -5.764131e-07
 310.08   2.135259e-02   -4.070465e-09
 310.00   2.526285e+00   -5.274302e-03
 310.00   3.363081e-01   -6.924078e-05
 310.00   3.074499e-01   7.827481e-05
 310.00   1.229929e-02   3.310796e-06
 310.00   5.439280e-03   -1.424201e-06
 310.00   5.694991e-04   -1.619027e-07
 320.00   1.167417e+00   -1.377812e-05
 320.04   4.200404e-02   2.540905e-08
 320.10   2.874825e+00   -3.798197e-05
 320.00   1.848211e-02   1.410283e-09
 320.00   7.729578e-03   2.138174e-08
 319.94   5.399238e-02   9.763657e-08
 319.94   2.266466e-02   1.730420e-08
 320.00   2.874732e+00   -4.506667e-03
 320.00   2.875382e-01   -6.029712e-05
 320.00   2.633908e-01   6.725656e-05
 320.00   9.855528e-03   2.659453e-06
 320.00   4.389760e-03   -1.152552e-06
 320.00   4.299989e-04   -1.229325e-07
 330.00   1.106704e+00   -1.308105e-05
 330.03   3.482765e-02   1.434590e-08
 330.00   1.463630e+00   -3.518866e-03
 330.00   1.635812e-02   1.089019e-09
 330.00   6.372365e-03   6.337451e-11
 329.97   2.085159e-02   -2.373773e-08
 329.97   5.934432e-03   2.254003e-11
 330.00   3.011856e+00   -3.868992e-03
 330.00   2.468486e-01   -5.271415e-05
 330.00   2.265753e-01   5.802426e-05
 330.00   7.950139e-03   2.150775e-06
 330.00   3.564454e-03   -9.384335e-07
 330.00   3.273587e-04   -9.411169e-08
 340.00   1.050029e+00   -1.221596e-05
 340.02   2.905003e-02   8.258910e-09
 339.90   2.152156e+00   6.784966e-05
 340.00   1.453018e-02   8.458455e-10
 340.00   5.295965e-03   3.411085e-11
 340.00   1.883487e-02   3.094771e-06
 340.00   1.377218e-03   9.656243e-07
 340.00   3.049615e+00   -3.336412e-03
 340.00   2.127735e-01   -4.623312e-05
 340.00   1.956917e-01   5.025547e-05
 340.00   6.453511e-03   1.750503e-06
 340.00   2.911110e-03   -7.685271e-07
 340.00   2.511656e-04   -7.260797e-08
 350.00   9.971208e-01   -1.127187e-05
 350.01   2.436457e-02   4.837475e-09
 350.13   1.703809e+00   1.269814e-04
 350.00   1.295021e-02   6.606907e-10
 350.00   4.432802e-03   1.912382e-11
 350.03   3.615052e-03   -2.408633e-10
 350.03   1.145173e-04   1.876191e-12
 350.00   3.031672e+00   -2.889305e-03
 350.00   1.841238e-01   -4.066330e-05
 350.00   1.696784e-01   4.369127e-05
 350.00   5.269742e-03   1.433291e-06
 350.00   2.390610e-03   -6.328439e-07
 350.00   1.941302e-04   -5.642945e-08
 360.00   9.477175e-01   -1.030901e-05
 360.00   2.055097e-02   4.450007e-09
 360.03   2.802414e+00   2.220336e-05
 360.00   1.157898e-02   5.189938e-10
 360.00   3.743418e-03   1.285844e-09
 360.06   2.839556e-02   -4.829271e-08
 360.06   1.100193e-02   -1.382439e-09
 360.00   2.980377e+00   -2.512115e-03
 360.00   1.599376e-01   -3.585722e-05
 360.00   1.476773e-01   3.812263e-05
 360.00   4.327259e-03   1.180218e-06
 360.00   1.973436e-03   -5.238350e-07
 360.00   1.510947e-04   -4.416089e-08
 370.00   9.015694e-01   -9.366744e-06
 369.99   1.740645e-02   1.749952e-09
 369.93   2.117538e+00   4.894872e-04
 370.00   1.038429e-02   4.098914e-10
 370.00   3.168818e-03   6.941855e-12
 369.92   4.468404e-03   1.439311e-11
 369.92   2.510239e-03   3.899984e-11
 370.00   2.908517e+00   -2.192434e-03
 370.00   1.394363e-01   -3.169689e-05
 370.00   1.289935e-01   3.338007e-05
 370.00   3.572202e-03   9.770371e-07
 370.00   1.637154e-03   -4.357528e-07
 370.00   1.183784e-04   -3.478754e-08
 380.00   8.584399e-01   -8.469449e-06
 379.98   1.481338e-02   1.073192e-09
 380.16   7.831214e-01   -2.568495e-04
 380.00   9.339598e-03   3.255157e-10
 380.00   2.694161e-03   4.153594e-12
 379.95   9.108740e-03   -2.622640e-09
 379.95   3.642423e-03   -3.795941e-11
 380.00   2.823778e+00   -1.920301e-03
 380.00   1.219889e-01   -2.808569e-05
 380.00   1.130637e-01   2.932563e-05
 380.00   2.963729e-03   8.129367e-07
 380.00   1.364595e-03   -3.641907e-07
 380.00   9.333070e-05   -2.757558e-08
 390.00   8.181065e-01   -7.631047e-06
 389.97   1.266141e-02   6.674205e-10
 390.06   1.662034e+00   7.199819e-05
 390.00   8.422889e-03   2.597829e-10
 390.00   2.301456e-03   2.521387e-12
 389.98   2.554497e-02   2.006443e-08
 389.98   1.199367e-02   3.171194e-09
 390.00   2.730883e+00   -1.687675e-03
 390.00   1.070825e-01   -2.494337e-05
 390.00   9.942920e-02   2.584663e-05
 390.00   2.470637e-03   6.796493e-07
 390.00   1.142533e-03   -3.057475e-07
 390.00   7.402135e-05   -2.198851e-08
 400.00   7.803617e-01   -6.858272e-06
 399.96   1.086630e-02   4.203825e-10
 399.96   2.106832e+00   7.906922e-04
 400.00   7.615821e-03   2.083750e-10
 400.00   1.975491e-03   8.334038e-11
 400.01   3.193179e-03   -2.134929e-10
 400.01   1.277123e-03   5.918797e-13
 400.00   2.632747e+00   -1.488030e-03
 400.00   9.429880e-02   -2.220263e-05
 400.00   8.771561e-02   2.285069e-05
 400.00   2.068924e-03   5.708081e-07
 400.00   9.607124e-04   -2.577813e-07
 400.00   5.904121e-05   -1.763277e-08
 410.00   7.450122e-01   -6.153051e-06
 410.04   9.349375e-03   2.669274e-10
 409.86   6.366927e-01   -6.298910e-06
 410.00   6.903046e-03   1.679696e-10
 410.00   1.701698e-03   1.021720e-12
 410.04   1.108464e-02   -3.904945e-09
 410.04   5.287194e-03   -2.298230e-10
 410.00   2.531169e+00   -1.316042e-03
 410.00   8.329558e-02   -1.980672e-05
 410.00   7.761599e-02   2.026177e-05
 410.00   1.740002e-03   4.814761e-07
 410.00   8.111333e-04   -2.182272e-07
 410.00   4.734860e-05   -1.421622e-08
 420.00   7.118791e-01   -5.514206e-06
 420.03   8.084703e-03   1.721282e-10
 420.09   4.465283e-01   -1.220365e-04
 420.00   6.271660e-03   1.359913e-10
 420.00   1.471096e-03   6.241613e-13
 420.07   6.208220e-04   -8.011413e-12
 420.07   1.972724e-04   1.345671e-13
 420.00   2.427272e+00   -1.167344e-03
 420.00   7.379160e-02   -1.770758e-05
 420.00   6.887774e-02   1.801708e-05
 420.00   1.469385e-03   4.078010e-07
 420.00   6.875227e-04   -1.854627e-07
 420.00   3.816710e-05   -1.152051e-08
 430.00   6.807969e-01   -4.938644e-06
 430.02   7.015494e-03   1.121720e-10
 429.99   2.309007e+00   3.139985e-05
 430.00   5.710773e-03   1.106204e-10
 430.00   1.276316e-03   3.934311e-13
 429.93   3.419110e-03   -2.015632e-10
 429.93   1.727312e-03   -6.965383e-12
 430.00   2.321782e+00   -1.038338e-03
 430.00   6.555488e-02   -1.586442e-05
 430.00   6.129217e-02   1.606457e-05
 430.00   1.245718e-03   3.467582e-07
 430.00   5.849285e-04   -1.582048e-07
 430.00   3.091681e-05   -9.381552e-09
 440.00   6.516131e-01   -4.422186e-06
 440.01   6.107959e-03   7.389556e-11
 439.89   6.376583e-01   5.569984e-05
 440.00   5.211154e-03   9.037403e-11
 440.00   1.111175e-03   5.802378e-12
 439.96   1.885816e-03   1.983799e-13
 439.96   1.012141e-03   2.966556e-12
 440.00   2.215224e+00   -9.260490e-04
 440.00   5.839334e-02   -1.424249e-05
 440.00   5.468617e-02   1.436092e-05
 440.00   1.060047e-03   2.959593e-07
 440.00   4.994237e-04   -1.354342e-07
 440.00   2.516317e-05   -7.675856e-09
 450.00   6.241872e-01   -3.960122e-06
 450.00   5.334224e-03   6.327879e-12
 450.12   4.046367e-02   -1.174751e-07
 450.00   4.764952e-03   7.413827e-11
 450.00   9.704297e-04   1.730815e-13
 449.99   1.431854e-03   -2.644681e-11
 449.99   7.850797e-04   -5.231998e-13
 450.00   2.108048e+00   -8.280012e-04
 450.00   5.214728e-02   -1.281218e-05
 450.00   4.891561e-02   1.286998e-05
 450.00   9.052734e-04   2.535077e-07
 450.00   4.278794e-04   -1.163370e-07
 450.00   2.057232e-05   -6.308398e-09
 460.00   5.983900e-01   -3.547585e-06
 459.99   4.672856e-03   3.290741e-11
 460.02   1.283260e+00   -1.259584e-04
 460.00   4.365464e-03   6.111656e-11
 460.00   8.500583e-04   1.354720e-13
 460.02   5.221760e-03   -5.087107e-10
 460.02   2.949839e-03   -5.405197e-11
 460.00   2.000706e+00   -7.421304e-04
 460.00   4.668345e-02   -1.154818e-05
 460.00   4.385999e-02   1.156142e-05
 460.00   7.757397e-04   2.178892e-07
 460.00   3.677880e-04   -1.002596e-07
 460.00   1.689120e-05   -5.206709e-09
 470.00   5.741026e-01   -3.179790e-06
 469.98   4.105377e-03   2.226937e-11
 469.92   5.139118e-01   4.019601e-05
 470.00   4.006947e-03   5.050659e-11
 470.00   7.467883e-04   5.172902e-14
 470.05   5.826704e-04   -3.919720e-12
 470.05   3.547488e-04   -2.848123e-14
 470.00   1.893702e+00   -6.667062e-04
 470.00   4.189021e-02   -1.042881e-05
 470.00   3.941822e-02   1.040976e-05
 470.00   6.669165e-04   1.878896e-07
 470.00   3.171317e-04   -8.667519e-08
 470.00   1.392620e-05   -4.315107e-09
 480.00   5.512158e-01   -2.852175e-06
 479.97   3.616731e-03   1.520740e-11
 480.15   1.481137e-01   -9.509266e-07
 480.00   3.684463e-03   4.191652e-11
 480.00   6.578982e-04   4.375348e-13
 480.08   1.193349e-03   -1.362828e-11
 480.08   7.357005e-04   -7.335380e-13
 480.00   1.787596e+00   -6.002734e-04
 480.00   3.767373e-02   -9.435501e-06
 480.00   3.550520e-02   9.393480e-06
 480.00   5.751575e-04   1.625294e-07
 480.00   2.742795e-04   -7.515717e-08
 480.00   1.152717e-05   -3.590281e-09
 490.00   5.296294e-01   -2.560484e-06
 489.96   3.194663e-03   1.047545e-11
 490.05   2.230790e-01   -1.576565e-05
 490.00   3.393757e-03   3.492216e-11
 490.00   5.811215e-04   6.227928e-14
 489.94   1.028056e-04   -1.576327e-13
 489.94   5.800032e-05   7.465816e-16
 490.00   1.683001e+00   -5.416031e-04
 490.00   3.395482e-02   -8.552271e-06
 490.00   3.204899e-02   8.494371e-06
 490.00   4.975152e-04   1.410157e-07
 490.00   2.379073e-04   -6.535845e-08
 490.00   9.577574e-06   -2.998533e-09
 500.00   5.092511e-01   -2.300811e-06
 500.04   2.825933e-03   7.236232e-12
 499.95   4.448109e-01   3.829468e-05
 500.00   3.131145e-03   2.919653e-11
 500.00   5.146054e-04   3.460719e-14
 499.97   5.484433e-04   -2.373843e-12
 499.97   3.745277e-04   -6.064496e-14
 500.00   1.580555e+00   -4.896543e-04
 500.00   3.066648e-02   -7.765373e-06
 500.00   2.898863e-02   7.696960e-06
 500.00   4.315970e-04   1.227035e-07
 500.00   2.069342e-04   -5.699531e-08
 500.00   7.987219e-06   -2.513499e-09
 510.00   4.899962e-01   -2.069606e-06
 510.03   2.508612e-03   5.058888e-12
 509.85   1.400855e-01   -1.078004e-07
 510.00   2.893435e-03   2.446423e-11
 510.00   4.568150e-04   7.172865e-15
 510.00   3.425933e-04   1.551319e-08
 510.00   2.698206e-04   3.278224e-09
 510.00   1.480883e+00   -4.435424e-04
 510.00   2.775177e-02   -7.062946e-06
 510.00   2.627227e-02   6.988063e-06
 510.00   3.754510e-04   1.070658e-07
 510.00   1.804786e-04   -4.983556e-08
 510.00   6.683724e-06   -2.114190e-09
 520.00   4.717868e-01   -1.863670e-06
 520.02   2.232120e-03   3.545953e-12
 520.08   4.762820e-03   -1.140193e-08
 520.00   2.677847e-03   2.060576e-11
 520.00   4.064648e-04   3.832882e-14
 520.03   2.698771e-04   -5.235800e-13
 520.03   2.089593e-04   -2.826146e-14
 520.00   1.384567e+00   -4.025142e-04
 520.00   2.516220e-02   -6.434739e-06
 520.00   2.385565e-02   6.356414e-06
 520.00   3.274800e-04   9.367038e-08
 520.00   1.578118e-04   -4.368741e-08
 520.00   5.612107e-06   -1.784300e-09
 530.00   4.545513e-01   -1.680141e-06
 530.01   1.990561e-03   2.508227e-12
 529.98   5.058646e-01   7.417640e-05
 530.00   2.481958e-03   1.738933e-11
 530.00   3.624769e-04   2.357392e-14
 530.06   4.291693e-04   -1.047174e-12
 530.06   3.198553e-04   -7.343334e-14
 530.00   1.292110e+00   -3.659265e-04
 530.00   2.285632e-02   -5.871872e-06
 530.00   2.170091e-02   5.792353e-06
 530.00   2.863722e-04   8.216155e-08
 530.00   1.383359e-04   -3.839291e-08
 530.00   4.728287e-06   -1.510924e-09
 540.00   4.382238e-01   -1.516465e-06
 540.00   1.778967e-03   1.428163e-12
 539.88   1.153788e-01   3.613008e-07
 540.00   2.303647e-03   1.471748e-11
 540.00   3.239477e-04   8.304989e-15
 539.92   1.188805e-04   -1.123752e-13
 539.92   1.102876e-04   1.011246e-14
 540.00   1.203916e+00   -3.332289e-04
 540.00   2.079860e-02   -5.366641e-06
 540.00   1.977554e-02   5.287577e-06
 540.00   2.510429e-04   7.224483e-08
 540.00   1.215548e-04   -3.382073e-08
 540.00   3.996013e-06   -1.283392e-09
 550.00   4.227435e-01   -1.370378e-06
 549.99   1.593174e-03   1.302159e-12
 550.11   3.813716e-02   -3.272013e-08
 550.00   2.141058e-03   1.251721e-11
 550.00   2.901164e-04   1.251072e-14
 549.95   2.000360e-04   -2.043055e-13
 549.95   1.699556e-04   -1.359286e-14
 550.00   1.120280e+00   -3.039493e-04
 550.00   1.895850e-02   -4.912348e-06
 550.00   1.805157e-02   4.834929e-06
 550.00   2.205952e-04   6.367619e-08
 550.00   1.070573e-04   -2.986190e-08
 550.00   3.387479e-06   -1.093380e-09
 560.00   4.080545e-01   -1.239869e-06
 559.98   1.429643e-03   9.271463e-13
 560.01   3.611767e-01   -4.996503e-05
 560.00   1.992555e-03   1.064533e-11
 560.00   2.603390e-04   1.375310e-14
 559.98   1.337000e-04   1.117791e-14
 559.98   5.783126e-05   -1.214523e-14
 560.00   1.041385e+00   -2.776811e-04
 560.00   1.730968e-02   -4.503157e-06
 560.00   1.650486e-02   4.428222e-06
 560.00   1.942860e-04   5.625282e-08
 560.00   9.449995e-05   -2.642526e-08
 560.00   2.879193e-06   -9.340735e-10
 570.00   3.941052e-01   -1.123164e-06
 569.97   1.285373e-03   6.863422e-13
 569.91   8.866662e-02   2.943785e-07
 570.00   1.856701e-03   9.081676e-12
 570.00   2.340692e-04   8.651283e-15
 570.01   1.070896e-04   -5.322598e-14
 570.01   1.046551e-04   7.414859e-15
 570.00   9.673098e-01   -2.540729e-04
 570.00   1.582940e-02   -4.133977e-06
 570.00   1.511450e-02   4.062096e-06
 570.00   1.714934e-04   4.980493e-08
 570.00   8.359567e-05   -2.343439e-08
 570.00   2.454567e-06   -8.002928e-10
 580.00   3.808479e-01   -1.018694e-06
 579.96   1.157814e-03   4.891328e-13
 580.14   4.054140e-02   4.883302e-09
 580.00   1.732224e-03   7.802158e-12
 580.00   2.108424e-04   3.305483e-14
 580.04   1.602261e-04   -1.083939e-13
 580.04   1.446887e-04   -1.146837e-14
 580.00   8.980397e-01   -2.328196e-04
 580.00   1.449793e-02   -3.800352e-06
 580.00   1.386237e-02   3.731893e-06
 580.00   1.516998e-04   4.419071e-08
 580.00   7.410429e-05   -2.082531e-08
 580.00   2.098031e-06   -6.875300e-10
 590.00   3.682388e-01   -9.250755e-07
 590.04   1.043830e-03   3.499947e-13
 590.04   2.288187e-02   -3.760874e-08
 590.00   1.618002e-03   6.692641e-12
 590.00   1.902617e-04   3.063738e-15
 590.07   5.730799e-05   -2.205289e-14
 590.07   6.611516e-05   -5.524010e-16
 590.00   8.334844e-01   -2.136553e-04
 590.00   1.329815e-02   -3.498382e-06
 590.00   1.273269e-02   3.433556e-06
 590.00   1.344664e-04   3.928996e-08
 590.00   6.582333e-05   -1.854393e-08
 590.00   1.797885e-06   -5.921576e-10
 600.00   3.562370e-01   -8.410864e-07
 600.03   9.435819e-04   2.750882e-13
 599.94   6.926497e-02   1.964382e-07
 600.00   1.513036e-03   5.741885e-12
 600.00   1.719882e-04   -9.700357e-15
 599.93   7.177354e-05   -1.754391e-14
 599.93   7.753049e-05   -2.062163e-14
 600.00   7.734935e-01   -1.963475e-04
 600.00   1.221514e-02   -3.224641e-06
 600.00   1.171174e-02   3.163546e-06
 600.00   1.194297e-04   3.500268e-08
 600.00   5.858142e-05   -1.654449e-08
 600.00   1.545011e-06   -5.113922e-10
 610.00   3.448051e-01   -7.656507e-07
 610.02   8.543925e-04   1.947183e-13
 609.84   3.112953e-02   1.618889e-09
 610.00   1.416443e-03   4.955166e-12
 610.00   1.557310e-04   2.895568e-14
 609.96   2.261917e-05   -5.077969e-15
 609.96   3.367722e-05   1.532726e-14
 610.00   7.178721e-01   -1.806924e-04
 610.00   1.123588e-02   -2.976117e-06
 610.00   1.078748e-02   2.918764e-06
 610.00   1.062781e-04   3.124316e-08
 610.00   5.223559e-05   -1.478861e-08
 610.00   1.330812e-06   -4.426504e-10
 620.00   3.339081e-01   -6.978185e-07
 620.01   7.748892e-04   1.703341e-13
 620.07   9.480023e-03   -8.244757e-10
 620.00   1.327433e-03   4.328178e-12
 620.00   1.412391e-04   -2.742164e-15
 619.99   4.031647e-05   -2.184646e-14
 619.99   5.096681e-05   -3.640426e-15
 620.00   6.663956e-01   -1.665105e-04
 620.00   1.034898e-02   -2.750158e-06
 620.00   9.949412e-03   2.696497e-06
 620.00   9.475266e-05   2.793978e-08
 620.00   4.666198e-05   -1.324300e-08
 620.00   1.149607e-06   -3.842253e-10
 630.00   3.235138e-01   -6.367519e-07
 630.00   7.038871e-04   8.626530e-14
 629.97   6.333331e-02   2.064047e-07
 630.00   1.245304e-03   3.744111e-12
 630.00   1.282970e-04   -1.686910e-14
 630.02   6.866361e-05   9.862770e-15
 630.02   7.398379e-05   -2.368862e-14
 630.00   6.188209e-01   -1.536441e-04
 630.00   9.544469e-03   -2.544421e-06
 630.00   9.188296e-03   2.494356e-06
 630.00   8.462924e-05   2.503066e-08
 630.00   4.175708e-05   -1.187991e-08
 630.00   9.950680e-07   -3.342093e-10
 640.00   3.135923e-01   -5.817113e-07
 639.99   6.403633e-04   9.616353e-14
 639.87   2.426505e-02   5.323935e-09
 640.00   1.169426e-03   3.214606e-12
 640.00   1.167183e-04   1.239308e-14
 640.05   2.385734e-05   -9.706212e-15
 640.05   3.526737e-05   -1.081481e-14
 640.00   5.748968e-01   -1.419539e-04
 640.00   8.813563e-03   -2.356838e-06
 640.00   8.496016e-03   2.310240e-06
 640.00   7.571970e-05   2.246373e-08
 640.00   3.743223e-05   -1.067544e-08
 640.00   8.630537e-07   -2.912650e-10
 650.00   3.041157e-01   -5.320437e-07
 649.98   5.834304e-04   6.043137e-14
 650.10   1.269637e-02   -1.115712e-10
 650.00   1.099239e-03   2.796854e-12
 650.00   1.063406e-04   -2.237305e-14
 650.08   2.544363e-05   1.106277e-14
 650.08   3.629358e-05   -1.739808e-14
 650.00   5.343714e-01   -1.313168e-04
 650.00   8.148544e-03   -2.185574e-06
 650.00   7.865417e-03   2.142297e-06
 650.00   6.786389e-05   2.019439e-08
 650.00   3.361101e-05   -9.608968e-09
 650.00   7.498204e-07   -2.543400e-10
 660.00   2.950583e-01   -4.871717e-07
 659.97   5.323182e-04   5.118898e-14
 660.00   3.700034e-02   9.229712e-06
 660.00   1.034237e-03   2.471526e-12
 660.00   9.702428e-05   1.946034e-15
 659.94   1.383460e-05   -7.737951e-15
 659.94   2.411327e-05   2.617351e-14
 660.00   4.969974e-01   -1.216241e-04
 660.00   7.542603e-03   -2.029006e-06
 660.00   7.290180e-03   1.988887e-06
 660.00   6.092325e-05   1.818420e-08
 660.00   3.022909e-05   -8.663005e-09
 660.00   6.538703e-07   -2.227961e-10
 670.00   2.863960e-01   -4.465847e-07
 669.96   4.863558e-04   1.622433e-14
 669.90   1.773184e-02   2.850966e-09
 670.00   9.739677e-04   2.120766e-12
 670.00   8.864654e-05   6.542510e-15
 669.97   1.511885e-05   -4.242808e-15
 669.97   2.532534e-05   1.724771e-14
 670.00   4.625361e-01   -1.127795e-04
 670.00   6.989718e-03   -1.885687e-06
 670.00   6.764717e-03   1.848558e-06
 670.00   5.477940e-05   1.640010e-08
 670.00   2.722974e-05   -7.822249e-09
 670.00   5.712155e-07   -1.955215e-10
 680.00   2.781064e-01   -4.098309e-07
 680.04   4.446052e-04   1.794084e-14
 680.13   1.069228e-02   2.749999e-10
 680.00   9.180240e-04   1.881022e-12
 680.00   8.110103e-05   3.973601e-16
 680.00   1.200440e-05   1.526881e-11
 680.00   2.156227e-05   4.384711e-12
 680.00   4.307605e-01   -1.046976e-04
 680.00   6.484562e-03   -1.754333e-06
 680.00   6.284075e-03   1.720024e-06
 680.00   4.933068e-05   1.481383e-08
 680.00   2.456557e-05   -7.073881e-09
 680.00   4.988790e-07   -1.716817e-10
 690.00   2.701687e-01   -3.765098e-07
 690.03   4.072970e-04   1.713636e-14
 690.03   1.411641e-03   -5.465945e-11
 690.00   8.660385e-04   1.614340e-12
 690.00   7.429445e-05   1.082890e-14
 690.03   9.691467e-06   -9.064581e-15
 690.03   1.850414e-05   -1.113183e-14
 690.00   4.014564e-01   -9.730278e-05
 690.00   6.022407e-03   -1.633798e-06
 690.00   5.843857e-03   1.602140e-06
 690.00   4.449220e-05   1.340142e-08
 690.00   2.219554e-05   -6.406727e-09
 690.00   4.373844e-07   -1.512440e-10
 700.00   2.625636e-01   -3.462662e-07
 700.02   3.735914e-04   1.228824e-14
 699.93   1.307183e-02   1.433320e-09
 700.00   8.176802e-04   1.422542e-12
 700.00   6.814526e-05   1.092670e-14
 700.06   9.507301e-06   1.431103e-14
 700.06   1.806008e-05   -1.291317e-14
 700.00   3.744235e-01   -9.052765e-05
 700.00   5.599052e-03   -1.523061e-06
 700.00   5.440149e-03   1.493886e-06
 700.00   4.018674e-05   1.214127e-08
 700.00   2.008190e-05   -5.810542e-09
 700.00   3.833655e-07   -1.332664e-10
 710.00   2.552729e-01   -3.187850e-07
 710.01   3.430965e-04   2.465161e-14
 710.16   8.167606e-03   2.361993e-10
 710.00   7.726495e-04   1.269046e-12
 710.00   6.258172e-05   -3.475475e-14
 709.92   6.575845e-06   4.948299e-15
 709.92   1.375835e-05   4.225103e-14
 710.00   3.494758e-01   -8.431231e-05
 710.00   5.210759e-03   -1.421206e-06
 710.00   5.069467e-03   1.394353e-06
 710.00   3.634874e-05   1.101511e-08
 710.00   1.819614e-05   -5.277413e-09
 710.00   3.363591e-07   -1.175510e-10
 720.00   2.482797e-01   -2.937859e-07
 720.00   3.154672e-04   1.861792e-14
 720.06   4.121330e-03   -2.172815e-11
 720.00   7.306753e-04   1.088288e-12
 720.00   5.754126e-05   -6.211503e-15
 719.95   6.137696e-06   -3.188194e-14
 719.95   1.310788e-05   -9.400467e-15
 720.00   3.264410e-01   -7.860341e-05
 720.00   4.854195e-03   -1.327416e-06
 720.00   4.728702e-03   1.302730e-06
 720.00   3.292383e-05   1.000748e-08
 720.00   1.650905e-05   -4.799476e-09
 720.00   2.971690e-07   -1.043319e-10
 730.00   2.415681e-01   -2.710197e-07
 729.99   2.903997e-04   7.299066e-15
 729.96   1.035476e-02   9.083399e-10
 730.00   6.915126e-04   1.006572e-12
 730.00   5.296833e-05   3.389433e-15
 729.98   4.738383e-06   -7.913700e-15
 729.98   8.954581e-06   1.686336e-14
 730.00   3.051604e-01   -7.335329e-05
 730.00   4.526383e-03   -1.240957e-06
 730.00   4.415074e-03   1.218290e-06
 730.00   2.986039e-05   9.103829e-09
 730.00   1.499871e-05   -4.370740e-09
 730.00   2.616977e-07   -9.235976e-11
 740.00   2.351234e-01   -2.502645e-07
 739.98   2.676262e-04   4.523617e-15
 739.86   5.881708e-03   9.000021e-11
 740.00   6.549378e-04   8.925946e-13
 740.00   4.881363e-05   5.933838e-16
 740.01   4.439349e-06   -5.913239e-15
 740.01   9.954787e-06   -1.114061e-14
 740.00   2.854883e-01   -6.851939e-05
 740.00   4.224662e-03   -1.161170e-06
 740.00   4.126094e-03   1.140381e-06
 740.00   2.711805e-05   8.292842e-09
 740.00   1.364354e-05   -3.985222e-09
 740.00   2.314825e-07   -8.204813e-11
 750.00   2.289318e-01   -2.313224e-07
 749.97   2.469097e-04   2.205690e-14
 750.09   3.929316e-03   8.845747e-12
 750.00   6.207489e-04   8.002031e-13
 750.00   4.503455e-05   6.823968e-15
 750.04   4.119579e-06   -8.880808e-15
 750.04   9.518572e-06   3.067652e-14
 750.00   2.672909e-01   -6.406360e-05
 750.00   3.946645e-03   -1.087464e-06
 750.00   3.859530e-03   1.068420e-06
 750.00   2.465951e-05   7.563797e-09
 750.00   1.242716e-05   -3.638475e-09
 750.00   2.053121e-07   -7.305081e-11
 760.00   2.229802e-01   -2.140168e-07
 759.96   2.280406e-04   2.684962e-14
 759.99   1.362030e-02   3.215431e-09
 760.00   5.887615e-04   6.964605e-13
 760.00   4.159237e-05   2.357381e-14
 760.07   3.454363e-06   -7.811568e-15
 760.07   7.688044e-06   -7.477959e-15
 760.00   2.504459e-01   -5.995175e-05
 760.00   3.690196e-03   -1.019306e-06
 760.00   3.613381e-03   1.001882e-06
 760.00   2.244973e-05   6.906971e-09
 760.00   1.133259e-05   -3.325742e-09
 760.00   1.813098e-07   -6.495400e-11
 770.00   2.172566e-01   -1.981899e-07
 770.04   2.106848e-04   -1.448017e-14
 769.89   4.225609e-03   4.011263e-11
 770.00   5.588076e-04   6.394324e-13
 770.00   3.845322e-05   9.534149e-15
 769.93   3.126173e-06   -2.200551e-14
 769.93   7.114816e-06   -2.476177e-14
 770.00   2.348415e-01   -5.615317e-05
 770.00   3.453391e-03   -9.562147e-07
 770.00   3.385844e-03   9.402925e-07
 770.00   2.046469e-05   6.315207e-09
 770.00   1.034667e-05   -3.043593e-09
 770.00   1.621063e-07   -5.819097e-11
 780.00   2.117494e-01   -1.837007e-07
 780.03   1.949861e-04   2.387955e-15
 780.12   3.062708e-03   9.058378e-12
 780.00   5.307340e-04   5.416517e-13
 780.00   3.558720e-05   4.445012e-15
 779.96   2.865318e-06   -2.553621e-14
 779.96   5.914839e-06   -2.105662e-14
 780.00   2.203757e-01   -5.264028e-05
 780.00   3.234502e-03   -8.977571e-07
 780.00   3.175297e-03   8.832266e-07
 780.00   1.867609e-05   5.780696e-09
 780.00   9.458274e-06   -2.788669e-09
 780.00   1.434700e-07   -5.182503e-11
 790.00   2.064481e-01   -1.704229e-07
 790.02   1.806357e-04   1.844542e-14
 790.02   3.776717e-04   -8.406437e-14
 790.00   5.044011e-04   4.788847e-13
 790.00   3.296712e-05   -1.911036e-14
 789.99   2.581459e-06   1.357530e-14
 789.99   5.564932e-06   1.462925e-14
 790.00   2.069550e-01   -4.938828e-05
 790.00   3.031972e-03   -8.435413e-07
 790.00   2.980279e-03   8.302996e-07
 790.00   1.706251e-05   5.297363e-09
 790.00   8.654667e-06   -2.557767e-09
 790.00   1.286567e-07   -4.662764e-11
 800.00   2.013425e-01   -1.582431e-07
 800.01   1.675027e-04   2.263315e-14
 799.92   3.046922e-03   1.727070e-11
 800.00   4.796810e-04   4.390469e-13
 800.00   3.056962e-05   -2.259391e-14
 800.02   2.321144e-06   7.985583e-15
 800.02   5.351967e-06   3.953868e-15
 800.00   1.944946e-01   -4.637476e-05
 800.00   2.844396e-03   -7.932129e-07
 800.00   2.799469e-03   7.811638e-07
 800.00   1.560757e-05   4.860175e-09
 800.00   7.928860e-06   -2.348717e-09
 800.00   1.147666e-07   -4.174369e-11
 810.00   1.964233e-01   -1.470598e-07
 810.00   1.554702e-04   -6.455665e-15
 810.15   2.262316e-03   4.786788e-12
 810.00   4.564563e-04   3.760030e-13
 810.00   2.837318e-05   4.968682e-15
 810.05   2.205216e-06   1.097028e-14
 810.05   4.418526e-06   -2.010436e-15
 810.00   1.829169e-01   -4.357953e-05
 810.00   2.670505e-03   -7.464508e-07
 810.00   2.631673e-03   7.355047e-07
 810.00   1.429111e-05   4.463732e-09
 810.00   7.271384e-06   -2.158905e-09
 810.00   1.013929e-07   -3.716160e-11
 820.00   1.916814e-01   -1.367817e-07
 819.99   1.444346e-04   2.913468e-15
 820.05   1.517210e-03   -5.671223e-14
 820.00   4.346203e-04   3.628328e-13
 820.00   2.635834e-05   -4.097395e-14
 820.08   2.024176e-06   -4.437694e-14
 820.08   4.035877e-06   -1.110158e-14
 820.00   1.721509e-01   -4.098432e-05
 820.00   2.509151e-03   -7.029637e-07
 820.00   2.475813e-03   6.930375e-07
 820.00   1.309915e-05   4.103832e-09
 820.00   6.676149e-06   -1.986749e-09
 820.00   9.121836e-08   -3.358701e-11
 830.00   1.871085e-01   -1.273266e-07
 829.98   1.343023e-04   1.438628e-15
 829.95   2.259165e-03   8.201216e-12
 830.00   4.140739e-04   2.953436e-13
 830.00   2.450868e-05   -4.485670e-14
 829.94   1.924149e-06   9.100576e-15
 829.94   3.537370e-06   -2.307627e-14
 830.00   1.621321e-01   -3.857260e-05
 830.00   2.359296e-03   -6.624873e-07
 830.00   2.330907e-03   6.535034e-07
 830.00   1.202013e-05   3.777114e-09
 830.00   6.134970e-06   -1.829911e-09
 830.00   8.058251e-08   -2.993077e-11
 840.00   1.826967e-01   -1.186208e-07
 839.97   1.249896e-04   1.279749e-14
 839.85   1.646834e-03   2.025519e-12
 840.00   3.947275e-04   2.949731e-13
 840.00   2.280891e-05   4.306017e-15
 839.97   1.772977e-06   -4.317510e-15
 839.97   3.238941e-06   -2.853869e-14
 840.00   1.528015e-01   -3.632937e-05
 840.00   2.219998e-03   -6.247813e-07
 840.00   2.196069e-03   6.166678e-07
 840.00   1.104074e-05   3.479811e-09
 840.00   5.643911e-06   -1.687341e-09
 840.00   7.302532e-08   -2.714318e-11
 850.00   1.784386e-01   -1.105976e-07
 849.96   1.164218e-04   -2.029854e-14
 850.08   1.277602e-03   5.548878e-13
 850.00   3.764974e-04   2.704192e-13
 850.00   2.124487e-05   -2.475830e-14
 850.00   1.661583e-06   3.399841e-14
 850.00   2.912283e-06   -5.147792e-16
 850.00   1.441053e-01   -3.424104e-05
 850.00   2.090400e-03   -5.896269e-07
 850.00   2.070491e-03   5.823171e-07
 850.00   1.015187e-05   3.209209e-09
 850.00   5.197879e-06   -1.557487e-09
 850.00   6.609499e-08   -2.462000e-11
 860.00   1.743272e-01   -1.031970e-07
 860.04   1.084635e-04   4.335508e-15
 859.98   1.921762e-03   6.859042e-12
 860.00   3.593076e-04   2.317758e-13
 860.00   1.980474e-05   3.572880e-15
 860.03   1.557824e-06   9.023056e-15
 860.03   2.624118e-06   2.259054e-14
 860.00   1.359942e-01   -3.229525e-05
 860.00   1.969728e-03   -5.568251e-07
 860.00   1.953440e-03   5.502571e-07
 860.00   9.342730e-06   2.962365e-09
 860.00   4.790924e-06   -1.438811e-09
 860.00   5.924805e-08   -2.220000e-11
 870.00   1.703558e-01   -9.636473e-08
 870.03   1.011954e-04   -2.727755e-14
 869.88   1.189160e-03   8.167409e-13
 870.00   3.430875e-04   2.261520e-13
 870.00   1.847720e-05   3.122329e-14
 870.06   1.447757e-06   1.946913e-14
 870.06   2.395407e-06   -7.016848e-15
 870.00   1.284232e-01   -3.048076e-05
 870.00   1.857274e-03   -5.261940e-07
 870.00   1.844247e-03   5.203106e-07
 870.00   8.606637e-06   2.737162e-09
 870.00   4.420001e-06   -1.330412e-09
 870.00   5.390571e-08   -2.019800e-11
 880.00   1.665182e-01   -9.005181e-08
 880.02   9.448934e-05   -1.672404e-14
 880.11   9.684148e-04   3.489511e-13
 880.00   3.277721e-04   1.744483e-13
 880.00   1.725218e-05   -2.611084e-15
 879.92   1.373795e-06   8.194400e-16
 879.92   2.145004e-06   -3.564065e-14
 880.00   1.213512e-01   -2.878733e-05
 880.00   1.752394e-03   -4.975681e-07
 880.00   1.742303e-03   4.923159e-07
 880.00   7.935825e-06   2.531441e-09
 880.00   4.080715e-06   -1.231233e-09
 880.00   4.900855e-08   -1.839521e-11
 890.00   1.628084e-01   -8.421382e-08
 890.01   8.829620e-05   -2.039753e-14
 890.01   2.043483e-04   -2.594442e-14
 890.00   3.133018e-04   1.822061e-13
 890.00   1.612095e-05   -1.832302e-17
 889.95   1.281340e-06   2.533238e-14
 889.95   1.957114e-06   -1.833939e-14
 890.00   1.147404e-01   -2.720564e-05
 890.00   1.654502e-03   -4.707956e-07
 890.00   1.647053e-03   4.661257e-07
 890.00   7.322767e-06   2.342951e-09
 890.00   3.772426e-06   -1.140652e-09
 890.00   4.344779e-08   -1.651156e-11
 900.00   1.592209e-01   -7.881070e-08
 900.00   8.257169e-05   1.645927e-14
 899.91   8.614410e-04   3.655819e-13
 900.00   2.996211e-04   1.374309e-13
 900.00   1.507527e-05   -1.696115e-14
 899.98   1.221339e-06   -2.307529e-14
 899.98   1.744107e-06   -1.429835e-14
 900.00   1.085565e-01   -2.572716e-05
 900.00   1.563061e-03   -4.457381e-07
 900.00   1.557990e-03   4.416047e-07
 900.00   6.763843e-06   2.170638e-09
 900.00   3.488072e-06   -1.057257e-09
 900.00   3.918043e-08   -1.497888e-11
 910.00   1.557504e-01   -7.380598e-08
 909.99   7.727549e-05   2.814448e-14
 910.14   7.153120e-04   1.220831e-13
 910.00   2.866790e-04   1.498029e-13
 910.00   1.410825e-05   5.039231e-14
 910.01   1.129957e-06   -2.555259e-14
 910.01   1.611148e-06   -1.543362e-15
 910.00   1.027677e-01   -2.434412e-05
 910.00   1.477584e-03   -4.222687e-07
 910.00   1.474649e-03   4.186298e-07
 910.00   6.253589e-06   2.012856e-09
 910.00   3.229910e-06   -9.811643e-10
 910.00   3.628249e-08   -1.379540e-11
 920.00   1.523918e-01   -6.916656e-08
 919.98   7.237151e-05   2.787939e-14
 920.04   5.612843e-04   3.789796e-14
 920.00   2.744280e-04   1.341104e-13
 920.00   1.321240e-05   1.319355e-14
 920.04   1.054989e-06   -7.844203e-16
 920.04   1.474916e-06   4.830880e-15
 920.00   9.734505e-02   -2.304939e-05
 920.00   1.397623e-03   -4.002710e-07
 920.00   1.396607e-03   3.970876e-07
 920.00   5.786673e-06   1.868062e-09
 920.00   2.992437e-06   -9.110679e-10
 920.00   3.196666e-08   -1.230663e-11
 930.00   1.491404e-01   -6.486254e-08
 929.97   6.782663e-05   -3.165437e-15
 929.94   6.310195e-04   1.291720e-13
 930.00   2.628243e-04   1.045460e-13
 930.00   1.238237e-05   -3.734101e-15
 930.07   9.960587e-07   -9.387022e-16
 930.07   1.334435e-06   -1.744720e-14
 930.00   9.226196e-02   -2.183646e-05
 930.00   1.322768e-03   -3.796385e-07
 930.00   1.323472e-03   3.768744e-07
 930.00   5.356984e-06   1.734692e-09
 930.00   2.776233e-06   -8.470674e-10
 930.00   2.895526e-08   -1.124298e-11
 940.00   1.459918e-01   -6.086653e-08
 939.96   6.361163e-05   4.024992e-14
 939.84   5.272772e-04   6.853643e-14
 940.00   2.518276e-04   1.252288e-13
 940.00   1.161255e-05   7.323352e-15
 939.93   9.335602e-07   -1.531371e-14
 939.93   1.222681e-06   -4.145013e-14
 940.00   8.749395e-02   -2.069936e-05
 940.00   1.252644e-03   -3.602733e-07
 940.00   1.254891e-03   3.578952e-07
 940.00   4.965156e-06   1.612621e-09
 940.00   2.576169e-06   -7.878143e-10
 940.00   2.712598e-08   -1.045103e-11
 950.00   1.429416e-01   -5.715380e-08
 950.04   5.966477e-05   -2.100262e-14
 950.07   4.475139e-04   1.137718e-14
 950.00   2.413998e-04   1.100106e-13
 950.00   1.089804e-05   9.629558e-15
 949.96   8.795138e-07   3.082170e-15
 949.96   1.111206e-06   4.144471e-15
 950.00   8.301854e-02   -1.963261e-05
 950.00   1.186907e-03   -3.420853e-07
 950.00   1.190534e-03   3.400624e-07
 950.00   4.604841e-06   1.500090e-09
 950.00   2.393390e-06   -7.335382e-10
 950.00   2.404238e-08   -9.404367e-12
 960.00   1.399858e-01   -5.370168e-08
 960.03   5.603240e-05   1.103750e-14
 959.97   4.775245e-04   3.576100e-14
 960.00   2.315059e-04   8.155087e-14
 960.00   1.023409e-05   -4.943528e-15
 959.99   8.229924e-07   2.923226e-15
 959.99   1.019797e-06   -3.647798e-14
 960.00   7.881505e-02   -1.863118e-05
 960.00   1.125241e-03   -3.249919e-07
 960.00   1.130102e-03   3.232955e-07
 960.00   4.275098e-06   1.396781e-09
 960.00   2.224981e-06   -6.833904e-10
 960.00   2.258337e-08   -8.718381e-12
 970.00   1.371205e-01   -5.048962e-08
 970.02   5.265562e-05   1.642198e-14
 969.87   3.877794e-04   8.750596e-15
 970.00   2.221140e-04   7.313854e-14
 970.00   9.617132e-06   9.173868e-15
 970.02   7.693130e-07   3.817801e-15
 970.02   9.379441e-07   -7.791836e-15
 970.00   7.486446e-02   -1.769045e-05
 970.00   1.067357e-03   -3.089169e-07
 970.00   1.073317e-03   3.075206e-07
 970.00   3.971667e-06   1.301507e-09
 970.00   2.069887e-06   -6.371749e-10
 970.00   2.062646e-08   -7.996271e-12
 980.00   1.343422e-01   -4.749866e-08
 980.01   4.951355e-05   -4.394000e-14
 980.10   3.379139e-04   3.503610e-14
 980.00   2.131934e-04   7.750690e-14
 980.00   9.042811e-06   -3.425624e-14
 980.05   7.250895e-07   -3.146355e-14
 980.05   8.548127e-07   1.213331e-15
 980.00   7.114922e-02   -1.680617e-05
 980.00   1.012986e-03   -2.937900e-07
 980.00   1.019926e-03   2.926695e-07
 980.00   3.690476e-06   1.213120e-09
 980.00   1.926393e-06   -5.943347e-10
 980.00   1.831175e-08   -7.195538e-12
 990.00   1.316473e-01   -4.471185e-08
 990.00   4.658847e-05   -8.527792e-15
 990.00   3.120093e-04   1.852744e-10
 990.00   2.047160e-04   5.847102e-14
 990.00   8.508317e-06   -1.463738e-14
 990.08   6.802524e-07   6.034192e-14
 990.08   7.850514e-07   -2.664026e-14
 990.00   6.765316e-02   -1.597441e-05
 990.00   9.618847e-04   -2.795467e-07
 990.00   9.696935e-04   2.786793e-07
 990.00   3.434694e-06   1.132244e-09
 990.00   1.793779e-06   -5.547070e-10
 990.00   1.726873e-08   -6.737435e-12
 1000.00   1.290325e-01   -4.211335e-08
 999.99   4.386284e-05   2.151924e-15
 999.90   2.864967e-04   1.213428e-14
 1000.00   1.966558e-04   6.333324e-14
 1000.00   8.010366e-06   -2.154949e-14
 999.94   6.399095e-07   2.205007e-14
 999.94   7.204912e-07   2.756963e-14
 1000.00   6.436138e-02   -1.519159e-05
 1000.00   9.138258e-04   -2.661272e-07
 1000.00   9.224043e-04   2.654921e-07
 1000.00   3.196913e-06   1.057085e-09
 1000.00   1.672116e-06   -5.182800e-10
 1000.00   1.555420e-08   -6.134894e-12
