 150.00   2.686267e+00   5.537258e-04
 150.00   3.033774e+00   4.504648e-04
 149.98   1.728522e+04   4.412235e+00
 150.00   2.645870e+00   1.250466e-05
 150.00   2.494220e+00   5.041066e-05
 150.01   3.321443e-01   5.465640e-03
 150.01   2.889393e+00   1.142702e-03
 150.00   7.246451e+04   9.335475e+01
 150.00   2.597380e+00   -3.052486e-02
 150.00   2.863871e+00   2.618018e-02
 150.00   2.388054e+00   4.590615e-03
 150.00   6.131865e-01   -1.310060e-03
 150.00   1.560705e+00   -7.155142e-04
 155.00   3.030962e+00   5.245636e-04
 155.00   2.828178e+00   6.194834e-04
 155.00   7.901842e+04   8.022788e+01
 155.00   2.464984e+00   5.151907e-06
 155.00   2.893266e+00   4.949785e-05
 155.01   2.359432e+00   -2.827571e-03
 155.01   2.363162e+00   2.468722e-04
 155.00   1.676991e+04   5.767181e+00
 155.00   2.405873e+00   -2.607245e-02
 155.00   2.100248e+00   2.233796e-02
 155.00   3.056115e+00   3.666934e-03
 155.00   2.953086e+00   -1.092463e-03
 155.00   2.441189e+00   -5.469607e-04
 160.00   2.992178e+00   4.915378e-04
 160.00   2.246699e+00   1.489292e-04
 159.98   9.563544e+03   1.662386e+00
 160.00   2.132839e+00   -1.256395e-05
 160.00   2.076395e+00   7.008201e-04
 160.00   2.093160e+00   5.237813e-04
 160.00   2.856883e+00   1.094248e-04
 160.00   5.239496e+04   5.596554e+01
 160.00   9.968419e-01   -2.222264e-02
 160.00   3.078268e+00   1.917053e-02
 160.00   3.015746e+00   2.951173e-03
 160.00   2.964881e+00   -9.100524e-04
 160.00   2.966856e+00   -4.215798e-04
 165.00   2.662558e+00   4.564416e-04
 165.00   3.872803e-01   4.005422e-04
 165.00   1.296966e+04   2.644356e+00
 165.00   2.101384e+00   -5.178443e-06
 165.00   2.357905e+00   2.650680e-05
 165.00   1.718548e+00   4.778465e-04
 165.00   1.871229e+00   2.380726e-04
 165.00   1.398370e+03   5.398927e-01
 165.00   2.771352e+00   -1.926586e-02
 165.00   3.072210e+00   1.651954e-02
 165.00   3.033361e+00   2.391558e-03
 165.00   2.223654e+00   -7.601143e-04
 165.00   3.054070e+00   -3.270176e-04
 170.00   2.113790e+00   4.164944e-04
 170.00   3.044072e+00   2.173163e-04
 170.02   8.063288e+04   8.355590e+01
 170.00   1.930286e+00   -7.684112e-06
 170.00   2.554117e+00   3.526055e-05
 170.00   7.324529e-03   -3.792985e-04
 170.00   1.797332e+00   2.317799e-04
 170.00   1.020383e+04   3.059455e+00
 170.00   2.748659e+00   -1.665758e-02
 170.00   2.787811e+00   1.428917e-02
 170.00   1.746859e+00   1.951052e-03
 170.00   1.086795e+00   -6.350194e-04
 170.00   2.986241e+00   -2.552330e-04
 175.00   1.412100e+00   3.622894e-04
 175.00   2.847549e+00   1.882705e-04
 175.00   8.616243e+04   9.545891e+01
 175.00   1.768701e+00   -8.799381e-06
 175.00   9.734235e-01   -2.409502e-05
 175.00   2.234689e+00   2.745103e-04
 175.00   9.440755e-01   1.147088e-06
 175.00   7.731323e+04   1.675097e+02
 175.00   1.968281e+00   -1.446003e-02
 175.00   3.076160e+00   1.241592e-02
 175.00   2.998841e+00   1.598664e-03
 175.00   2.525880e+00   -5.342665e-04
 175.00   2.848214e+00   -2.003928e-04
 180.00   7.873442e-01   2.663854e-04
 180.00   2.704647e+00   2.803088e-04
 180.02   2.441088e+00   1.518402e-03
 180.00   1.595302e+00   -1.009752e-05
 180.00   1.913670e+00   3.283305e-05
 180.00   3.510223e+00   3.324577e-04
 180.00   2.854916e+00   8.389021e-05
 180.00   4.631563e+04   7.045758e+01
 180.00   8.125048e-01   -1.248728e-02
 180.00   2.237600e+00   1.082194e-02
 180.00   7.442710e-01   1.312541e-03
 180.00   2.896477e+00   -4.501577e-04
 180.00   2.675846e+00   -1.582383e-04
 185.00   1.315933e+00   7.425867e-05
 185.00   3.051434e+00   1.631664e-04
 185.00   7.181073e+04   6.867830e+01
 185.00   1.478418e+00   -8.342758e-06
 185.00   2.202740e+00   5.380004e-05
 184.99   1.403981e+00   2.223488e-03
 184.99   2.857895e+00   7.764243e-05
 185.00   2.151736e+04   1.867284e+01
 185.00   2.945849e+00   -1.100460e-02
 185.00   2.200947e+00   9.470281e-03
 185.00   2.965381e+00   1.092830e-03
 185.00   3.029654e+00   -3.804459e-04
 185.00   2.485088e+00   -1.256410e-04
 190.00   2.660619e+00   -2.569697e-05
 190.00   3.052333e+00   1.579346e-04
 190.01   2.000877e+04   5.647614e+00
 190.00   1.350740e+00   -7.415758e-06
 190.00   1.353641e+00   1.708632e-05
 189.99   2.927959e+00   -8.455767e-05
 189.99   1.214978e+00   1.501654e-07
 190.00   5.408283e+04   1.451771e+02
 190.00   3.010680e+00   -9.651827e-03
 190.00   3.036979e+00   8.318810e-03
 190.00   2.961643e+00   9.099534e-04
 190.00   3.053293e+00   -3.225088e-04
 190.00   2.282977e+00   -1.002881e-04
 195.00   3.430015e+00   -3.734458e-05
 195.00   2.925488e+00   9.598941e-05
 195.00   1.372628e+04   2.930944e+00
 195.00   1.234148e+00   -6.354718e-06
 195.00   1.489131e+00   1.516171e-05
 195.01   1.064058e+00   5.497265e-05
 195.01   2.784232e+00   -8.361882e-05
 195.00   1.883655e+04   2.402406e+01
 195.00   2.471034e+00   -8.491302e-03
 195.00   1.258686e+00   7.327182e-03
 195.00   2.218525e+00   7.611825e-04
 195.00   3.016096e+00   -2.742216e-04
 195.00   2.073140e+00   -8.046117e-05
 200.00   3.302489e+00   7.526912e-05
 200.00   2.906275e+00   1.095642e-04
 200.01   7.417257e+04   7.669738e+01
 200.00   1.124925e+00   -5.278075e-06
 200.00   2.759883e+00   2.505883e-05
 200.00   1.258879e+00   1.591392e-04
 200.00   2.841500e+00   4.975773e-05
 200.00   1.591856e+03   7.421706e-01
 200.00   2.840774e+00   -7.496272e-03
 200.00   2.902842e+00   6.477673e-03
 200.00   1.043403e+00   6.378250e-04
 200.00   2.942889e+00   -2.338605e-04
 200.00   1.858896e+00   -6.488083e-05
 205.00   2.940210e+00   1.846860e-04
 205.00   2.688744e+00   8.093875e-05
 205.00   7.606043e+04   8.250417e+01
 205.00   1.031788e+00   -4.335298e-06
 205.00   1.055501e+00   1.313088e-05
 205.00   3.256697e+00   -2.926177e-03
 205.00   3.051586e+00   3.464254e-05
 205.00   1.632544e+04   4.462896e+01
 205.00   3.503413e-01   -6.722868e-03
 205.00   3.031929e+00   5.740434e-03
 205.00   2.499589e+00   5.402989e-04
 205.00   2.847729e+00   -2.000259e-04
 205.00   1.644752e+00   -5.258333e-05
 210.00   2.567424e+00   2.276142e-04
 210.00   2.651887e+00   7.332722e-05
 210.01   6.286006e+04   5.169897e+01
 210.00   9.446043e-01   -3.494905e-06
 210.00   1.076145e+00   1.086511e-05
 210.00   6.391933e-01   5.556924e-05
 210.00   3.918605e-02   -5.955781e-07
 210.00   1.789318e+04   1.208790e+02
 210.00   2.163079e+00   -5.890482e-03
 210.00   2.979304e+00   5.102147e-03
 210.00   2.879251e+00   4.577339e-04
 210.00   2.738874e+00   -1.715795e-04
 210.00   1.436457e+00   -4.280999e-05
 215.00   2.230313e+00   2.408638e-04
 215.00   2.375141e+00   4.408809e-05
 215.00   6.650312e+04   5.773912e+01
 215.00   8.656868e-01   -2.788208e-06
 215.00   6.515088e-01   1.478561e-06
 215.00   3.041658e+00   1.967024e-04
 215.00   2.313182e+00   2.773494e-05
 215.00   9.092855e+03   1.594529e+02
 215.00   2.000905e+00   -5.245900e-03
 215.00   2.537975e+00   4.547505e-03
 215.00   3.021760e+00   3.892738e-04
 215.00   2.621198e+00   -1.475936e-04
 215.00   1.239997e+00   -3.496114e-05
 220.00   1.943624e+00   2.420241e-04
 220.00   2.374833e+00   5.369631e-05
 220.01   4.893123e+03   8.350881e-01
 220.00   7.936101e-01   -2.205420e-06
 220.00   7.506351e-01   7.608537e-06
 220.00   2.706649e+00   2.431323e-03
 220.00   3.052986e+00   1.996856e-05
 220.00   3.282642e+00   -5.726768e-01
 220.00   7.923508e-01   -4.609490e-03
 220.00   1.658397e+00   4.057832e-03
 220.00   3.055565e+00   3.322592e-04
 220.00   2.497551e+00   -1.273105e-04
 220.00   1.060281e+00   -2.861714e-05
 225.00   1.716697e+00   2.380030e-04
 225.00   2.847287e+00   5.987085e-05
 224.99   4.593519e+04   3.385329e+01
 225.00   7.296527e-01   -1.739995e-06
 225.00   7.809819e-01   8.821087e-06
 225.00   2.002066e+00   4.541399e-05
 225.00   6.252412e-01   -5.542294e-06
 225.00   1.660838e+00   -3.869091e-01
 225.00   2.829843e+00   -4.184407e-03
 225.00   3.046498e+00   3.637580e-03
 225.00   3.028939e+00   2.845821e-04
 225.00   2.369604e+00   -1.101101e-04
 225.00   9.002795e-01   -2.350168e-05
 230.00   1.556800e+00   2.316818e-04
 230.00   2.089971e+00   4.019376e-05
 230.01   2.115516e+04   6.866009e+00
 230.00   6.711524e-01   -1.366742e-06
 230.00   5.412786e-01   2.804241e-06
 229.99   2.670066e+00   1.299116e-04
 229.99   2.177823e+00   4.455800e-05
 230.00   1.210905e+00   -3.147123e-01
 230.00   2.946104e+00   -3.751061e-03
 230.00   1.992058e+00   3.266264e-03
 230.00   2.966352e+00   2.445578e-04
 230.00   2.238415e+00   -9.548312e-05
 230.00   7.609135e-01   -1.939419e-05
 235.00   1.467025e+00   2.243652e-04
 235.00   2.021676e+00   3.767756e-05
 234.99   3.027566e+00   -7.331432e-03
 235.00   6.181541e-01   -1.071583e-06
 235.00   5.235704e-01   3.579159e-06
 235.01   3.036250e+00   2.003480e-04
 235.01   2.017536e+00   6.949349e-05
 235.00   2.965305e+00   -2.672090e-01
 235.00   1.441881e+00   -3.336052e-03
 235.00   3.010884e+00   2.938074e-03
 235.00   2.881693e+00   2.108323e-04
 235.00   2.104815e+00   -8.301017e-05
 235.00   6.414879e-01   -1.609229e-05
 240.00   1.443265e+00   2.166867e-04
 240.00   1.805976e+00   3.049175e-05
 240.01   2.659685e+03   6.004405e-01
 240.00   5.700055e-01   -8.413918e-07
 240.00   1.591950e+00   2.210546e-05
 240.01   2.845148e+00   -2.260654e-06
 240.01   1.645944e+00   3.092960e-06
 240.00   3.063761e+00   -2.313657e-01
 240.00   3.028648e+00   -3.036651e-03
 240.00   8.111835e-01   2.653264e-03
 240.00   2.783207e+00   1.823128e-04
 240.00   1.969662e+00   -7.234408e-05
 240.00   5.403030e-01   -1.342095e-05
 245.00   1.474003e+00   2.089689e-04
 245.00   1.704139e+00   2.827119e-05
 244.99   5.474847e+04   4.392982e+01
 245.00   5.264785e-01   -6.576593e-07
 245.00   3.893858e-01   1.367071e-06
 245.00   4.520822e-01   -7.059288e-05
 245.00   7.454223e-02   -7.061077e-08
 245.00   1.496063e+00   -2.026877e-01
 245.00   2.042348e+00   -2.735878e-03
 245.00   3.022146e+00   2.394233e-03
 245.00   2.675848e+00   1.581131e-04
 245.00   1.833988e+00   -6.319614e-05
 245.00   4.551956e-01   -1.124218e-05
 250.00   1.543962e+00   2.013808e-04
 250.00   1.532039e+00   2.646795e-05
 250.01   7.662638e+02   5.099904e-01
 250.00   4.868416e-01   -5.154798e-07
 250.00   3.645668e-01   1.484570e-06
 250.00   2.251704e+00   5.990007e-05
 250.00   1.104344e+00   9.961889e-06
 250.00   2.246425e+00   -1.791367e-01
 250.00   2.781457e+00   -2.478723e-03
 250.00   2.713125e+00   2.166916e-03
 250.00   2.562582e+00   1.375109e-04
 250.00   1.699046e+00   -5.532613e-05
 250.00   3.839133e-01   -9.452135e-06
 255.00   1.638558e+00   1.940109e-04
 255.00   1.430194e+00   2.446911e-05
 254.99   1.178164e+04   2.532302e+00
 255.00   4.507796e-01   -4.044230e-07
 255.00   2.848330e-01   2.935327e-07
 255.00   1.074520e+00   1.058626e-05
 255.00   1.479261e-01   -3.261469e-08
 255.00   2.582432e+00   -1.593233e-01
 255.00   2.975383e+00   -2.246822e-03
 255.00   1.268363e+00   1.965207e-03
 255.00   2.445175e+00   1.199157e-04
 255.00   1.566258e+00   -4.853564e-05
 255.00   3.243302e-01   -7.972967e-06
 260.00   1.746314e+00   1.869034e-04
 260.00   1.273813e+00   2.103397e-05
 260.01   5.833256e+03   4.699237e+00
 260.00   4.179200e-01   -3.180410e-07
 260.00   2.754387e-01   5.512391e-07
 260.00   1.193122e+00   6.663091e-06
 260.00   2.827681e-01   1.350169e-06
 260.00   2.655302e+00   -1.424163e-01
 260.00   1.384932e+00   -2.011618e-03
 260.00   2.896379e+00   1.787097e-03
 260.00   2.324708e+00   1.048423e-04
 260.00   1.437114e+00   -4.266308e-05
 260.00   2.745490e-01   -6.745226e-06
 265.00   1.859178e+00   1.800781e-04
 265.00   1.189150e+00   1.976075e-05
 264.99   1.157077e+04   2.505973e+00
 265.00   3.879636e-01   -2.499071e-07
 265.00   2.598796e-01   6.439879e-07
 265.00   7.970133e-01   6.286292e-06
 265.00   5.213471e-01   1.338111e-05
 265.00   5.464080e-01   -1.278087e-01
 265.00   2.588015e+00   -1.855037e-03
 265.00   3.038950e+00   1.626573e-03
 265.00   2.201924e+00   9.189049e-05
 265.00   1.313029e+00   -3.757744e-05
 265.00   2.329317e-01   -5.722496e-06
 270.00   1.971875e+00   1.735399e-04
 270.00   1.611415e+00   2.779477e-05
 270.01   1.441686e+02   2.163210e+01
 270.00   3.605953e-01   -1.968886e-07
 270.00   2.135764e-01   2.174343e-07
 269.99   2.561752e+00   1.164067e-04
 269.99   1.325655e+00   1.591650e-06
 270.00   1.239369e+00   -1.151780e-01
 270.00   3.044669e+00   -1.690323e-03
 270.00   2.632146e+00   1.483026e-03
 270.00   2.077468e+00   8.072961e-05
 270.00   1.195221e+00   -3.317049e-05
 270.00   1.980934e-01   -4.867890e-06
 275.00   2.081114e+00   1.672859e-04
 275.00   9.819653e-01   1.513194e-05
 274.99   2.874089e+03   1.121740e+00
 275.00   3.355654e-01   -1.553614e-07
 275.00   1.963959e-01   2.123295e-07
 274.99   1.666220e+00   -5.124153e-05
 274.99   6.158163e-01   -1.246212e-05
 275.00   2.950211e+00   -1.041265e-01
 275.00   2.881894e+00   -1.542978e-03
 275.00   8.165419e-01   1.354469e-03
 275.00   1.952041e+00   7.108571e-05
 275.00   1.084619e+00   -2.934925e-05
 275.00   1.688774e-01   -4.151733e-06
 280.00   2.184934e+00   1.613080e-04
 280.00   9.023302e-01   1.299204e-05
 280.00   2.306855e+00   2.665021e-03
 280.00   3.126434e-01   -1.228222e-07
 280.00   7.532182e-01   2.517745e-06
 280.01   2.896471e-01   -1.130611e-05
 280.01   1.345506e-01   -7.001015e-07
 280.00   1.613830e+00   -9.435808e-02
 280.00   2.037722e+00   -1.406970e-03
 280.00   2.228174e+00   1.240100e-03
 280.00   1.826481e+00   6.273201e-05
 280.00   9.818248e-01   -2.603140e-05
 280.00   1.443250e-01   -3.549969e-06
 285.00   2.282252e+00   1.555956e-04
 285.00   8.084115e-01   1.074031e-05
 284.99   3.274073e+00   -8.164784e-03
 285.00   2.916256e-01   -9.718270e-08
 285.00   1.554699e-01   9.317383e-08
 285.00   1.125421e+00   1.530591e-05
 285.00   4.746076e-01   9.534763e-06
 285.00   4.992895e-01   -8.575084e-02
 285.00   1.418026e+00   -1.308303e-03
 285.00   2.842164e+00   1.136268e-03
 285.00   1.701783e+00   5.548086e-05
 285.00   8.871205e-01   -2.314378e-05
 285.00   1.236447e-01   -3.042993e-06
 290.00   2.372545e+00   1.501367e-04
 290.00   7.374654e-01   8.860405e-06
 290.00   1.934768e+00   -3.540631e-03
 290.00   2.723274e-01   -7.702718e-08
 290.00   1.420143e-01   8.178215e-08
 290.00   2.507866e+00   -4.870634e-05
 290.00   1.404252e+00   -7.095899e-08
 290.00   2.952869e+00   -7.815811e-02
 290.00   2.621980e+00   -1.184016e-03
 290.00   3.037192e+00   1.042593e-03
 290.00   1.579056e+00   4.917650e-05
 290.00   8.005080e-01   -2.062262e-05
 290.00   1.061844e-01   -2.614771e-06
 295.00   2.455657e+00   1.449187e-04
 295.00   6.652638e-01   7.071803e-06
 294.99   3.048007e+00   -1.841681e-03
 295.00   2.545858e-01   -6.112930e-08
 295.00   1.234726e-01   3.681064e-08
 295.00   5.256466e-01   -2.369096e-05
 295.00   1.268871e-01   8.310547e-08
 295.00   2.863004e+00   -7.137823e-02
 295.00   2.964889e+00   -1.087302e-03
 295.00   3.036968e+00   9.580276e-04
 295.00   1.459452e+00   4.368836e-05
 295.00   7.217680e-01   -1.841366e-05
 295.00   9.140680e-02   -2.252152e-06
 300.00   2.531659e+00   1.399288e-04
 300.00   6.063309e-01   5.686387e-06
 300.00   2.619328e+00   -7.617906e-04
 300.00   2.382547e-01   -4.856933e-08
 300.00   1.139652e-01   3.733647e-08
 300.00   2.552256e-01   5.123430e-09
 300.00   1.539332e-01   6.780107e-07
 300.00   2.467650e+00   -6.531574e-02
 300.00   3.053416e+00   -1.000023e-03
 300.00   2.895009e+00   8.815551e-04
 300.00   1.344076e+00   3.890498e-05
 300.00   6.505219e-01   -1.647167e-05
 300.00   7.886923e-02   -1.944321e-06
 305.00   2.600768e+00   1.351547e-04
 305.00   5.480352e-01   4.400117e-06
 304.99   2.515452e+00   -6.543527e-04
 305.00   2.232033e-01   -3.861997e-08
 305.00   1.046324e-01   3.373362e-08
 305.00   2.199637e+00   1.943711e-05
 305.00   1.079749e+00   8.781383e-06
 305.00   1.050601e-01   -5.983015e-02
 305.00   2.985543e+00   -9.210020e-04
 305.00   2.612088e+00   8.122801e-04
 305.00   1.233897e+00   3.472940e-05
 305.00   5.862884e-01   -1.475925e-05
 305.00   6.820628e-02   -1.682359e-06
 310.00   2.663286e+00   1.305843e-04
 310.00   5.004344e-01   3.504907e-06
 310.00   2.425907e+00   2.319158e-03
 310.00   2.093145e-01   -3.073148e-08
 310.00   9.263725e-02   1.827278e-08
 310.00   6.948692e-01   -2.573197e-05
 310.00   2.193590e-01   -5.166154e-07
 310.00   2.811005e+00   -5.496917e-02
 310.00   2.786171e+00   -8.492992e-04
 310.00   2.106086e+00   7.493224e-04
 310.00   1.129686e+00   3.107625e-05
 310.00   5.285304e-01   -1.324543e-05
 310.00   5.911596e-02   -1.458899e-06
 315.00   2.719561e+00   1.262061e-04
 315.00   6.372886e-01   6.060768e-06
 314.99   3.006796e+00   -1.148813e-03
 315.00   1.964832e-01   -2.446425e-08
 315.00   8.462429e-02   1.510579e-08
 314.99   6.631597e-02   1.373430e-07
 314.99   3.924256e-02   2.418407e-08
 315.00   7.193389e-01   -5.056207e-02
 315.00   2.428586e+00   -7.838203e-04
 315.00   9.787194e-01   6.918233e-04
 315.00   1.031982e+00   2.787056e-05
 315.00   4.766913e-01   -1.190431e-05
 315.00   5.134796e-02   -1.267832e-06
 320.00   2.769966e+00   1.220091e-04
 320.00   4.146721e-01   2.113834e-06
 320.00   2.808392e+00   -2.213672e-03
 320.00   1.846152e-01   -1.947753e-08
 320.00   1.493919e-01   3.021442e-06
 320.01   5.494311e-01   7.632874e-06
 320.01   2.319003e-01   1.675857e-06
 320.00   1.231334e+00   -4.660777e-02
 320.00   1.744691e+00   -7.185905e-04
 320.00   9.794123e-01   6.409341e-04
 320.00   9.410899e-01   2.504737e-05
 320.00   4.302202e-01   -1.071406e-05
 320.00   4.469459e-02   -1.104089e-06
 325.00   2.814880e+00   1.179829e-04
 325.00   3.787869e-01   1.656974e-06
 324.98   3.058342e+00   -6.581858e-04
 325.00   1.736257e-01   -1.550317e-08
 325.00   6.965109e-02   7.868923e-09
 325.01   9.486125e-01   -1.398827e-05
 325.01   3.590571e-01   -3.822271e-06
 325.00   2.838664e+00   -4.300462e-02
 325.00   1.476739e-01   -6.676953e-04
 325.00   1.984343e+00   5.934290e-04
 325.00   8.571002e-01   2.255151e-05
 325.00   3.885889e-01   -9.656036e-06
 325.00   3.898308e-02   -9.634479e-07
 330.00   2.854676e+00   1.141178e-04
 330.00   3.452023e-01   1.265023e-06
 330.00   2.897367e+00   -1.019215e-03
 330.00   1.634383e-01   -1.233195e-08
 330.00   6.370931e-02   6.302802e-09
 330.00   2.040976e-01   -2.282111e-06
 330.00   5.861222e-02   2.150705e-09
 330.00   2.599820e+00   -3.974237e-02
 330.00   1.494812e+00   -6.313386e-04
 330.00   2.421162e+00   5.503384e-04
 330.00   7.799235e-01   2.033692e-05
 330.00   3.513024e-01   -8.714187e-06
 330.00   3.406927e-02   -8.423859e-07
 335.00   2.889717e+00   1.104045e-04
 335.00   3.157227e-01   9.840184e-07
 335.02   1.119459e+00   1.247679e-04
 335.00   1.539843e-01   -9.798475e-09
 335.00   5.763496e-02   4.065448e-09
 335.00   1.004610e-01   3.871632e-09
 335.00   5.799414e-02   4.205703e-08
 335.00   2.837819e+00   -3.679759e-02
 335.00   2.180204e+00   -5.776303e-04
 335.00   2.666375e+00   5.108215e-04
 335.00   7.093310e-01   1.836555e-05
 335.00   3.179041e-01   -7.874610e-06
 335.00   2.983259e-02   -7.379533e-07
 340.00   2.920348e+00   1.068346e-04
 340.00   2.887005e-01   7.570369e-07
 340.00   2.888076e+00   -2.470286e-04
 340.00   1.452016e-01   -7.772457e-09
 340.00   5.295145e-02   3.400160e-09
 340.00   1.343256e-01   4.820811e-06
 340.00   1.811451e-02   9.606013e-07
 340.00   2.702749e+00   -3.410378e-02
 340.00   2.519719e+00   -5.357253e-04
 340.00   2.821202e+00   4.746465e-04
 340.00   6.449955e-01   1.660604e-05
 340.00   2.879781e-01   -7.125208e-06
 340.00   2.617205e-02   -6.476792e-07
 345.00   2.946898e+00   1.033998e-04
 345.00   2.645908e-01   5.889470e-07
 345.01   1.855614e+00   -9.457841e-05
 345.00   1.370341e-01   -6.150980e-09
 345.00   4.863124e-02   2.767313e-09
 345.00   2.461592e-01   -3.153974e-06
 345.00   8.525839e-02   -3.839491e-08
 345.00   2.989614e+00   -3.163700e-02
 345.00   2.723734e+00   -4.979789e-04
 345.00   2.922577e+00   4.414983e-04
 345.00   5.865265e-01   1.503233e-05
 345.00   2.611483e-01   -6.455421e-06
 345.00   2.300287e-02   -5.694856e-07
 350.00   2.969675e+00   1.000927e-04
 350.00   2.425637e-01   4.551601e-07
 350.00   2.756058e+00   -7.657076e-04
 350.00   1.294311e-01   -4.852565e-09
 350.00   4.432323e-02   1.907346e-09
 350.00   3.721386e-02   -3.229182e-08
 350.00   1.529601e-03   2.168062e-10
 350.00   2.414832e+00   -2.940298e-02
 350.00   2.856228e+00   -4.634582e-04
 350.00   2.988215e+00   4.110871e-04
 350.00   5.335000e-01   1.362253e-05
 350.00   2.370771e-01   -5.856013e-06
 350.00   2.025359e-02   -5.016220e-07
 355.00   2.988968e+00   9.690620e-05
 355.00   2.228052e-01   3.553218e-07
 355.01   3.014811e+00   -2.236395e-04
 355.00   1.223466e-01   -3.812516e-09
 355.00   4.073217e-02   1.510462e-09
 354.99   3.140330e-01   2.264259e-06
 354.99   1.388234e-01   4.285190e-07
 355.00   1.673625e+00   -2.734934e-02
 355.00   2.943805e+00   -4.317857e-04
 355.00   3.028261e+00   3.831532e-04
 355.00   4.854804e-01   1.235797e-05
 355.00   2.154629e-01   -5.318893e-06
 355.00   1.786394e-02   -4.426102e-07
 360.00   3.005046e+00   9.383367e-05
 360.00   2.083930e-01   4.049745e-07
 360.00   2.579837e+00   4.988167e-05
 360.00   1.157390e-01   -2.979383e-09
 360.00   4.098670e-02   1.351049e-07
 359.99   2.869526e-01   -4.281686e-06
 359.99   1.125205e-01   -1.478368e-07
 360.00   2.741775e+00   -2.546621e-02
 360.00   3.000329e+00   -4.026787e-04
 360.00   3.049223e+00   3.574646e-04
 360.00   4.420374e-01   1.122251e-05
 360.00   1.960370e-01   -4.836969e-06
 360.00   1.578294e-02   -3.911990e-07
 365.00   3.018159e+00   9.086895e-05
 365.00   1.884519e-01   2.163180e-07
 365.01   2.037684e+00   8.413156e-04
 365.00   1.095703e-01   -2.312237e-09
 365.00   3.438135e-02   8.785829e-10
 365.01   8.055003e-02   -2.237009e-07
 365.01   2.884726e-02   -9.062862e-10
 365.00   2.862579e+00   -2.373109e-02
 365.00   3.034164e+00   -3.758948e-04
 365.00   3.055587e+00   3.338137e-04
 365.00   4.027570e-01   1.020205e-05
 365.00   1.785606e-01   -4.404012e-06
 365.00   1.396740e-02   -3.463276e-07
 370.00   3.028539e+00   8.800627e-05
 370.00   1.736290e-01   1.694987e-07
 370.00   2.770500e+00   8.955797e-04
 370.00   1.038062e-01   -1.778270e-09
 370.00   3.168644e-02   6.938086e-10
 370.00   4.787869e-02   8.622210e-10
 370.00   2.648127e-02   4.503812e-09
 370.00   2.798434e+00   -2.215400e-02
 370.00   3.050849e+00   -3.512194e-04
 370.00   3.050600e+00   3.120144e-04
 370.00   3.672481e-01   9.284148e-06
 370.00   1.628217e-01   -4.014552e-06
 370.00   1.238054e-02   -3.070932e-07
 375.00   3.036399e+00   8.524025e-05
 375.00   1.601232e-01   1.331364e-07
 375.01   3.041234e+00   4.686878e-04
 375.00   9.841540e-02   -1.351367e-09
 375.00   2.915606e-02   5.161517e-10
 375.00   5.093338e-01   -1.354742e-05
 375.00   2.229169e-01   -1.435164e-06
 375.00   1.702505e+00   -2.069733e-02
 375.00   3.054290e+00   -3.284611e-04
 375.00   3.036689e+00   2.919001e-04
 375.00   3.351473e-01   8.457798e-06
 375.00   1.486325e-01   -3.663776e-06
 375.00   1.099122e-02   -2.727295e-07
 380.00   3.041938e+00   8.256586e-05
 380.00   1.478387e-01   1.048312e-07
 380.00   2.713747e+00   -2.101124e-04
 380.00   9.336929e-02   -1.010611e-09
 380.00   2.694054e-02   4.142476e-10
 380.00   8.993622e-02   -2.509476e-07
 380.00   3.599617e-02   -3.629450e-09
 380.00   1.419230e+00   -1.935204e-02
 380.00   3.047352e+00   -3.074482e-04
 380.00   3.015705e+00   2.733207e-04
 380.00   3.061197e-01   7.713219e-06
 380.00   1.358265e-01   -3.347447e-06
 380.00   9.772763e-03   -2.425808e-07
 385.00   3.045339e+00   7.997840e-05
 385.00   1.366295e-01   8.284443e-08
 385.01   4.995944e-01   -1.827542e-04
 385.00   8.864185e-02   -7.391938e-10
 385.00   2.491073e-02   3.307174e-10
 385.00   1.616923e-02   -6.041294e-09
 385.00   3.260227e-03   7.360221e-11
 385.00   2.561033e+00   -1.811313e-02
 385.00   3.032204e+00   -2.880263e-04
 385.00   2.989089e+00   2.561414e-04
 385.00   2.798596e-01   7.041712e-06
 385.00   1.242562e-01   -3.061831e-06
 385.00   8.702309e-03   -2.160848e-07
 390.00   3.046770e+00   7.747348e-05
 390.00   1.264033e-01   6.557139e-08
 389.99   2.631303e+00   -5.331436e-04
 390.00   8.420930e-02   -5.235537e-10
 390.00   2.301389e-02   2.525317e-10
 390.00   2.593135e-01   1.885594e-06
 390.00   1.221101e-01   3.234752e-07
 390.00   3.029859e+00   -1.696404e-02
 390.00   3.010515e+00   -2.700568e-04
 390.00   2.957969e+00   2.402407e-04
 390.00   2.560896e-01   6.435534e-06
 390.00   1.137909e-01   -2.803634e-06
 390.00   7.760344e-03   -1.927612e-07
 395.00   3.046388e+00   7.504702e-05
 395.00   1.170578e-01   5.214292e-08
 395.01   2.849261e+00   -4.702736e-04
 395.00   8.004989e-02   -3.529538e-10
 395.00   2.131509e-02   2.009416e-10
 395.00   9.356958e-02   -2.574723e-07
 395.00   4.134024e-02   -8.467121e-09
 395.00   1.884820e+00   -1.589967e-02
 395.00   2.983588e+00   -2.534144e-04
 395.00   2.923237e+00   2.255090e-04
 395.00   2.345590e-01   5.887793e-06
 395.00   1.043145e-01   -2.569945e-06
 395.00   6.930172e-03   -1.721985e-07
 400.00   3.044335e+00   7.269520e-05
 400.00   1.085042e-01   4.146746e-08
 399.99   2.714277e+00   7.583181e-04
 400.00   7.614373e-02   -2.184759e-10
 400.00   1.997665e-02   8.373906e-09
 399.99   3.205299e-02   -2.154725e-08
 399.99   1.282331e-02   6.035503e-11
 400.00   3.011250e+00   -1.492807e-02
 400.00   2.952455e+00   -2.379860e-04
 400.00   2.885603e+00   2.118473e-04
 400.00   2.150422e-01   5.392357e-06
 400.00   9.572429e-02   -2.358189e-06
 400.00   6.197387e-03   -1.540418e-07
 405.00   3.040744e+00   7.041444e-05
 405.00   9.982044e-02   2.653129e-09
 405.01   3.042460e+00   -4.452835e-06
 405.00   7.247256e-02   -1.131903e-10
 405.00   1.832248e-02   1.255398e-10
 405.01   2.763340e-02   4.206747e-11
 405.01   1.478779e-02   8.640865e-10
 405.00   1.325462e+00   -1.402314e-02
 405.00   2.917932e+00   -2.236696e-04
 405.00   2.845631e+00   1.991661e-04
 405.00   1.973361e-01   4.943768e-06
 405.00   8.792892e-02   -2.166086e-06
 405.00   5.549605e-03   -1.379858e-07
 410.00   3.035736e+00   6.820144e-05
 410.00   9.347953e-02   2.649725e-08
 409.99   2.754886e+00   1.969767e-04
 410.00   6.901967e-02   -3.137276e-11
 410.00   1.701671e-02   1.004056e-10
 410.01   1.122595e-01   -3.899097e-07
 410.01   5.363978e-02   -2.393840e-08
 410.00   2.506839e+00   -1.317492e-02
 410.00   2.880672e+00   -2.103725e-04
 410.00   2.803773e+00   1.873843e-04
 410.00   1.812591e-01   4.537172e-06
 410.00   8.084726e-02   -1.991617e-06
 410.00   4.976036e-03   -1.237650e-07
 415.00   3.029424e+00   6.605310e-05
 415.00   8.688984e-02   2.124190e-08
 415.01   6.172628e-01   -4.552351e-05
 415.00   6.576968e-02   3.153542e-11
 415.00   1.580974e-02   7.922303e-11
 415.00   3.488495e-02   -2.339862e-08
 415.00   1.628861e-02   -4.019315e-10
 415.00   2.950967e+00   -1.239630e-02
 415.00   2.841198e+00   -1.980109e-04
 415.00   2.760388e+00   1.764283e-04
 415.00   1.666481e-01   4.168248e-06
 415.00   7.440716e-02   -1.832988e-06
 415.00   4.467531e-03   -1.111532e-07
 420.00   3.021910e+00   6.396651e-05
 420.00   8.083716e-02   1.711678e-08
 419.99   2.279530e+00   -1.482440e-04
 420.00   6.270850e-02   7.944104e-11
 420.00   1.471078e-02   6.380772e-11
 420.00   6.634342e-03   -9.136288e-10
 420.00   2.210046e-03   1.333294e-11
 420.00   3.029314e+00   -1.167169e-02
 420.00   2.799929e+00   -1.865086e-04
 420.00   2.715764e+00   1.662315e-04
 420.00   1.533573e-01   3.833150e-06
 420.00   6.854437e-02   -1.688602e-06
 420.00   4.016034e-03   -9.995177e-08
 425.00   3.013291e+00   6.193899e-05
 425.00   7.527200e-02   1.380088e-08
 425.01   3.045266e+00   -3.656092e-04
 425.00   5.982313e-02   1.151742e-10
 425.00   1.369911e-02   5.145048e-11
 425.00   2.395766e-02   1.113285e-06
 425.00   3.558296e-03   1.432280e-07
 425.00   3.035004e+00   -1.099683e-02
 425.00   2.757201e+00   -1.757964e-04
 425.00   2.670129e+00   1.567332e-04
 425.00   1.412561e-01   3.528454e-06
 425.00   6.320163e-02   -1.557042e-06
 425.00   3.614607e-03   -8.998933e-08
 430.00   3.003654e+00   5.996803e-05
 430.00   7.014571e-02   1.117031e-08
 429.99   3.045857e+00   3.016034e-04
 430.00   5.710161e-02   1.412015e-10
 430.00   1.276305e-02   4.115776e-11
 430.00   3.376360e-02   -1.950095e-08
 430.00   1.706113e-02   -6.656997e-10
 430.00   3.006926e+00   -1.036781e-02
 430.00   2.713281e+00   -1.658112e-04
 430.00   2.623667e+00   1.478781e-04
 430.00   1.302276e-01   3.251110e-06
 430.00   5.832794e-02   -1.437044e-06
 430.00   3.257154e-03   -8.111603e-08
 435.00   2.993080e+00   5.805130e-05
 435.00   6.542556e-02   9.051766e-09
 435.01   3.052886e+00   3.668206e-05
 435.00   5.453293e-02   1.595650e-10
 435.00   1.190439e-02   3.333334e-11
 435.00   1.360270e-02   -2.801900e-09
 435.00   6.776134e-03   -4.967849e-12
 435.00   2.832579e+00   -9.781068e-03
 435.00   2.668387e+00   -1.564955e-04
 435.00   2.576522e+00   1.396160e-04
 435.00   1.201674e-01   2.998398e-06
 435.00   5.387762e-02   -1.327479e-06
 435.00   2.938580e-03   -7.320506e-08
 440.00   2.981644e+00   5.618661e-05
 440.00   6.106934e-02   7.363009e-09
 439.99   2.558382e+00   7.139119e-05
 440.00   5.210690e-02   1.718400e-10
 440.00   1.112663e-02   5.787599e-10
 439.99   1.948363e-02   3.164797e-11
 439.99   1.045690e-02   3.269073e-10
 440.00   2.084614e+00   -9.233265e-03
 440.00   2.622689e+00   -1.477969e-04
 440.00   2.528811e+00   1.319011e-04
 440.00   1.109818e-01   2.767893e-06
 440.00   4.980998e-02   -1.227341e-06
 440.00   2.654209e-03   -6.614138e-08
 445.00   2.969415e+00   5.437194e-05
 445.00   5.704979e-02   5.993217e-09
 445.00   2.056113e+00   -1.136892e-06
 445.00   4.981414e-02   1.791106e-10
 445.00   1.037979e-02   2.187185e-11
 444.99   3.415097e-02   -1.835176e-08
 444.99   1.838728e-02   -1.052021e-09
 445.00   1.955349e+00   -8.729978e-03
 445.00   2.576326e+00   -1.396675e-04
 445.00   2.480627e+00   1.246916e-04
 445.00   1.025868e-01   2.557429e-06
 445.00   4.608852e-02   -1.135728e-06
 445.00   2.400046e-03   -5.982619e-08
 450.00   2.956457e+00   5.260541e-05
 450.00   5.321668e-02   7.215659e-10
 449.99   4.625732e-01   -1.674353e-05
 450.00   4.764597e-02   1.826773e-10
 450.00   9.704247e-03   1.778081e-11
 450.01   1.428008e-02   -2.627572e-09
 450.01   7.831493e-03   -5.183499e-11
 450.00   2.991300e+00   -8.251501e-03
 450.00   2.529408e+00   -1.320632e-04
 450.00   2.432045e+00   1.179491e-04
 450.00   9.490739e-02   2.365069e-06
 450.00   4.268056e-02   -1.051834e-06
 450.00   2.172622e-03   -5.417369e-08
 455.00   2.942829e+00   5.088526e-05
 455.00   4.989322e-02   4.003133e-09
 455.00   1.881907e+00   -9.053290e-05
 455.00   4.559437e-02   1.833051e-10
 455.00   9.078575e-03   1.445016e-11
 455.00   2.546457e-03   -1.255482e-10
 455.00   1.194683e-03   2.187755e-12
 455.00   2.767660e+00   -7.803610e-03
 455.00   2.482026e+00   -1.249439e-04
 455.00   2.383129e+00   1.116387e-04
 455.00   8.787602e-02   2.189082e-06
 455.00   3.955682e-02   -9.749377e-07
 455.00   1.968821e-03   -4.910712e-08
 460.00   2.928586e+00   4.920985e-05
 460.00   4.671512e-02   3.281597e-09
 459.99   3.052929e+00   -3.734932e-04
 460.00   4.365191e-02   1.817846e-10
 460.00   8.500553e-03   1.193377e-11
 460.00   5.294230e-02   -5.218692e-08
 460.00   2.991259e-02   -5.629758e-09
 460.00   1.852341e+00   -7.391258e-03
 460.00   2.434252e+00   -1.182725e-04
 460.00   2.333933e+00   1.057284e-04
 460.00   8.143218e-02   2.027918e-06
 460.00   3.669096e-02   -9.043889e-07
 460.00   1.786060e-03   -4.456225e-08
 465.00   2.913778e+00   4.757768e-05
 465.00   4.376807e-02   2.698539e-09
 465.00   3.053579e+00   2.946651e-04
 465.00   4.181170e-02   1.783426e-10
 465.00   7.964957e-03   9.677563e-12
 465.00   1.317678e-02   -1.917992e-09
 465.00   7.695206e-03   -6.672109e-11
 465.00   3.042818e+00   -6.998438e-03
 465.00   2.386147e+00   -1.120151e-04
 465.00   2.284503e+00   1.001889e-04
 465.00   7.552148e-02   1.880188e-06
 465.00   3.405942e-02   -8.396065e-07
 465.00   1.621924e-03   -4.047931e-08
 470.00   2.898451e+00   4.598732e-05
 470.00   4.103891e-02   2.222344e-09
 469.99   2.538434e+00   1.149614e-04
 470.00   4.006735e-02   1.737493e-10
 470.00   7.467860e-03   7.978463e-12
 470.00   5.900335e-03   -3.992226e-10
 470.00   3.590181e-03   -1.525233e-12
 470.00   9.630511e-01   -6.629104e-03
 470.00   2.337764e+00   -1.061403e-04
 470.00   2.234883e+00   9.499307e-05
 470.00   7.009502e-02   1.744644e-06
 470.00   3.164084e-02   -7.800651e-07
 470.00   1.474345e-03   -3.680703e-08
 475.00   2.882650e+00   4.443748e-05
 475.00   3.850300e-02   1.834639e-09
 475.00   1.970915e+00   3.112039e-05
 475.00   3.841295e-02   1.681562e-10
 475.00   7.007018e-03   6.537495e-12
 475.00   1.990488e-02   5.190686e-10
 475.00   1.129506e-02   4.214098e-10
 475.00   3.034040e+00   -6.290391e-03
 475.00   2.289147e+00   -1.006195e-04
 475.00   2.185117e+00   9.011636e-05
 475.00   6.510878e-02   1.620166e-06
 475.00   2.941617e-02   -7.252950e-07
 475.00   1.341542e-03   -3.350161e-08
 480.00   2.866414e+00   4.292692e-05
 480.00   3.615138e-02   1.517170e-09
 479.99   1.335246e+00   5.069401e-05
 480.00   3.684299e-02   1.619913e-10
 480.00   6.580019e-03   4.418522e-11
 479.99   1.211050e-02   -1.405348e-09
 479.99   7.460423e-03   -7.480511e-11
 480.00   9.259975e-01   -5.964798e-03
 480.00   2.240340e+00   -9.542612e-05
 480.00   2.135245e+00   8.553603e-05
 480.00   6.052312e-02   1.505748e-06
 480.00   2.736804e-02   -6.748692e-07
 480.00   1.221899e-03   -3.052278e-08
 485.00   2.849781e+00   4.145453e-05
 485.00   3.396275e-02   1.257526e-09
 485.00   1.298693e-01   -8.241471e-08
 485.00   3.535235e-02   1.553122e-10
 485.00   6.181141e-03   4.407763e-12
 484.99   6.111562e-03   -3.472060e-10
 484.99   3.951934e-03   -7.067410e-12
 485.00   3.045146e+00   -5.666142e-03
 485.00   2.191384e+00   -9.053566e-05
 485.00   2.085312e+00   8.123119e-05
 485.00   5.630232e-02   1.400484e-06
 485.00   2.548097e-02   -6.284058e-07
 485.00   1.113954e-03   -2.783472e-08
 490.00   2.832784e+00   4.001923e-05
 490.00   3.192996e-02   1.043998e-09
 489.98   1.643730e+00   -5.411493e-05
 490.00   3.393628e-02   1.484262e-10
 490.00   5.811204e-03   3.728743e-12
 490.01   9.856950e-04   -1.350248e-11
 490.01   4.890840e-04   2.937630e-13
 490.00   1.696894e+00   -5.384118e-03
 490.00   2.142320e+00   -8.592567e-05
 490.00   2.035363e+00   7.718265e-05
 490.00   5.241411e-02   1.303558e-06
 490.00   2.374082e-02   -5.855575e-07
 490.00   1.016507e-03   -2.540739e-08
 495.00   2.815458e+00   3.862005e-05
 495.00   3.002374e-02   4.623992e-10
 495.00   2.796775e+00   5.601776e-05
 495.00   3.259035e-02   1.413017e-10
 495.00   5.466765e-03   3.092784e-12
 495.01   1.288008e-02   -1.437720e-09
 495.01   8.250589e-03   -1.225045e-10
 495.00   2.868865e+00   -5.114399e-03
 495.00   2.093189e+00   -8.157551e-05
 495.00   1.985447e+00   7.337274e-05
 495.00   4.882937e-02   1.214232e-06
 495.00   2.213492e-02   -5.460123e-07
 495.00   9.284242e-04   -2.321284e-08
 500.00   2.797830e+00   3.725607e-05
 500.00   2.826982e-02   7.236316e-10
 500.02   2.393219e+00   8.343223e-05
 500.00   3.131044e-02   1.344124e-10
 500.00   5.146048e-03   2.601854e-12
 500.00   5.462861e-03   -2.353894e-10
 500.00   3.732144e-03   -8.166827e-12
 500.00   2.859941e+00   -4.865066e-03
 500.00   2.044035e+00   -7.746626e-05
 500.00   1.935616e+00   6.978520e-05
 500.00   4.552176e-02   1.131842e-06
 500.00   2.065172e-02   -5.094861e-07
 500.00   8.487378e-04   -2.122656e-08
 505.00   2.779930e+00   3.592644e-05
 505.00   2.662735e-02   6.043365e-10
 505.00   1.764032e+00   1.271404e-05
 505.00   3.009271e-02   1.275300e-10
 505.00   4.847076e-03   2.096243e-12
 505.00   2.607313e-03   -6.340132e-11
 505.00   1.949933e-03   -2.970894e-13
 505.00   1.192853e+00   -4.625168e-03
 505.00   1.994904e+00   -7.358060e-05
 505.00   1.885926e+00   6.640503e-05
 505.00   4.246746e-02   1.055788e-06
 505.00   1.928082e-02   -4.757224e-07
 505.00   7.765849e-04   -1.942774e-08
 510.00   2.761782e+00   3.463037e-05
 510.00   2.509288e-02   5.054330e-10
 510.01   1.217958e+00   3.304451e-05
 510.00   2.893355e-02   1.205846e-10
 510.00   4.568145e-03   1.798425e-12
 510.00   7.528103e-03   6.190444e-08
 510.00   1.042427e-03   5.957082e-08
 510.00   2.977771e+00   -4.404326e-03
 510.00   1.945847e+00   -6.990279e-05
 510.00   1.836433e+00   6.321844e-05
 510.00   3.964490e-02   9.855261e-07
 510.00   1.801277e-02   -4.444898e-07
 510.00   7.111504e-04   -1.779596e-08
 515.00   2.743413e+00   3.336711e-05
 515.00   2.366291e-02   4.235833e-10
 515.00   7.431205e-01   3.057864e-07
 515.00   2.782964e-02   1.141720e-10
 515.00   4.307824e-03   1.603402e-12
 515.00   4.744300e-03   -1.518518e-10
 515.00   3.401749e-03   -7.464128e-12
 515.00   2.848795e+00   -4.195632e-03
 515.00   1.896914e+00   -6.641857e-05
 515.00   1.787199e+00   6.021267e-05
 515.00   3.703450e-02   9.205636e-07
 515.00   1.683896e-02   -4.155755e-07
 515.00   6.518157e-04   -1.631579e-08
 520.00   2.724843e+00   3.213597e-05
 520.00   2.232499e-02   3.556023e-10
 520.01   3.422189e-02   -8.497229e-07
 520.00   2.677784e-02   1.077014e-10
 520.00   4.064719e-03   4.017742e-12
 520.00   2.710442e-03   -5.361440e-11
 520.00   2.097225e-03   -1.227682e-12
 520.00   4.246916e-02   -3.993472e-03
 520.00   1.848162e+00   -6.311505e-05
 520.00   1.738285e+00   5.737599e-05
 520.00   3.461849e-02   8.604551e-07
 520.00   1.575160e-02   -3.887889e-07
 520.00   5.979082e-04   -1.497102e-08
 525.00   2.706094e+00   3.093628e-05
 525.00   2.107660e-02   2.990349e-10
 525.00   1.651049e+00   -5.425001e-05
 525.00   2.577523e-02   1.015815e-10
 525.00   3.837346e-03   1.001680e-12
 524.99   8.249857e-04   2.306456e-13
 524.99   2.390431e-05   1.022197e-14
 525.00   2.782784e+00   -3.808908e-03
 525.00   1.799647e+00   -5.998069e-05
 525.00   1.689757e+00   5.469753e-05
 525.00   3.238080e-02   8.047955e-07
 525.00   1.474363e-02   -3.639553e-07
 525.00   5.489006e-04   -1.374771e-08
 530.00   2.687186e+00   2.976744e-05
 530.00   1.990703e-02   2.518379e-10
 530.01   2.509059e+00   1.009828e-05
 530.00   2.481908e-02   9.582649e-11
 530.00   3.624771e-03   9.857650e-13
 529.99   4.348773e-03   -1.090598e-10
 529.99   3.236315e-03   -7.557370e-12
 530.00   3.041464e+00   -3.633363e-03
 530.00   1.751429e+00   -5.700518e-05
 530.00   1.641679e+00   5.216727e-05
 530.00   3.030679e-02   7.532182e-07
 530.00   1.380859e-02   -3.409167e-07
 530.00   5.043101e-04   -1.263458e-08
 535.00   2.668137e+00   2.862887e-05
 535.00   1.881431e-02   2.123572e-10
 535.00   1.523056e+00   7.311907e-06
 535.00   2.390682e-02   9.010036e-11
 535.00   3.425797e-03   7.789021e-13
 535.01   2.374301e-03   -3.486532e-11
 535.01   1.924945e-03   -1.112127e-12
 535.00   2.565963e+00   -3.467409e-03
 535.00   1.703568e+00   -5.417937e-05
 535.00   1.594115e+00   4.977591e-05
 535.00   2.838305e-02   7.053877e-07
 535.00   1.294058e-02   -3.195278e-07
 535.00   4.636918e-04   -1.162035e-08
 540.00   2.648964e+00   2.752001e-05
 540.00   1.778826e-02   1.436855e-10
 540.01   1.044116e+00   2.404996e-05
 540.00   2.303607e-02   8.478639e-11
 540.00   3.239472e-03   6.069974e-13
 540.00   1.160359e-03   -1.108976e-11
 540.00   1.082060e-03   -9.229499e-14
 540.00   8.020736e-01   -3.306480e-03
 540.00   1.656127e+00   -5.149513e-05
 540.00   1.547128e+00   4.751485e-05
 540.00   2.659754e-02   6.610015e-07
 540.00   1.213429e-02   -2.996575e-07
 540.00   4.267094e-04   -1.069661e-08
 545.00   2.629685e+00   2.644035e-05
 545.00   1.682878e-02   1.518792e-10
 545.00   7.926361e-01   9.245930e-06
 545.00   2.220458e-02   7.973269e-11
 545.00   3.064878e-03   5.639089e-13
 545.00   5.817962e-03   -1.745683e-10
 545.00   4.320977e-03   -2.229250e-11
 545.00   2.719158e+00   -3.158826e-03
 545.00   1.609167e+00   -4.894526e-05
 545.00   1.500780e+00   4.537609e-05
 545.00   2.493913e-02   6.197815e-07
 545.00   1.138483e-02   -2.811858e-07
 545.00   3.929882e-04   -9.854081e-09
 550.00   2.610313e+00   2.538938e-05
 550.00   1.592985e-02   1.287102e-10
 550.01   3.436190e-01   -2.631513e-06
 550.00   2.141025e-02   7.495719e-11
 550.00   2.901163e-03   4.534740e-13
 550.00   1.990565e-03   -2.103486e-11
 550.00   1.692744e-03   -9.693720e-13
 550.00   3.043894e+00   -3.018369e-03
 550.00   1.562748e+00   -4.652337e-05
 550.00   1.455130e+00   4.335219e-05
 550.00   2.339778e-02   5.814768e-07
 550.00   1.068770e-02   -2.640026e-07
 550.00   3.621536e-04   -9.083563e-09
 555.00   2.590863e+00   2.436664e-05
 555.00   1.508505e-02   1.092999e-10
 554.99   1.322102e-01   -1.860423e-06
 555.00   2.065110e-02   7.042623e-11
 555.00   2.747572e-03   3.683759e-13
 555.00   1.236717e-03   -9.415130e-12
 555.00   1.159220e-03   -2.033088e-13
 555.00   2.913075e+00   -2.885327e-03
 555.00   1.516929e+00   -4.422375e-05
 555.00   1.410233e+00   4.143623e-05
 555.00   2.196424e-02   5.458558e-07
 555.00   1.003889e-02   -2.480084e-07
 555.00   3.339684e-04   -8.379303e-09
 560.00   2.571349e+00   2.337165e-05
 560.00   1.429344e-02   9.290254e-11
 560.01   2.215221e+00   -1.002570e-04
 560.00   1.992529e-02   6.612568e-11
 560.00   2.603396e-03   5.782187e-13
 560.00   1.379828e-03   7.551586e-13
 560.00   6.096349e-04   1.277461e-13
 560.00   2.237404e+00   -2.759215e-03
 560.00   1.471768e+00   -4.204125e-05
 560.00   1.366141e+00   3.962173e-05
 560.00   2.063018e-02   5.127102e-07
 560.00   9.434637e-03   -2.331113e-07
 560.00   3.082412e-04   -7.735667e-09
 565.00   2.551783e+00   2.240399e-05
 565.00   1.354861e-02   7.911703e-11
 564.99   1.383048e+00   6.817419e-06
 565.00   1.923107e-02   6.214348e-11
 565.00   2.467962e-03   2.216715e-13
 565.00   1.688595e-03   -1.313366e-11
 565.00   1.497525e-03   -7.041299e-13
 565.00   9.506187e-01   -2.636634e-03
 565.00   1.427319e+00   -3.997114e-05
 565.00   1.322902e+00   3.790264e-05
 565.00   1.938783e-02   4.818468e-07
 565.00   8.871524e-03   -2.192270e-07
 565.00   2.846795e-04   -7.146395e-09
 570.00   2.532177e+00   2.146322e-05
 570.00   1.284990e-02   6.736629e-11
 570.01   8.313789e-01   1.658129e-05
 570.00   1.856680e-02   5.835738e-11
 570.00   2.340694e-03   2.636509e-13
 569.99   1.072410e-03   -5.993595e-12
 569.99   1.047682e-03   -2.280644e-13
 570.00   2.560483e+00   -2.523828e-03
 570.00   1.383632e+00   -3.800904e-05
 570.00   1.280557e+00   3.627331e-05
 570.00   1.823022e-02   4.530907e-07
 570.00   8.346442e-03   -2.062788e-07
 570.00   2.630861e-04   -6.606489e-09
 575.00   2.512542e+00   2.054893e-05
 575.00   1.219176e-02   5.760004e-11
 574.99   5.737411e-01   5.124550e-06
 575.00   1.793095e-02   5.478123e-11
 575.00   2.221013e-03   1.739885e-13
 575.01   5.113875e-04   -2.011659e-12
 575.01   6.061185e-04   -8.409506e-15
 575.00   2.964507e+00   -2.416349e-03
 575.00   1.340754e+00   -3.615079e-05
 575.00   1.239145e+00   3.472842e-05
 575.00   1.715086e-02   4.262807e-07
 575.00   7.856548e-03   -1.941971e-07
 575.00   2.433056e-04   -6.111517e-09
 580.00   2.492889e+00   1.966070e-05
 580.00   1.157370e-02   4.926413e-11
 580.01   4.057806e-01   7.802118e-07
 580.00   1.732207e-02   5.143747e-11
 580.00   2.108422e-03   1.318812e-13
 580.01   1.616869e-03   -9.971198e-12
 580.01   1.457709e-03   -8.673084e-13
 580.00   3.049037e+00   -2.314305e-03
 580.00   1.298726e+00   -3.439237e-05
 580.00   1.198696e+00   3.326299e-05
 580.00   1.614394e-02   4.012713e-07
 580.00   7.399183e-03   -1.829165e-07
 580.00   2.251918e-04   -5.658202e-09
 585.00   2.473227e+00   1.879814e-05
 585.00   1.099080e-02   3.917590e-11
 584.99   2.024718e-01   -4.651186e-07
 585.00   1.673881e-02   4.821638e-11
 585.00   2.002433e-03   6.835027e-14
 585.00   8.779371e-04   -3.477575e-12
 585.00   9.026803e-04   -1.400616e-14
 585.00   2.908036e+00   -2.217382e-03
 585.00   1.257587e+00   -3.272985e-05
 585.00   1.159238e+00   3.187235e-05
 585.00   1.520389e-02   3.779245e-07
 585.00   6.971965e-03   -1.723784e-07
 585.00   2.084941e-04   -5.240369e-09
 590.00   2.453566e+00   1.796084e-05
 590.00   1.044205e-02   3.616621e-11
 590.01   2.222065e-01   -3.173085e-06
 590.00   1.617988e-02   4.528874e-11
 590.00   1.902614e-03   8.857726e-14
 590.00   5.777536e-04   -1.861660e-12
 590.00   6.649825e-04   -1.313088e-14
 590.00   2.501020e+00   -2.125276e-03
 590.00   1.217368e+00   -3.115933e-05
 590.00   1.120792e+00   3.055209e-05
 590.00   1.432590e-02   3.561197e-07
 590.00   6.572660e-03   -1.625276e-07
 590.00   1.932675e-04   -4.858750e-09
 595.00   2.433915e+00   1.714843e-05
 595.00   9.925829e-03   3.102303e-11
 594.99   1.880769e+00   3.410945e-05
 595.00   1.564407e-02   4.247315e-11
 595.00   1.808555e-03   7.711822e-14
 595.00   4.858373e-04   3.434230e-08
 595.00   4.516311e-04   9.392028e-09
 595.00   1.352160e+00   -2.037354e-03
 595.00   1.178097e+00   -2.967691e-05
 595.00   1.083374e+00   2.929810e-05
 595.00   1.350532e-02   3.357418e-07
 595.00   6.199247e-03   -1.533148e-07
 595.00   1.791884e-04   -4.506120e-09
 600.00   2.414282e+00   1.636050e-05
 600.00   9.438307e-03   2.668620e-11
 600.01   6.637315e-01   1.168288e-05
 600.00   1.513025e-02   3.980202e-11
 600.00   1.719884e-03   1.181417e-13
 600.00   7.135068e-04   -2.054132e-12
 600.00   7.719268e-04   6.151796e-14
 600.00   1.464302e+00   -1.952396e-03
 600.00   1.139797e+00   -2.827868e-05
 600.00   1.046996e+00   2.810651e-05
 600.00   1.273805e-02   3.166877e-07
 600.00   5.849856e-03   -1.446933e-07
 600.00   1.662848e-04   -4.182693e-09
 605.00   2.394675e+00   1.559667e-05
 605.00   8.979305e-03   2.292403e-11
 604.99   4.468337e-01   3.538741e-06
 605.00   1.463734e-02   3.737011e-11
 605.00   1.636242e-03   1.446208e-13
 605.00   4.988318e-04   -1.159562e-12
 605.00   5.964599e-04   -3.297384e-14
 605.00   2.463099e+00   -1.873385e-03
 605.00   1.102486e+00   -2.696070e-05
 605.00   1.011663e+00   2.697367e-05
 605.00   1.202008e-02   2.988589e-07
 605.00   5.522776e-03   -1.366216e-07
 605.00   1.543696e-04   -3.883975e-09
 610.00   2.375101e+00   1.485656e-05
 610.00   8.545396e-03   1.979474e-11
 610.00   3.003729e-01   2.605789e-07
 610.00   1.416434e-02   3.520590e-11
 610.00   1.557309e-03   8.172423e-14
 609.99   2.227877e-04   -3.792990e-13
 609.99   3.321034e-04   2.020660e-14
 610.00   2.838674e+00   -1.798069e-03
 610.00   1.066175e+00   -2.571903e-05
 610.00   9.773780e-01   2.589618e-05
 610.00   1.134799e-02   2.821693e-07
 610.00   5.216404e-03   -1.290600e-07
 610.00   1.433839e-04   -3.608878e-09
 615.00   2.355568e+00   1.413977e-05
 615.00   8.136473e-03   1.709182e-11
 614.99   2.257666e-01   4.734728e-08
 615.00   1.371027e-02   3.305705e-11
 615.00   1.482785e-03   3.513780e-14
 614.99   6.052760e-04   -1.257111e-12
 614.99   6.798740e-04   -1.049377e-13
 615.00   3.007910e+00   -1.726349e-03
 615.00   1.030875e+00   -2.454972e-05
 615.00   9.441386e-01   2.487084e-05
 615.00   1.071851e-02   2.665379e-07
 615.00   4.929274e-03   -1.219727e-07
 615.00   1.332607e-04   -3.354941e-09
 620.00   2.336081e+00   1.344591e-05
 620.00   7.749530e-03   1.472041e-11
 620.00   9.710040e-02   -8.415765e-08
 620.00   1.327426e-02   3.117020e-11
 620.00   1.412389e-03   1.653929e-14
 620.01   4.027466e-04   -7.554978e-13
 620.01   5.093029e-04   -9.499552e-14
 620.00   3.052101e+00   -1.658031e-03
 620.00   9.965874e-01   -2.344886e-05
 620.00   9.119389e-01   2.389466e-05
 620.00   1.012861e-02   2.518893e-07
 620.00   4.660024e-03   -1.153260e-07
 620.00   1.239853e-04   -3.122074e-09
 625.00   2.316648e+00   1.277460e-05
 625.00   7.384534e-03   1.269492e-11
 624.99   3.878678e-01   -8.388285e-06
 625.00   1.285542e-02   2.922510e-11
 625.00   1.345864e-03   1.075019e-14
 625.00   2.763535e-04   -3.575710e-13
 625.00   3.940379e-04   -5.181207e-14
 625.00   2.996957e+00   -1.592928e-03
 625.00   9.633136e-01   -2.241259e-05
 625.00   8.807695e-01   2.296483e-05
 625.00   9.575478e-03   2.381538e-07
 625.00   4.407461e-03   -1.090904e-07
 625.00   1.153372e-04   -2.905324e-09
 630.00   2.297274e+00   1.212544e-05
 630.00   7.038834e-03   1.068083e-11
 630.00   6.107848e-01   1.152669e-05
 630.00   1.245297e-02   2.740454e-11
 630.00   1.282970e-03   4.805596e-14
 630.00   6.934421e-04   -1.371053e-12
 630.00   7.453860e-04   -1.105781e-13
 630.00   2.846321e+00   -1.530867e-03
 630.00   9.310494e-01   -2.143710e-05
 630.00   8.506180e-01   2.207872e-05
 630.00   9.056548e-03   2.252675e-07
 630.00   4.170399e-03   -1.032369e-07
 630.00   1.074723e-04   -2.707709e-09
 635.00   2.277965e+00   1.149803e-05
 635.00   6.711891e-03   9.573979e-12
 634.99   3.307173e-01   1.822743e-06
 635.00   1.206614e-02   2.570303e-11
 635.00   1.223483e-03   6.678371e-14
 635.00   3.195091e-04   -4.493092e-13
 635.00   4.294473e-04   -8.390511e-14
 635.00   2.579651e+00   -1.471679e-03
 635.00   8.997877e-01   -2.051869e-05
 635.00   8.214693e-01   2.123388e-05
 635.00   8.569528e-03   2.131733e-07
 635.00   3.947767e-03   -9.773923e-08
 635.00   1.000477e-04   -2.521594e-09
 640.00   2.258727e+00   1.089197e-05
 640.00   6.403074e-03   8.314248e-12
 640.00   2.397384e-01   5.060765e-07
 640.00   1.169421e-02   2.412841e-11
 640.00   1.167184e-03   4.424044e-14
 640.00   2.393555e-04   -1.677540e-13
 640.00   3.534502e-04   -9.634329e-15
 640.00   2.109568e+00   -1.415189e-03
 640.00   8.695184e-01   -1.965378e-05
 640.00   7.933062e-01   2.042802e-05
 640.00   8.112186e-03   2.018156e-07
 640.00   3.738618e-03   -9.257364e-08
 640.00   9.332156e-05   -2.352743e-09
 645.00   2.239563e+00   1.030685e-05
 645.00   6.110191e-03   7.126169e-12
 644.98   1.862597e-01   1.866454e-07
 645.00   1.133649e-02   2.275208e-11
 645.00   1.113885e-03   3.743392e-14
 645.00   1.337718e-04   -6.021897e-14
 645.00   1.381979e-04   3.241385e-14
 645.00   1.071186e+00   -1.360818e-03
 645.00   8.402287e-01   -1.883891e-05
 645.00   7.661092e-01   1.965897e-05
 645.00   7.682540e-03   1.911454e-07
 645.00   3.542045e-03   -8.771787e-08
 645.00   8.702971e-05   -2.194915e-09
 650.00   2.220479e+00   9.742284e-06
 650.00   5.833319e-03   6.301332e-12
 650.00   1.280692e-01   -7.574320e-09
 650.00   1.099234e-02   2.132851e-11
 650.00   1.063410e-03   9.903395e-14
 650.00   2.562011e-04   -3.203904e-13
 650.00   3.646018e-04   -8.672967e-15
 650.00   8.623438e-01   -1.308241e-03
 650.00   8.119032e-01   -1.807077e-05
 650.00   7.398574e-01   1.892473e-05
 650.00   7.278673e-03   1.811152e-07
 650.00   3.357127e-03   -8.315020e-08
 650.00   8.116893e-05   -2.047630e-09
 655.00   2.201480e+00   9.197846e-06
 655.00   5.570517e-03   5.541923e-12
 654.98   3.544970e-02   -7.471957e-09
 655.00   1.066115e-02   2.008312e-11
 655.00   1.015579e-03   2.081961e-14
 654.99   1.922467e-04   -1.115883e-13
 654.99   3.012605e-04   -2.112329e-14
 655.00   1.953586e+00   -1.259477e-03
 655.00   7.845247e-01   -1.734623e-05
 655.00   7.145283e-01   1.822341e-05
 655.00   6.898875e-03   1.716826e-07
 655.00   3.183184e-03   -7.885242e-08
 655.00   7.586071e-05   -1.913667e-09
 660.00   2.182570e+00   8.673128e-06
 660.00   5.321858e-03   4.718830e-12
 660.00   1.897976e+00   6.977245e-06
 660.00   1.034233e-02   1.890558e-11
 660.00   9.702434e-04   -2.209300e-14
 660.01   1.372220e-04   -6.961554e-14
 660.01   2.397388e-04   -8.778785e-14
 660.00   2.430205e+00   -1.212616e-03
 660.00   7.580743e-01   -1.666232e-05
 660.00   6.900986e-01   1.755326e-05
 660.00   6.541568e-03   1.628078e-07
 660.00   3.019443e-03   -7.480666e-08
 660.00   7.089723e-05   -1.789739e-09
 665.00   2.163752e+00   8.167712e-06
 665.00   5.085648e-03   4.099359e-12
 665.02   2.586649e-01   1.146247e-06
 665.00   1.003534e-02   1.782824e-11
 665.00   9.272546e-04   8.830523e-14
 665.01   2.227613e-04   -2.060344e-13
 665.01   3.257900e-04   3.214779e-14
 665.00   2.697699e+00   -1.167809e-03
 665.00   7.325314e-01   -1.601622e-05
 665.00   6.665439e-01   1.691261e-05
 665.00   6.205216e-03   1.544535e-07
 665.00   2.865249e-03   -7.099645e-08
 665.00   6.612429e-05   -1.669338e-09
 670.00   2.145031e+00   7.681182e-06
 670.00   4.861983e-03   3.688022e-12
 670.00   1.758872e-01   2.705594e-07
 670.00   9.739647e-03   1.675923e-11
 670.00   8.864659e-04   -1.752157e-14
 670.00   1.509522e-04   -6.716958e-14
 670.00   2.529873e-04   6.936574e-14
 670.00   2.864842e+00   -1.124971e-03
 670.00   7.078744e-01   -1.540531e-05
 670.00   6.438394e-01   1.629994e-05
 670.00   5.888480e-03   1.465855e-07
 670.00   2.719983e-03   -6.740607e-08
 670.00   6.196068e-05   -1.564475e-09
 675.00   2.126410e+00   7.213114e-06
 675.00   4.649333e-03   3.157091e-12
 675.01   1.354513e-01   8.131141e-08
 675.00   9.454762e-03   1.576870e-11
 675.00   8.477634e-04   1.092772e-13
 675.00   1.201899e-04   -9.211924e-15
 675.00   2.168902e-04   3.669959e-14
 675.00   2.969479e+00   -1.084002e-03
 675.00   6.840806e-01   -1.482714e-05
 675.00   6.219596e-01   1.571379e-05
 675.00   5.590079e-03   1.391728e-07
 675.00   2.583062e-03   -6.402177e-08
 675.00   5.793599e-05   -1.463311e-09
 680.00   2.107892e+00   6.763086e-06
 680.00   4.447458e-03   2.719989e-12
 680.00   1.076339e-01   2.888263e-08
 680.00   9.180213e-03   1.485382e-11
 680.00   8.110099e-04   -2.997234e-14
 680.00   9.435557e-05   1.482323e-09
 680.00   2.039613e-04   4.260543e-10
 680.00   3.028882e+00   -1.044810e-03
 680.00   6.611270e-01   -1.427941e-05
 680.00   6.008791e-01   1.515279e-05
 680.00   5.308797e-03   1.321853e-07
 680.00   2.453948e-03   -6.082994e-08
 680.00   5.421165e-05   -1.369709e-09
 685.00   2.089481e+00   6.330673e-06
 685.00   4.256082e-03   2.462139e-12
 685.01   7.342141e-02   -5.254450e-09
 685.00   8.915553e-03   1.386870e-11
 685.00   7.761047e-04   2.237360e-15
 685.00   1.186138e-04   1.496654e-14
 685.00   2.124956e-04   -3.491857e-14
 685.00   3.052447e+00   -1.007305e-03
 685.00   6.389895e-01   -1.376001e-05
 685.00   5.805723e-01   1.461568e-05
 685.00   5.043605e-03   1.255968e-07
 685.00   2.332172e-03   -5.781927e-08
 685.00   5.069401e-05   -1.281513e-09
 690.00   2.071179e+00   5.915448e-06
 690.00   4.073922e-03   2.115770e-12
 690.00   1.275097e-02   -4.690993e-09
 690.00   8.660363e-03   1.312309e-11
 690.00   7.429444e-04   -1.871951e-14
 690.00   9.703726e-05   2.747596e-14
 690.00   1.852065e-04   1.074780e-14
 690.00   3.045800e+00   -9.714033e-04
 690.00   6.176440e-01   -1.326697e-05
 690.00   5.610136e-01   1.410125e-05
 690.00   4.793459e-03   1.193815e-07
 690.00   2.217258e-03   -5.497776e-08
 690.00   4.766719e-05   -1.205202e-09
 695.00   2.052990e+00   5.516984e-06
 695.00   3.901105e-03   1.927602e-12
 695.01   2.614965e-01   1.610048e-06
 695.00   8.414233e-03   1.238151e-11
 695.00   7.114241e-04   3.028231e-14
 694.99   7.403670e-05   -5.567920e-14
 694.99   1.483973e-04   -1.193369e-13
 695.00   3.012355e+00   -9.370252e-04
 695.00   5.970662e-01   -1.279848e-05
 695.00   5.421777e-01   1.360838e-05
 695.00   4.557372e-03   1.135151e-07
 695.00   2.108727e-03   -5.229387e-08
 695.00   4.456416e-05   -1.127142e-09
 700.00   2.034915e+00   5.134853e-06
 700.00   3.736488e-03   1.655879e-12
 700.00   1.299389e-01   1.376589e-07
 700.00   8.176784e-03   1.170329e-11
 700.00   6.814535e-04   5.230961e-14
 699.99   9.555960e-05   -3.174175e-14
 699.99   1.812067e-04   -1.028799e-15
 700.00   2.953929e+00   -9.040960e-04
 700.00   5.772318e-01   -1.235285e-05
 700.00   5.240395e-01   1.313601e-05
 700.00   4.334407e-03   1.079746e-07
 700.00   2.006225e-03   -4.975873e-08
 700.00   4.176895e-05   -1.056691e-09
 720.00   1.963814e+00   3.761123e-06
 720.00   3.154672e-03   1.093395e-12
 719.99   4.165342e-02   -2.122213e-09
 720.00   7.306739e-03   9.182254e-12
 720.00   5.754143e-04   1.566434e-14
 720.00   6.128398e-05   6.283266e-14
 720.00   1.309223e-04   2.967776e-14
 720.00   2.446143e+00   -7.855077e-04
 720.00   5.048457e-01   -1.076994e-05
 720.00   4.579772e-01   1.143238e-05
 720.00   3.559108e-03   8.870534e-08
 720.00   1.649405e-03   -4.093135e-08
 720.00   3.245109e-05   -8.217408e-10
 740.00   1.894719e+00   2.614749e-06
 740.00   2.675871e-03   6.549169e-13
 739.99   5.851517e-02   8.769917e-09
 740.00   6.549368e-03   7.320984e-12
 740.00   4.881394e-04   6.907279e-14
 739.99   4.440701e-05   -5.976014e-15
 739.99   9.958008e-05   -2.441721e-14
 740.00   7.427178e-01   -6.845614e-04
 740.00   4.424662e-01   -9.449565e-06
 740.00   4.011966e-01   9.986290e-06
 740.00   2.938152e-03   7.326722e-08
 740.00   1.363236e-03   -3.384844e-08
 740.00   2.535105e-05   -6.426921e-10
 760.00   1.827729e+00   1.669258e-06
 760.00   2.279757e-03   4.335759e-13
 759.99   1.360243e-01   3.090714e-07
 760.00   5.887606e-03   5.869595e-12
 760.00   4.159253e-04   4.594372e-14
 760.00   3.457181e-05   1.285398e-14
 760.00   7.698216e-05   -4.919893e-15
 760.00   1.881026e+00   -5.990874e-04
 760.00   3.887075e-01   -8.333741e-06
 760.00   3.523561e-01   8.753426e-06
 760.00   2.437940e-03   6.082653e-08
 760.00   1.132379e-03   -2.813188e-08
 760.00   1.991145e-05   -5.057035e-10
 780.00   1.762911e+00   8.993155e-07
 780.00   1.950267e-03   2.568047e-13
 779.99   3.076517e-02   9.308748e-10
 780.00   5.307336e-03   4.742203e-12
 780.00   3.558742e-04   2.085766e-14
 779.99   2.865480e-05   -2.183366e-14
 779.99   5.906873e-05   -9.972166e-15
 780.00   2.571851e+00   -5.262411e-04
 780.00   3.423345e-01   -7.380701e-06
 780.00   3.102829e-01   7.698080e-06
 780.00   2.032683e-03   5.074304e-08
 780.00   9.451298e-04   -2.349255e-08
 780.00   1.576575e-05   -4.005952e-10
 800.00   1.700303e+00   2.811269e-07
 800.00   1.675137e-03   1.264585e-13
 799.99   3.038649e-02   1.703529e-09
 800.00   4.796810e-03   3.907270e-12
 800.00   3.056972e-04   4.570129e-15
 800.00   2.321138e-05   1.147592e-13
 800.00   5.360154e-05   -1.136613e-13
 800.00   2.852665e+00   -4.637528e-04
 800.00   3.022695e-01   -6.559783e-06
 800.00   2.739672e-01   6.791256e-06
 800.00   1.702593e-03   4.252650e-08
 800.00   7.924046e-04   -1.970731e-08
 800.00   1.262317e-05   -3.210769e-10
 820.00   1.639927e+00   -2.072735e-07
 820.00   1.444254e-03   1.294143e-13
 819.98   1.526312e-02   -1.556758e-12
 820.00   4.346199e-03   3.087372e-12
 820.00   2.635812e-04   -4.652008e-14
 820.00   2.024751e-05   -9.936865e-14
 820.00   4.041006e-05   7.355846e-14
 820.00   2.986959e+00   -4.099577e-04
 820.00   2.675852e-01   -5.847932e-06
 820.00   2.425490e-01   6.009246e-06
 820.00   1.432292e-03   3.579577e-08
 820.00   6.672123e-04   -1.660264e-08
 820.00   1.009602e-05   -2.570703e-10
 840.00   1.581779e+00   -5.858372e-07
 840.00   1.249654e-03   4.429606e-14
 840.01   1.640412e-02   1.991929e-10
 840.00   3.947276e-03   2.571931e-12
 840.00   2.280893e-04   2.693137e-14
 840.00   1.772538e-05   -7.005377e-14
 840.00   3.236970e-05   1.288143e-13
 840.00   3.043836e+00   -3.634783e-04
 840.00   2.374908e-01   -5.227365e-06
 840.00   2.152996e-01   5.332557e-06
 840.00   1.209930e-03   3.025603e-08
 840.00   5.641225e-04   -1.404518e-08
 840.00   8.138511e-06   -2.077038e-10
 860.00   1.525845e+00   -8.724174e-07
 860.00   1.084906e-03   9.121284e-15
 860.01   1.910036e-02   6.679824e-10
 860.00   3.593072e-03   1.997496e-12
 860.00   1.980465e-04   -6.178001e-14
 860.00   1.558081e-05   2.018307e-14
 860.00   2.625284e-05   -8.978061e-15
 860.00   3.053589e+00   -3.231802e-04
 860.00   2.113151e-01   -4.684033e-06
 860.00   1.916043e-01   4.745080e-06
 860.00   1.026237e-03   2.567744e-08
 860.00   4.788099e-04   -1.192778e-08
 860.00   6.602630e-06   -1.685737e-10
 880.00   1.472094e+00   -1.082771e-06
 880.00   9.450089e-04   -5.111254e-15
 880.01   9.704820e-03   3.320144e-11
 880.00   3.277718e-03   1.615740e-12
 880.00   1.725217e-04   -4.105060e-14
 880.00   1.373606e-05   1.361177e-13
 880.00   2.142904e-05   -4.616511e-14
 880.00   3.032839e+00   -2.881254e-04
 880.00   1.884900e-01   -4.206610e-06
 880.00   1.709445e-01   4.233447e-06
 880.00   8.736951e-04   2.187349e-08
 880.00   4.079696e-04   -1.016875e-08
 880.00   5.461251e-06   -1.396526e-10
 900.00   1.420485e+00   -1.230628e-06
 900.00   8.257191e-04   6.022233e-14
 900.01   8.595396e-03   3.340869e-11
 900.00   2.996210e-03   1.382245e-12
 900.00   1.507525e-04   -1.936190e-14
 900.00   1.221116e-05   -1.173617e-13
 900.00   1.743046e-05   5.929144e-14
 900.00   2.991738e+00   -2.575353e-04
 900.00   1.685355e-01   -3.785804e-06
 900.00   1.528833e-01   3.786516e-06
 900.00   7.464485e-04   1.869925e-08
 900.00   3.487931e-04   -8.698603e-09
 900.00   4.418996e-06   -1.131855e-10
 920.00   1.370969e+00   -1.327817e-06
 920.00   7.236300e-04   6.467407e-14
 920.01   5.622794e-03   2.923143e-12
 920.00   2.744276e-03   1.056278e-12
 920.00   1.321295e-04   1.181252e-13
 920.01   1.055303e-05   -1.514956e-15
 920.01   1.475284e-05   4.123275e-14
 920.00   2.936834e+00   -2.307604e-04
 920.00   1.510457e-01   -3.413890e-06
 920.00   1.370522e-01   3.394971e-06
 920.00   6.399999e-04   1.604191e-08
 920.00   2.992156e-04   -7.466144e-09
 920.00   3.589736e-06   -9.221513e-11
 940.00   1.323490e+00   -1.384412e-06
 940.00   6.359669e-04   4.195862e-14
 940.01   5.258576e-03   6.016336e-12
 940.00   2.518277e-03   1.021532e-12
 940.00   1.161266e-04   1.905735e-14
 940.00   9.330741e-06   -4.476985e-14
 940.00   1.221382e-05   9.400141e-14
 940.00   2.872481e+00   -2.072571e-04
 940.00   1.356770e-01   -3.084379e-06
 940.00   1.231396e-01   3.050986e-06
 940.00   5.504382e-04   1.380549e-08
 940.00   2.575956e-04   -6.431225e-09
 940.00   3.059956e-06   -7.858837e-11
 960.00   1.277986e+00   -1.408910e-06
 960.00   5.604158e-04   -8.673596e-14
 960.00   4.767317e-03   6.894228e-12
 960.00   2.315061e-03   8.354364e-13
 960.00   1.023423e-04   8.456549e-14
 960.01   8.228683e-06   -1.347414e-14
 960.01   1.019462e-05   2.680592e-14
 960.00   2.801617e+00   -1.865684e-04
 960.00   1.221383e-01   -2.791774e-06
 960.00   1.108819e-01   2.747971e-06
 960.00   4.750099e-04   1.192080e-08
 960.00   2.224411e-04   -5.556413e-09
 960.00   2.538034e-06   -6.489798e-11
 980.00   1.234391e+00   -1.408408e-06
 980.00   4.951618e-04   -4.610971e-14
 980.00   3.383880e-03   1.411920e-12
 980.00   2.131933e-03   6.185338e-13
 980.00   9.042910e-05   2.297208e-14
 980.00   7.255237e-06   2.791333e-14
 980.00   8.551607e-06   -2.252343e-14
 980.00   2.726234e+00   -1.683089e-04
 980.00   1.101825e-01   -2.531388e-06
 980.00   1.000555e-01   2.480354e-06
 980.00   4.110977e-04   1.032342e-08
 980.00   1.926091e-04   -4.814035e-09
 980.00   2.085690e-06   -5.372272e-11
 1000.00   1.192638e+00   -1.388777e-06
 1000.00   4.386028e-04   -7.326605e-15
 1000.00   2.861169e-03   9.628221e-13
 1000.00   1.966564e-03   6.490819e-13
 1000.00   8.010558e-05   7.384805e-14
 1000.01   6.395855e-06   -2.281649e-14
 1000.01   7.204605e-06   -1.944462e-14
 1000.00   2.647683e+00   -1.521523e-04
 1000.00   9.959934e-02   -2.299208e-06
 1000.00   9.047028e-02   2.243412e-06
 1000.00   3.569011e-04   8.967623e-09
 1000.00   1.672990e-04   -4.183919e-09
 1000.00   1.745600e-06   -4.448675e-11
 1040.00   1.114379e+00   -1.310483e-06
 1040.00   3.465776e-04   1.325947e-13
 1039.99   1.897982e-03   2.163794e-13
 1040.00   1.681225e-03   3.549500e-13
 1040.00   6.330644e-05   1.170919e-13
 1039.99   4.975300e-06   1.280654e-13
 1039.99   5.185113e-06   -6.474498e-14
 1040.00   2.484450e+00   -1.250798e-04
 1040.00   8.185949e-02   -1.906115e-06
 1040.00   7.439813e-02   1.846059e-06
 1040.00   2.710780e-04   6.819798e-09
 1040.00   1.272854e-04   -3.186427e-09
 1040.00   1.261124e-06   -3.228789e-11
 1080.00   1.042650e+00   -1.202536e-06
 1080.00   2.763125e-04   -1.201404e-14
 1079.99   1.293884e-03   3.910013e-14
 1080.00   1.445813e-03   3.442191e-13
 1080.00   5.047184e-05   -5.695899e-14
 1079.99   3.877719e-06   -2.618337e-14
 1079.99   3.769343e-06   5.323454e-14
 1080.00   2.316298e+00   -1.035862e-04
 1080.00   6.777231e-02   -1.590103e-06
 1080.00   6.162953e-02   1.530274e-06
 1080.00   2.080812e-04   5.241470e-09
 1080.00   9.774663e-05   -2.450138e-09
 1080.00   9.502602e-07   -2.451052e-11
 1120.00   9.769014e-01   -1.083094e-06
 1120.00   2.221177e-04   -1.167643e-13
 1119.99   8.999215e-04   -6.217769e-14
 1120.00   1.250187e-03   9.166019e-14
 1120.00   4.057671e-05   -6.393996e-14
 1119.99   3.036032e-06   -1.914625e-14
 1119.99   2.779786e-06   1.373743e-13
 1120.00   2.145550e+00   -8.637528e-05
 1120.00   5.649214e-02   -1.334305e-06
 1120.00   5.140039e-02   1.277182e-06
 1120.00   1.612449e-04   4.067199e-09
 1120.00   7.580259e-05   -1.902354e-09
 1120.00   7.837293e-07   -2.016489e-11
 1160.00   9.166084e-01   -9.632056e-07
 1160.00   1.799315e-04   1.319604e-13
 1160.02   6.324499e-04   -8.027433e-15
 1160.00   1.086565e-03   1.365379e-13
 1160.00   3.288079e-05   1.038273e-13
 1160.00   2.379366e-06   -1.895540e-13
 1160.00   2.079392e-06   -3.500726e-14
 1160.00   1.974008e+00   -7.248356e-05
 1160.00   4.738893e-02   -1.125898e-06
 1160.00   4.314141e-02   1.072734e-06
 1160.00   1.260756e-04   3.183608e-09
 1160.00   5.936447e-05   -1.491287e-09
 1160.00   4.115249e-07   -1.061617e-11
 1200.00   8.612772e-01   -8.491880e-07
 1200.00   1.468044e-04   1.478030e-13
 1200.01   4.520823e-04   -2.917783e-14
 1200.00   9.488455e-04   1.208389e-13
 1200.00   2.681707e-05   -8.864816e-14
 1200.00   1.886289e-06   7.362242e-14
 1200.00   1.569813e-06   -2.056385e-14
 1200.00   1.803676e+00   -6.118761e-05
 1200.00   3.998862e-02   -9.550501e-07
 1200.00   3.642423e-02   9.063638e-07
 1200.00   9.935872e-05   2.512563e-09
 1200.00   4.679856e-05   -1.177101e-09
 1200.00   3.980160e-07   -1.018853e-11
 1240.00   8.104506e-01   -7.442978e-07
 1240.00   1.205637e-04   -8.223955e-14
 1240.01   3.270380e-04   -1.570945e-13
 1240.00   8.322661e-04   -1.387866e-14
 1240.00   2.203823e-05   1.373697e-13
 1240.00   1.492635e-06   3.399635e-14
 1240.00   1.201485e-06   -8.456224e-14
 1240.00   1.636934e+00   -5.193861e-05
 1240.00   3.393135e-02   -8.141678e-07
 1240.00   3.092353e-02   7.700465e-07
 1240.00   7.901622e-05   1.999948e-09
 1240.00   3.734402e-05   -9.396397e-10
 1240.00   3.679733e-07   -9.446779e-12
 1280.00   7.637089e-01   -6.498775e-07
 1280.00   9.964467e-05   -5.088681e-14
 1280.00   2.396111e-04   -4.691776e-15
 1280.00   7.330511e-04   -1.449355e-13
 1280.00   1.820990e-05   -1.802920e-14
 1280.00   1.186026e-06   -1.261561e-13
 1280.00   9.165790e-07   4.692579e-14
 1280.00   1.476354e+00   -4.431635e-05
 1280.00   2.894150e-02   -6.973463e-07
 1280.00   2.638999e-02   6.576330e-07
 1280.00   6.316283e-05   1.601026e-09
 1280.00   2.997002e-05   -7.543218e-10
 1280.00   2.654188e-07   -6.913719e-12
 1320.00   7.206697e-01   -5.661180e-07
 1320.00   8.283703e-05   -7.685313e-14
 1320.00   1.753244e-04   -1.197737e-11
 1320.00   6.481962e-04   -1.651955e-14
 1320.00   1.513892e-05   -2.152315e-14
 1320.00   9.514968e-07   -3.647354e-14
 1320.00   7.145393e-07   -4.706825e-14
 1320.00   1.324349e+00   -3.799638e-05
 1320.00   2.480610e-02   -5.999605e-07
 1320.00   2.263105e-02   5.643721e-07
 1320.00   5.097018e-05   1.293520e-09
 1320.00   2.400688e-05   -6.055221e-10
 1320.00   3.449319e-07   -8.576627e-12
 1360.00   6.809863e-01   -4.925568e-07
 1360.00   6.924989e-05   -3.225534e-14
 1360.00   1.301266e-04   3.930049e-14
 1360.00   5.752747e-04   1.125649e-13
 1360.00   1.265149e-05   -7.243251e-14
 1360.00   7.667373e-07   -9.173543e-15
 1360.00   5.593729e-07   -3.315566e-14
 1360.00   1.182847e+00   -3.272627e-05
 1360.00   2.135928e-02   -5.183647e-07
 1360.00   1.949660e-02   4.865601e-07
 1360.00   4.121418e-05   1.046912e-09
 1360.00   1.946619e-05   -4.915820e-10
 1360.00   3.643747e-08   -1.087166e-12
 1400.00   6.443457e-01   -4.283923e-07
 1400.00   5.819046e-05   -6.518321e-14
 1399.99   9.804446e-05   -5.359797e-14
 1400.00   5.123166e-04   1.490072e-13
 1400.00   1.063791e-05   7.573185e-14
 1400.00   6.241069e-07   1.109397e-13
 1400.00   4.455872e-07   -1.187136e-14
 1400.00   1.053091e+00   -2.830818e-05
 1400.00   1.847109e-02   -4.496703e-07
 1400.00   1.686896e-02   4.212909e-07
 1400.00   3.357472e-05   8.543566e-10
 1400.00   1.593839e-05   -4.032419e-10
 1400.00   3.571228e-07   -8.750572e-12
 1440.00   6.104658e-01   -3.726805e-07
 1440.00   4.914596e-05   1.122084e-13
 1439.99   7.435844e-05   3.384099e-14
 1440.00   4.577447e-04   4.346675e-14
 1440.00   8.991077e-06   1.685220e-13
 1440.00   4.990977e-07   -1.206236e-13
 1440.00   3.544982e-07   -1.586684e-13
 1440.00   9.356130e-01   -2.458593e-05
 1440.00   1.603873e-02   -3.915721e-07
 1440.00   1.465502e-02   3.662655e-07
 1440.00   2.764996e-05   7.037479e-10
 1440.00   1.311231e-05   -3.317589e-10
 1440.00   2.512633e-07   -6.211281e-12
 1480.00   5.790929e-01   -3.244502e-07
 1480.00   4.169433e-05   1.062377e-13
 1479.98   5.688059e-05   -1.248459e-15
 1480.00   4.102453e-04   6.385875e-14
 1480.00   7.615704e-06   -6.243465e-14
 1480.00   4.108286e-07   -1.310963e-14
 1480.00   2.799346e-07   1.073997e-13
 1480.00   8.303299e-01   -2.143525e-05
 1480.00   1.398047e-02   -3.422196e-07
 1480.00   1.278079e-02   3.196561e-07
 1480.00   2.274622e-05   5.803659e-10
 1480.00   1.096659e-05   -2.777145e-10
 1480.00   9.254759e-08   -2.388385e-12
 1520.00   5.499991e-01   -2.827689e-07
 1520.00   3.552373e-05   1.973790e-15
 1520.01   4.315875e-05   -6.457302e-14
 1520.00   3.687522e-04   1.120300e-13
 1520.00   6.490198e-06   1.675277e-14
 1520.00   3.376935e-07   3.679132e-14
 1520.00   2.199710e-07   1.064974e-13
 1520.00   7.367013e-01   -1.875659e-05
 1520.00   1.223091e-02   -3.001222e-07
 1520.00   1.118697e-02   2.799967e-07
 1520.00   1.889656e-05   4.828276e-10
 1520.00   8.948103e-06   -2.273857e-10
 1520.00   8.982568e-08   -2.231685e-12
 1560.00   5.229796e-01   -2.467767e-07
 1560.00   3.038507e-05   -2.552681e-13
 1560.01   3.363686e-05   -7.092092e-14
 1560.00   3.323695e-04   6.769888e-14
 1560.00   5.560399e-06   5.108869e-15
 1560.00   2.761972e-07   -3.775094e-14
 1560.00   1.841836e-07   -9.131346e-14
 1560.00   6.538959e-01   -1.646967e-05
 1560.00   1.073743e-02   -2.640713e-07
 1560.00   9.825858e-03   2.461077e-07
 1560.00   1.564856e-05   4.000422e-10
 1560.00   7.592147e-06   -1.927319e-10
 1560.00   9.684187e-08   -2.419324e-12
 1600.00   4.978503e-01   -2.157015e-07
 1600.00   2.610593e-05   -3.380044e-14
 1600.01   2.622815e-05   -1.592910e-15
 1600.00   3.003658e-04   -4.329122e-14
 1600.00   4.777272e-06   1.188785e-13
 1600.01   2.314435e-07   5.369262e-14
 1600.01   1.487137e-07   9.505634e-15
 1600.00   5.809315e-01   -1.450937e-05
 1600.00   9.457335e-03   -2.330804e-07
 1600.00   8.658709e-03   2.170312e-07
 1600.00   1.307976e-05   3.349456e-10
 1600.00   6.349778e-06   -1.606895e-10
 1600.00   3.056465e-07   -7.509142e-12
 1640.00   4.744459e-01   -1.888606e-07
 1640.00   2.250959e-05   -6.781262e-14
 1640.00   2.056254e-05   -6.851420e-14
 1640.00   2.721362e-04   1.324852e-13
 1640.00   4.108851e-06   -1.616695e-13
 1640.01   1.907483e-07   2.426260e-14
 1640.01   1.238267e-07   -2.120244e-14
 1640.00   5.167794e-01   -1.282260e-05
 1640.00   8.355916e-03   -2.063427e-07
 1640.00   7.654067e-03   1.919884e-07
 1640.00   1.101372e-05   2.822933e-10
 1640.00   5.280348e-06   -1.339599e-10
 1640.00   4.276637e-07   -1.049846e-11
 1680.00   4.526177e-01   -1.656591e-07
 1680.00   1.948163e-05   8.639010e-14
 1680.00   1.623295e-05   4.042610e-14
 1680.00   2.471280e-04   4.582391e-14
 1680.00   3.556947e-06   -5.812408e-14
 1680.01   1.554998e-07   -5.726366e-14
 1680.01   9.857084e-08   -4.748914e-15
 1680.00   4.604337e-01   -1.136587e-05
 1680.00   7.404787e-03   -1.831954e-07
 1680.00   6.786139e-03   1.703410e-07
 1680.00   9.200360e-06   2.362382e-10
 1680.00   4.614091e-06   -1.169843e-10
 1680.00   3.340378e-07   -8.243101e-12
 1720.00   4.322318e-01   -1.455810e-07
 1720.00   1.690951e-05   -1.772317e-13
 1719.99   1.282384e-05   2.542378e-14
 1720.00   2.249313e-04   1.245185e-14
 1720.00   3.090131e-06   -6.784504e-15
 1719.99   1.276852e-07   -1.283434e-13
 1719.99   8.505893e-08   -6.038236e-14
 1720.00   4.109514e-01   -1.010340e-05
 1720.00   6.580494e-03   -1.630886e-07
 1720.00   6.033675e-03   1.515620e-07
 1720.00   7.754213e-06   1.998670e-10
 1720.00   3.606245e-06   -9.241540e-11
 1720.00   2.573525e-07   -6.328143e-12
 1760.00   4.131676e-01   -1.281830e-07
 1760.00   1.472732e-05   -1.491644e-13
 1759.99   1.022687e-05   7.944817e-15
 1760.00   2.051733e-04   -3.670989e-14
 1760.00   2.687906e-06   -1.521635e-13
 1759.99   1.138802e-07   5.639293e-14
 1759.99   6.855952e-08   -4.273502e-14
 1760.00   3.674743e-01   -9.005619e-06
 1760.00   5.863831e-03   -1.455693e-07
 1760.00   5.379167e-03   1.352187e-07
 1760.00   6.617289e-06   1.701677e-10
 1760.00   3.378386e-06   -8.575717e-11
 1760.00   3.537138e-07   -8.635718e-12
 1800.00   3.953163e-01   -1.130846e-07
 1800.00   1.287558e-05   2.668709e-14
 1799.98   8.191772e-06   -5.892194e-14
 1800.00   1.875342e-04   -8.992579e-14
 1800.00   2.354411e-06   5.173184e-14
 1799.99   9.205058e-08   1.706784e-14
 1799.99   5.712123e-08   5.535579e-14
 1800.00   3.292353e-01   -8.047986e-06
 1800.00   5.238753e-03   -1.302574e-07
 1800.00   4.808050e-03   1.209493e-07
 1800.00   5.580168e-06   1.439642e-10
 1800.00   2.754107e-06   -7.023543e-11
 1800.00   1.697640e-07   -4.097852e-12
 1840.00   3.785797e-01   -9.996055e-08
 1840.00   1.128232e-05   -4.750811e-14
 1840.01   6.589695e-06   -4.340701e-14
 1840.00   1.717647e-04   6.693127e-14
 1840.00   2.068068e-06   6.476894e-14
 1840.00   8.954508e-08   1.770828e-13
 1840.00   5.315777e-08   -6.552517e-14
 1840.00   2.955577e-01   -7.210051e-06
 1840.00   4.691831e-03   -1.168348e-07
 1840.00   4.308154e-03   1.084520e-07
 1840.00   4.788640e-06   1.231688e-10
 1840.00   2.299991e-06   -5.909432e-11
 1840.00   1.309295e-07   -3.123275e-12
 1880.00   3.628689e-01   -8.853237e-08
 1880.00   9.910534e-06   -1.653659e-13
 1880.01   5.325984e-06   -1.657964e-13
 1880.00   1.576094e-04   -5.930803e-15
 1880.00   1.821359e-06   1.482610e-13
 1880.00   7.394532e-08   1.314117e-13
 1880.00   3.652158e-08   6.904254e-14
 1880.00   2.658503e-01   -6.474708e-06
 1880.00   4.211942e-03   -1.050367e-07
 1880.00   3.869411e-03   9.747678e-08
 1880.00   4.083471e-06   1.058275e-10
 1880.00   2.078485e-06   -5.316932e-11
 1880.00   6.421975e-09   -2.391949e-13
 1920.00   3.481035e-01   -7.856349e-08
 1920.00   8.745194e-06   7.667890e-14
 1920.01   4.319473e-06   -6.764186e-14
 1920.00   1.448810e-04   1.550301e-15
 1920.00   1.597371e-06   -3.260651e-14
 1920.00   5.418817e-08   -4.537874e-14
 1920.00   3.377987e-08   4.949264e-14
 1920.00   2.395989e-01   -5.827587e-06
 1920.00   3.789708e-03   -9.463831e-08
 1920.00   3.483180e-03   8.781024e-08
 1920.00   3.478215e-06   9.013446e-11
 1920.00   1.889893e-06   -4.866288e-11
 1920.00   7.457666e-08   -1.827070e-12
 1960.00   3.342106e-01   -6.985141e-08
 1960.00   7.732310e-06   1.813612e-13
 1960.00   3.528275e-06   1.226178e-14
 1960.00   1.334202e-04   6.839798e-14
 1960.00   1.402806e-06   -2.263095e-13
 1960.00   4.573179e-08   -5.010196e-14
 1960.00   2.488028e-08   7.593676e-14
 1960.00   2.163579e-01   -5.256576e-06
 1960.00   3.417274e-03   -8.545123e-08
 1960.00   3.142329e-03   7.927399e-08
 1960.00   2.796737e-06   7.285030e-11
 1960.00   1.553771e-06   -4.013977e-11
 1960.00   7.907977e-08   -2.026182e-12
 2000.00   3.211239e-01   -6.222356e-08
 2000.00   6.848899e-06   7.260392e-14
 2000.00   2.877823e-06   -6.609839e-14
 2000.00   1.230524e-04   -1.637994e-13
 2000.00   1.252707e-06   2.165401e-14
 2000.00   3.720745e-08   -6.610814e-14
 2000.00   2.258904e-08   2.254739e-14
 2000.00   1.957425e-01   -4.751428e-06
 2000.00   3.087782e-03   -7.731167e-08
 2000.00   2.840690e-03   7.171612e-08
 2000.00   2.482522e-06   6.500805e-11
 2000.00   9.789832e-07   -2.599639e-11
 2000.00   1.739301e-08   -4.422281e-13
